Command line: /usr/libexec/spades/spades.py	--only-assembler	--rna	-k	127	-1	/home/bofosu/rna_seq_analysis/TESTS/SRR5660045_1.fastq	-2	/home/bofosu/rna_seq_analysis/TESTS/SRR5660045_2.fastq	-o	/home/bofosu/rna_seq_analysis/OUTPUTS/SPADES/SRR5660045	

System information:
  SPAdes version: 3.15.5
  Python version: 3.12.3
  OS: Linux-6.8.0-90-generic-x86_64-with-glibc2.39

Output dir: /home/bofosu/rna_seq_analysis/OUTPUTS/SPADES/SRR5660045
Debug mode is turned OFF

Dataset parameters:
  RNA-seq mode
  Reads:
    Library number: 1, library type: paired-end
      orientation: fr
      left reads: ['/home/bofosu/rna_seq_analysis/TESTS/SRR5660045_1.fastq']
      right reads: ['/home/bofosu/rna_seq_analysis/TESTS/SRR5660045_2.fastq']
      interlaced reads: not specified
      single reads: not specified
      merged reads: not specified
Assembly parameters:
  k: [127]
  Repeat resolution is enabled
  Mismatch careful mode is turned OFF
  MismatchCorrector will be SKIPPED
  Coverage cutoff is turned OFF
Other parameters:
  Dir for temp files: /home/bofosu/rna_seq_analysis/OUTPUTS/SPADES/SRR5660045/tmp
  Threads: 16
  Memory limit (in Gb): 250


======= SPAdes pipeline started. Log can be found here: /home/bofosu/rna_seq_analysis/OUTPUTS/SPADES/SRR5660045/spades.log


===== Before start started. 


===== Assembling started. 


===== K127 started. 


== Running: /usr/libexec/spades/spades-core /home/bofosu/rna_seq_analysis/OUTPUTS/SPADES/SRR5660045/K127/configs/config.info /home/bofosu/rna_seq_analysis/OUTPUTS/SPADES/SRR5660045/K127/configs/mda_mode.info /home/bofosu/rna_seq_analysis/OUTPUTS/SPADES/SRR5660045/K127/configs/rna_mode.info

  0:00:00.000     1M / 18M   INFO    General                 (main.cpp                  :  99)   Loaded config from /home/bofosu/rna_seq_analysis/OUTPUTS/SPADES/SRR5660045/K127/configs/config.info
  0:00:00.000     1M / 18M   INFO    General                 (main.cpp                  :  99)   Loaded config from /home/bofosu/rna_seq_analysis/OUTPUTS/SPADES/SRR5660045/K127/configs/mda_mode.info
  0:00:00.000     1M / 18M   INFO    General                 (main.cpp                  :  99)   Loaded config from /home/bofosu/rna_seq_analysis/OUTPUTS/SPADES/SRR5660045/K127/configs/rna_mode.info
  0:00:00.000     1M / 18M   INFO    General                 (memory_limit.cpp          :  54)   Memory limit set to 250 Gb
  0:00:00.000     1M / 18M   INFO    General                 (main.cpp                  : 107)   Starting SPAdes, built from N/A, git revision N/A
  0:00:00.000     1M / 18M   INFO    General                 (main.cpp                  : 108)   Maximum k-mer length: 128
  0:00:00.000     1M / 18M   INFO    General                 (main.cpp                  : 109)   Assembling dataset (/home/bofosu/rna_seq_analysis/OUTPUTS/SPADES/SRR5660045/dataset.info) with K=127
  0:00:00.000     1M / 18M   INFO    General                 (main.cpp                  : 110)   Maximum # of threads to use (adjusted due to OMP capabilities): 1
  0:00:00.000     1M / 18M   INFO    General                 (pipeline.cpp              : 212)   SPAdes started
  0:00:00.000     1M / 18M   INFO    General                 (pipeline.cpp              : 225)   Starting from stage: read_conversion
  0:00:00.000     1M / 18M   INFO    General                 (pipeline.cpp              : 231)   Two-step repeat resolution disabled
  0:00:00.000     1M / 18M   INFO   GraphCore                (graph_core.hpp            : 672)   Graph created, vertex min_id: 3, edge min_id: 3
  0:00:00.000     1M / 18M   INFO   GraphCore                (graph_core.hpp            : 673)   Vertex size: 48, edge size: 40
  0:00:00.000     1M / 18M   INFO    General                 (edge_index.hpp            : 113)   Size of edge index entries: 12/8
  0:00:00.000     1M / 18M   INFO    General                 (pipeline.cpp              : 242)   Will need read mapping, kmer mapper will be attached
  0:00:00.000     1M / 18M   INFO   StageManager             (stage.cpp                 : 185)   STAGE == Binary Read Conversion (id: read_conversion)
  0:00:00.000     1M / 18M   INFO    General                 (read_converter.cpp        :  72)   Converting reads to binary format for library #0 (takes a while)
  0:00:00.000     1M / 18M   INFO    General                 (read_converter.cpp        :  73)   Converting paired reads
  0:00:00.070    23M / 23M   INFO    General                 (binary_converter.cpp      : 111)   10000 reads written
  0:00:00.070     1M / 18M   INFO    General                 (read_converter.cpp        :  86)   Converting single reads
  0:00:00.070    11M / 18M   INFO    General                 (binary_converter.cpp      : 111)   0 reads written
  0:00:00.070     1M / 18M   INFO    General                 (read_converter.cpp        :  92)   Converting merged reads
  0:00:00.070    11M / 18M   INFO    General                 (binary_converter.cpp      : 111)   0 reads written
  0:00:00.070     1M / 18M   INFO   StageManager             (stage.cpp                 : 185)   STAGE == de Bruijn graph construction (id: construction)
  0:00:00.070     1M / 18M   INFO    General                 (construction.cpp          : 153)   Max read length 151
  0:00:00.070     1M / 18M   INFO    General                 (construction.cpp          : 159)   Average read length 147.115
  0:00:00.070     1M / 18M   INFO    General                 (stage.cpp                 : 117)   PROCEDURE == k+1-mer counting (id: construction:kpomer_counting)
  0:00:00.070     1M / 18M   INFO    General                 (kmer_index_builder.hpp    : 243)   Splitting kmer instances into 10 files using 1 threads. This might take a while.
  0:00:00.070     1M / 18M   INFO    General                 (file_limit.hpp            :  42)   Open file limit set to 1048576
  0:00:00.071     1M / 18M   INFO    General                 (kmer_splitter.hpp         :  93)   Memory available for splitting buffers: 83.3333 Gb
  0:00:00.071     1M / 18M   INFO    General                 (kmer_splitter.hpp         : 101)   Using cell size of 1677721
  0:00:00.212   601M / 601M  INFO    General                 (kmer_splitters.hpp        : 125)   Processed 40000 reads
  0:00:00.213     1M / 27M   INFO    General                 (kmer_splitters.hpp        : 131)   Used 40000 reads
  0:00:00.214     1M / 27M   INFO    General                 (kmer_index_builder.hpp    : 249)   Starting k-mer counting.
  0:00:00.229     1M / 27M   INFO    General                 (kmer_index_builder.hpp    : 260)   K-mer counting done. There are 281920 kmers in total.
  0:00:00.229     1M / 27M   INFO    General                 (stage.cpp                 : 117)   PROCEDURE == Extension index construction (id: construction:extension_index_construction)
  0:00:00.229     1M / 27M   INFO   K-mer Index Building     (kmer_index_builder.hpp    : 438)   Building kmer index
  0:00:00.229     1M / 27M   INFO    General                 (kmer_index_builder.hpp    : 243)   Splitting kmer instances into 10 files using 1 threads. This might take a while.
  0:00:00.229     1M / 27M   INFO    General                 (file_limit.hpp            :  42)   Open file limit set to 1048576
  0:00:00.229     1M / 27M   INFO    General                 (kmer_splitter.hpp         :  93)   Memory available for splitting buffers: 83.3333 Gb
  0:00:00.229     1M / 27M   INFO    General                 (kmer_splitter.hpp         : 101)   Using cell size of 1677721
  0:00:00.405   601M / 601M  INFO    General                 (kmer_splitters.hpp        : 194)   Processed 281920 kmers
  0:00:00.405   601M / 601M  INFO    General                 (kmer_splitters.hpp        : 199)   Used 281920 kmers.
  0:00:00.405     1M / 41M   INFO    General                 (kmer_index_builder.hpp    : 249)   Starting k-mer counting.
  0:00:00.420     1M / 41M   INFO    General                 (kmer_index_builder.hpp    : 260)   K-mer counting done. There are 291882 kmers in total.
  0:00:00.420     1M / 41M   INFO   K-mer Index Building     (kmer_index_builder.hpp    : 395)   Building perfect hash indices
  0:00:00.464     1M / 41M   INFO   K-mer Index Building     (kmer_index_builder.hpp    : 431)   Index built. Total 291882 kmers, 218344 bytes occupied (5.98445 bits per kmer).
  0:00:00.464     1M / 41M   INFO    General                 (kmer_index_builder.hpp    : 169)   Merging final buckets.
  0:00:00.476     1M / 41M   INFO   DeBruijnExtensionIndexBu (kmer_extension_index_build: 100)   Building k-mer extensions from k+1-mers
  0:00:00.573     1M / 41M   INFO   DeBruijnExtensionIndexBu (kmer_extension_index_build: 105)   Building k-mer extensions from k+1-mers finished.
  0:00:00.573     1M / 41M   INFO    General                 (stage.cpp                 : 117)   PROCEDURE == Early A/T remover (id: construction:early_at_remover)
  0:00:00.573     1M / 41M   INFO   Early A/T remover        (early_simplification.hpp  : 176)   Remove short poly A/T edges
  0:00:00.660     1M / 41M   INFO   Early A/T remover        (early_simplification.hpp  : 254)   Links removed: 0
  0:00:00.660     1M / 41M   INFO   Early A/T remover        (early_simplification.hpp  : 179)   0 128-mers were removed by early poly A/T remover
  0:00:00.660     1M / 41M   INFO   Early A/T remover        (early_simplification.hpp  : 262)   Remove poly A/T tips
  0:00:00.819     1M / 41M   INFO   Early A/T remover        (early_simplification.hpp  : 331)   Clipped tips: 26
  0:00:00.819     1M / 41M   INFO   Early A/T remover        (early_simplification.hpp  : 265)   150 128-mers were removed by early poly A/T tip clipper
  0:00:00.820     1M / 41M   INFO    General                 (stage.cpp                 : 117)   PROCEDURE == Condensing graph (id: construction:graph_condensing)
  0:00:00.820     1M / 41M   INFO   UnbranchingPathExtractor (debruijn_graph_constructor: 354)   Extracting unbranching paths
  0:00:00.970     2M / 41M   INFO   UnbranchingPathExtractor (debruijn_graph_constructor: 373)   Extracting unbranching paths finished. 13437 sequences extracted
  0:00:01.065     2M / 41M   INFO   UnbranchingPathExtractor (debruijn_graph_constructor: 309)   Collecting perfect loops
  0:00:01.098     2M / 41M   INFO   UnbranchingPathExtractor (debruijn_graph_constructor: 342)   Collecting perfect loops finished. 0 loops collected
  0:00:01.099     2M / 41M   INFO    General                 (debruijn_graph_constructor: 487)   Total 26874 edges to create
  0:00:01.099     3M / 41M   INFO    General                 (debruijn_graph_constructor: 489)   Collecting link records
  0:00:01.117     4M / 41M   INFO    General                 (debruijn_graph_constructor: 491)   Ordering link records
  0:00:01.118     4M / 41M   INFO    General                 (debruijn_graph_constructor: 493)   Sorting done
  0:00:01.119     4M / 41M   INFO    General                 (debruijn_graph_constructor: 503)   Total 23399 vertices to create
  0:00:01.119     6M / 41M   INFO    General                 (debruijn_graph_constructor: 506)   Connecting the graph
  0:00:01.123     5M / 41M   INFO    General                 (stage.cpp                 : 117)   PROCEDURE == Filling coverage indices (PHM) (id: construction:coverage_filling_phm)
  0:00:01.123     5M / 41M   INFO   K-mer Index Building     (kmer_index_builder.hpp    : 395)   Building perfect hash indices
  0:00:01.165     6M / 41M   INFO   K-mer Index Building     (kmer_index_builder.hpp    : 431)   Index built. Total 281920 kmers, 211144 bytes occupied (5.9916 bits per kmer).
  0:00:01.166     7M / 41M   INFO    General                 (coverage_hash_map_builder.:  47)   Collecting k-mer coverage information from reads, this takes a while.
  0:00:01.246     7M / 41M   INFO    General                 (construction.cpp          : 430)   Filling coverage and flanking coverage from PHM
  0:00:01.351     7M / 41M   INFO    General                 (coverage_filling.hpp      :  82)   Processed 26874 edges
  0:00:01.357     5M / 41M   INFO   StageManager             (stage.cpp                 : 185)   STAGE == EC Threshold Finding (id: ec_threshold_finder)
  0:00:01.359     5M / 41M   INFO   ThresholdFinder          (ec_threshold_finder.hpp   : 119)   Bucket size: 5
  0:00:01.359     5M / 41M   INFO    General                 (genomic_info_filler.cpp   :  39)   Average edge coverage: 1.48905
  0:00:01.359     5M / 41M   INFO    General                 (genomic_info_filler.cpp   :  40)   Graph threshold: 18
  0:00:01.359     5M / 41M   INFO    General                 (genomic_info_filler.cpp   :  70)   EC coverage threshold value was calculated as 1.48905
  0:00:01.359     5M / 41M   INFO    General                 (genomic_info_filler.cpp   :  71)   Trusted kmer low bound: 0
  0:00:01.359     5M / 41M   INFO   StageManager             (stage.cpp                 : 185)   STAGE == Gap Closer (id: early_gapcloser)
  0:00:01.365    14M / 41M   INFO    General                 (edge_index.hpp            : 113)   Size of edge index entries: 12/8
  0:00:01.373    14M / 41M   INFO    General                 (gap_closer.cpp            : 101)   Total edges in tip neighborhood: 22906 out of 26874, length: 514609
  0:00:01.374    15M / 41M   INFO    General                 (edge_index.hpp            : 167)   Using small index (max_id = 27011)
  0:00:01.399    15M / 41M   INFO   K-mer Index Building     (kmer_index_builder.hpp    : 395)   Building perfect hash indices
  0:00:01.534    15M / 41M   INFO   K-mer Index Building     (kmer_index_builder.hpp    : 431)   Index built. Total 272314 kmers, 197424 bytes occupied (5.79989 bits per kmer).
  0:00:01.536    17M / 41M   INFO    General                 (edge_index_builders.hpp   : 265)   Collecting edge information from graph, this takes a while.
  0:00:01.657    17M / 41M   INFO    General                 (sequence_mapper_notifier.h:  95)   Total 10000 reads processed
  0:00:01.666    15M / 41M   INFO    General                 (gap_closer.cpp            : 452)   Initializing gap closer
  0:00:01.666    15M / 41M   INFO   GapCloser                (gap_closer.cpp            : 359)   Closing short gaps
  0:00:01.681    16M / 41M   INFO   GapCloser                (gap_closer.cpp            : 391)   Closing short gaps complete: filled 209 gaps after checking 613 candidates
  0:00:01.683    16M / 41M   INFO    General                 (gap_closer.cpp            : 456)   Gap closer done
  0:00:01.685     6M / 41M   INFO   StageManager             (stage.cpp                 : 185)   STAGE == Raw Simplification (id: raw_simplification)
  0:00:01.685     6M / 41M   INFO    General                 (simplification.cpp        : 106)   PROCEDURE == Initial cleaning
  0:00:01.685     6M / 41M   INFO   Simplification           (parallel_processing.hpp   : 167)   Running poly A/T short edge remover
  0:00:01.687     6M / 41M   INFO   Simplification           (parallel_processing.hpp   : 170)   poly A/T short edge remover triggered 0 times
  0:00:01.687     6M / 41M   INFO   Simplification           (parallel_processing.hpp   : 167)   Running poly A/T tip clipper
  0:00:01.693     6M / 41M   INFO   Simplification           (parallel_processing.hpp   : 170)   poly A/T tip clipper triggered 258 times
  0:00:01.693     6M / 41M   INFO    General                 (graph_simplification.hpp  : 703)   Removing loops and rc loops with erroneous connections
  0:00:01.699     6M / 41M   INFO   ECLoopRemover            (erroneous_connection_remov: 406)   Loops: accurately removed/deadend removed/other: 0/0/0
  0:00:01.699     6M / 41M   INFO   ECLoopRemover            (erroneous_connection_remov: 407)   RC loops: accurately removed/deadend removed/other: 0/0/0
  0:00:01.699     6M / 41M   INFO   StageManager             (stage.cpp                 : 185)   STAGE == Simplification (id: simplification)
  0:00:01.700     6M / 41M   INFO    General                 (simplification.cpp        : 368)   Graph simplification started
  0:00:01.700     6M / 41M   INFO    General                 (graph_simplification.hpp  : 634)   Creating parallel br instance
  0:00:01.700     6M / 41M   INFO   ConditionParser          (graph_simplification.hpp  : 179)   Creating relative coverage EC condition with threshold 1
  0:00:01.700     6M / 41M   INFO    General                 (simplification.cpp        : 373)   PROCEDURE == Simplification cycle, iteration 1
  0:00:01.700     6M / 41M   INFO   Simplification           (parallel_processing.hpp   : 167)   Running Tip clipper
  0:00:01.710     6M / 41M   INFO   Simplification           (parallel_processing.hpp   : 170)   Tip clipper triggered 1386 times
  0:00:01.710     6M / 41M   INFO   Simplification           (parallel_processing.hpp   : 167)   Running Dead end clipper
  0:00:01.714     6M / 41M   INFO   Simplification           (parallel_processing.hpp   : 170)   Dead end clipper triggered 163 times
  0:00:01.714     6M / 41M   INFO   Simplification           (parallel_processing.hpp   : 167)   Running Bulge remover
  0:00:01.715     6M / 41M   INFO   Simplification           (parallel_processing.hpp   : 170)   Bulge remover triggered 0 times
  0:00:01.715     6M / 41M   INFO   Simplification           (parallel_processing.hpp   : 167)   Running Tip clipper
  0:00:01.715     6M / 41M   INFO   Simplification           (parallel_processing.hpp   : 170)   Tip clipper triggered 0 times
  0:00:01.715     6M / 41M   INFO   Simplification           (parallel_processing.hpp   : 167)   Running Dead end clipper
  0:00:01.715     6M / 41M   INFO   Simplification           (parallel_processing.hpp   : 170)   Dead end clipper triggered 0 times
  0:00:01.715     6M / 41M   INFO   Simplification           (parallel_processing.hpp   : 167)   Running Bulge remover
  0:00:01.715     6M / 41M   INFO   Simplification           (parallel_processing.hpp   : 170)   Bulge remover triggered 0 times
  0:00:01.715     6M / 41M   INFO   Simplification           (parallel_processing.hpp   : 167)   Running Low coverage edge remover
  0:00:01.717     6M / 41M   INFO   ConditionParser          (graph_simplification.hpp  : 179)   Creating relative coverage EC condition with threshold 1
  0:00:01.717     6M / 41M   INFO   Simplification           (parallel_processing.hpp   : 170)   Low coverage edge remover triggered 3 times
  0:00:01.717     6M / 41M   INFO    General                 (simplification.cpp        : 373)   PROCEDURE == Simplification cycle, iteration 2
  0:00:01.717     6M / 41M   INFO   Simplification           (parallel_processing.hpp   : 167)   Running Tip clipper
  0:00:01.719     6M / 41M   INFO   Simplification           (parallel_processing.hpp   : 170)   Tip clipper triggered 9 times
  0:00:01.719     6M / 41M   INFO   Simplification           (parallel_processing.hpp   : 167)   Running Dead end clipper
  0:00:01.721     6M / 41M   INFO   Simplification           (parallel_processing.hpp   : 170)   Dead end clipper triggered 0 times
  0:00:01.721     6M / 41M   INFO   Simplification           (parallel_processing.hpp   : 167)   Running Bulge remover
  0:00:01.723     6M / 41M   INFO   Simplification           (parallel_processing.hpp   : 170)   Bulge remover triggered 0 times
  0:00:01.723     6M / 41M   INFO   Simplification           (parallel_processing.hpp   : 167)   Running Tip clipper
  0:00:01.723     6M / 41M   INFO   Simplification           (parallel_processing.hpp   : 170)   Tip clipper triggered 0 times
  0:00:01.723     6M / 41M   INFO   Simplification           (parallel_processing.hpp   : 167)   Running Dead end clipper
  0:00:01.723     6M / 41M   INFO   Simplification           (parallel_processing.hpp   : 170)   Dead end clipper triggered 0 times
  0:00:01.723     6M / 41M   INFO   Simplification           (parallel_processing.hpp   : 167)   Running Bulge remover
  0:00:01.723     6M / 41M   INFO   Simplification           (parallel_processing.hpp   : 170)   Bulge remover triggered 0 times
  0:00:01.723     6M / 41M   INFO   Simplification           (parallel_processing.hpp   : 167)   Running Low coverage edge remover
  0:00:01.724     6M / 41M   INFO   ConditionParser          (graph_simplification.hpp  : 179)   Creating relative coverage EC condition with threshold 1
  0:00:01.724     6M / 41M   INFO   Simplification           (parallel_processing.hpp   : 170)   Low coverage edge remover triggered 0 times
  0:00:01.724     6M / 41M   INFO    General                 (simplification.cpp        : 373)   PROCEDURE == Simplification cycle, iteration 3
  0:00:01.724     6M / 41M   INFO   Simplification           (parallel_processing.hpp   : 167)   Running Tip clipper
  0:00:01.726     6M / 41M   INFO   Simplification           (parallel_processing.hpp   : 170)   Tip clipper triggered 2 times
  0:00:01.726     6M / 41M   INFO   Simplification           (parallel_processing.hpp   : 167)   Running Dead end clipper
  0:00:01.728     6M / 41M   INFO   Simplification           (parallel_processing.hpp   : 170)   Dead end clipper triggered 0 times
  0:00:01.728     6M / 41M   INFO   Simplification           (parallel_processing.hpp   : 167)   Running Bulge remover
  0:00:01.730     6M / 41M   INFO   Simplification           (parallel_processing.hpp   : 170)   Bulge remover triggered 0 times
  0:00:01.730     6M / 41M   INFO   Simplification           (parallel_processing.hpp   : 167)   Running Tip clipper
  0:00:01.730     6M / 41M   INFO   Simplification           (parallel_processing.hpp   : 170)   Tip clipper triggered 0 times
  0:00:01.730     6M / 41M   INFO   Simplification           (parallel_processing.hpp   : 167)   Running Dead end clipper
  0:00:01.730     6M / 41M   INFO   Simplification           (parallel_processing.hpp   : 170)   Dead end clipper triggered 0 times
  0:00:01.730     6M / 41M   INFO   Simplification           (parallel_processing.hpp   : 167)   Running Bulge remover
  0:00:01.730     6M / 41M   INFO   Simplification           (parallel_processing.hpp   : 170)   Bulge remover triggered 0 times
  0:00:01.730     6M / 41M   INFO   Simplification           (parallel_processing.hpp   : 167)   Running Low coverage edge remover
  0:00:01.731     6M / 41M   INFO   ConditionParser          (graph_simplification.hpp  : 179)   Creating relative coverage EC condition with threshold 1
  0:00:01.731     6M / 41M   INFO   Simplification           (parallel_processing.hpp   : 170)   Low coverage edge remover triggered 0 times
  0:00:01.731     6M / 41M   INFO    General                 (simplification.cpp        : 373)   PROCEDURE == Simplification cycle, iteration 4
  0:00:01.731     6M / 41M   INFO   Simplification           (parallel_processing.hpp   : 167)   Running Tip clipper
  0:00:01.734     6M / 41M   INFO   Simplification           (parallel_processing.hpp   : 170)   Tip clipper triggered 0 times
  0:00:01.734     6M / 41M   INFO   Simplification           (parallel_processing.hpp   : 167)   Running Dead end clipper
  0:00:01.736     6M / 41M   INFO   Simplification           (parallel_processing.hpp   : 170)   Dead end clipper triggered 0 times
  0:00:01.736     6M / 41M   INFO   Simplification           (parallel_processing.hpp   : 167)   Running Bulge remover
  0:00:01.737     6M / 41M   INFO   Simplification           (parallel_processing.hpp   : 170)   Bulge remover triggered 0 times
  0:00:01.737     6M / 41M   INFO   Simplification           (parallel_processing.hpp   : 167)   Running Low coverage edge remover
  0:00:01.739     6M / 41M   INFO   ConditionParser          (graph_simplification.hpp  : 179)   Creating relative coverage EC condition with threshold 1
  0:00:01.739     6M / 41M   INFO   Simplification           (parallel_processing.hpp   : 170)   Low coverage edge remover triggered 0 times
  0:00:01.739     6M / 41M   INFO    General                 (simplification.cpp        : 373)   PROCEDURE == Simplification cycle, iteration 5
  0:00:01.739     6M / 41M   INFO   Simplification           (parallel_processing.hpp   : 167)   Running Tip clipper
  0:00:01.741     6M / 41M   INFO   Simplification           (parallel_processing.hpp   : 170)   Tip clipper triggered 0 times
  0:00:01.741     6M / 41M   INFO   Simplification           (parallel_processing.hpp   : 167)   Running Dead end clipper
  0:00:01.743     6M / 41M   INFO   Simplification           (parallel_processing.hpp   : 170)   Dead end clipper triggered 0 times
  0:00:01.743     6M / 41M   INFO   Simplification           (parallel_processing.hpp   : 167)   Running Bulge remover
  0:00:01.744     6M / 41M   INFO   Simplification           (parallel_processing.hpp   : 170)   Bulge remover triggered 0 times
  0:00:01.744     6M / 41M   INFO   Simplification           (parallel_processing.hpp   : 167)   Running Low coverage edge remover
  0:00:01.746     6M / 41M   INFO   ConditionParser          (graph_simplification.hpp  : 179)   Creating relative coverage EC condition with threshold 1
  0:00:01.746     6M / 41M   INFO   Simplification           (parallel_processing.hpp   : 170)   Low coverage edge remover triggered 0 times
  0:00:01.746     6M / 41M   INFO    General                 (simplification.cpp        : 373)   PROCEDURE == Simplification cycle, iteration 6
  0:00:01.746     6M / 41M   INFO   Simplification           (parallel_processing.hpp   : 167)   Running Tip clipper
  0:00:01.748     6M / 41M   INFO   Simplification           (parallel_processing.hpp   : 170)   Tip clipper triggered 0 times
  0:00:01.748     6M / 41M   INFO   Simplification           (parallel_processing.hpp   : 167)   Running Dead end clipper
  0:00:01.750     6M / 41M   INFO   Simplification           (parallel_processing.hpp   : 170)   Dead end clipper triggered 0 times
  0:00:01.750     6M / 41M   INFO   Simplification           (parallel_processing.hpp   : 167)   Running Bulge remover
  0:00:01.751     6M / 41M   INFO   Simplification           (parallel_processing.hpp   : 170)   Bulge remover triggered 0 times
  0:00:01.751     6M / 41M   INFO   Simplification           (parallel_processing.hpp   : 167)   Running Low coverage edge remover
  0:00:01.753     6M / 41M   INFO   ConditionParser          (graph_simplification.hpp  : 179)   Creating relative coverage EC condition with threshold 1
  0:00:01.753     6M / 41M   INFO   Simplification           (parallel_processing.hpp   : 170)   Low coverage edge remover triggered 0 times
  0:00:01.753     6M / 41M   INFO    General                 (simplification.cpp        : 373)   PROCEDURE == Simplification cycle, iteration 7
  0:00:01.753     6M / 41M   INFO   Simplification           (parallel_processing.hpp   : 167)   Running Tip clipper
  0:00:01.755     6M / 41M   INFO   Simplification           (parallel_processing.hpp   : 170)   Tip clipper triggered 0 times
  0:00:01.755     6M / 41M   INFO   Simplification           (parallel_processing.hpp   : 167)   Running Dead end clipper
  0:00:01.757     6M / 41M   INFO   Simplification           (parallel_processing.hpp   : 170)   Dead end clipper triggered 0 times
  0:00:01.757     6M / 41M   INFO   Simplification           (parallel_processing.hpp   : 167)   Running Bulge remover
  0:00:01.758     6M / 41M   INFO   Simplification           (parallel_processing.hpp   : 170)   Bulge remover triggered 0 times
  0:00:01.758     6M / 41M   INFO   Simplification           (parallel_processing.hpp   : 167)   Running Low coverage edge remover
  0:00:01.760     6M / 41M   INFO   ConditionParser          (graph_simplification.hpp  : 179)   Creating relative coverage EC condition with threshold 1
  0:00:01.760     6M / 41M   INFO   Simplification           (parallel_processing.hpp   : 170)   Low coverage edge remover triggered 0 times
  0:00:01.760     6M / 41M   INFO    General                 (simplification.cpp        : 373)   PROCEDURE == Simplification cycle, iteration 8
  0:00:01.760     6M / 41M   INFO   Simplification           (parallel_processing.hpp   : 167)   Running Tip clipper
  0:00:01.762     6M / 41M   INFO   Simplification           (parallel_processing.hpp   : 170)   Tip clipper triggered 0 times
  0:00:01.762     6M / 41M   INFO   Simplification           (parallel_processing.hpp   : 167)   Running Dead end clipper
  0:00:01.764     6M / 41M   INFO   Simplification           (parallel_processing.hpp   : 170)   Dead end clipper triggered 0 times
  0:00:01.764     6M / 41M   INFO   Simplification           (parallel_processing.hpp   : 167)   Running Bulge remover
  0:00:01.766     6M / 41M   INFO   Simplification           (parallel_processing.hpp   : 170)   Bulge remover triggered 0 times
  0:00:01.766     6M / 41M   INFO   Simplification           (parallel_processing.hpp   : 167)   Running Low coverage edge remover
  0:00:01.767     6M / 41M   INFO   ConditionParser          (graph_simplification.hpp  : 179)   Creating relative coverage EC condition with threshold 1
  0:00:01.767     6M / 41M   INFO   Simplification           (parallel_processing.hpp   : 170)   Low coverage edge remover triggered 0 times
  0:00:01.767     6M / 41M   INFO    General                 (simplification.cpp        : 373)   PROCEDURE == Simplification cycle, iteration 9
  0:00:01.767     6M / 41M   INFO   Simplification           (parallel_processing.hpp   : 167)   Running Tip clipper
  0:00:01.769     6M / 41M   INFO   Simplification           (parallel_processing.hpp   : 170)   Tip clipper triggered 0 times
  0:00:01.769     6M / 41M   INFO   Simplification           (parallel_processing.hpp   : 167)   Running Dead end clipper
  0:00:01.771     6M / 41M   INFO   Simplification           (parallel_processing.hpp   : 170)   Dead end clipper triggered 0 times
  0:00:01.771     6M / 41M   INFO   Simplification           (parallel_processing.hpp   : 167)   Running Bulge remover
  0:00:01.773     6M / 41M   INFO   Simplification           (parallel_processing.hpp   : 170)   Bulge remover triggered 0 times
  0:00:01.773     6M / 41M   INFO   Simplification           (parallel_processing.hpp   : 167)   Running Low coverage edge remover
  0:00:01.774     6M / 41M   INFO   ConditionParser          (graph_simplification.hpp  : 179)   Creating relative coverage EC condition with threshold 1
  0:00:01.774     6M / 41M   INFO   Simplification           (parallel_processing.hpp   : 170)   Low coverage edge remover triggered 0 times
  0:00:01.774     6M / 41M   INFO    General                 (simplification.cpp        : 373)   PROCEDURE == Simplification cycle, iteration 10
  0:00:01.774     6M / 41M   INFO   Simplification           (parallel_processing.hpp   : 167)   Running Tip clipper
  0:00:01.776     6M / 41M   INFO   Simplification           (parallel_processing.hpp   : 170)   Tip clipper triggered 0 times
  0:00:01.776     6M / 41M   INFO   Simplification           (parallel_processing.hpp   : 167)   Running Dead end clipper
  0:00:01.778     6M / 41M   INFO   Simplification           (parallel_processing.hpp   : 170)   Dead end clipper triggered 0 times
  0:00:01.778     6M / 41M   INFO   Simplification           (parallel_processing.hpp   : 167)   Running Bulge remover
  0:00:01.780     6M / 41M   INFO   Simplification           (parallel_processing.hpp   : 170)   Bulge remover triggered 0 times
  0:00:01.780     6M / 41M   INFO   Simplification           (parallel_processing.hpp   : 167)   Running Low coverage edge remover
  0:00:01.781     6M / 41M   INFO   ConditionParser          (graph_simplification.hpp  : 179)   Creating relative coverage EC condition with threshold 1
  0:00:01.781     6M / 41M   INFO   Simplification           (parallel_processing.hpp   : 170)   Low coverage edge remover triggered 0 times
  0:00:01.781     6M / 41M   INFO    General                 (simplification.cpp        : 373)   PROCEDURE == Simplification cycle, iteration 11
  0:00:01.781     6M / 41M   INFO   Simplification           (parallel_processing.hpp   : 167)   Running Tip clipper
  0:00:01.784     6M / 41M   INFO   Simplification           (parallel_processing.hpp   : 170)   Tip clipper triggered 0 times
  0:00:01.784     6M / 41M   INFO   Simplification           (parallel_processing.hpp   : 167)   Running Dead end clipper
  0:00:01.786     6M / 41M   INFO   Simplification           (parallel_processing.hpp   : 170)   Dead end clipper triggered 0 times
  0:00:01.786     6M / 41M   INFO   Simplification           (parallel_processing.hpp   : 167)   Running Bulge remover
  0:00:01.787     6M / 41M   INFO   Simplification           (parallel_processing.hpp   : 170)   Bulge remover triggered 0 times
  0:00:01.787     6M / 41M   INFO   Simplification           (parallel_processing.hpp   : 167)   Running Low coverage edge remover
  0:00:01.789     6M / 41M   INFO   ConditionParser          (graph_simplification.hpp  : 179)   Creating relative coverage EC condition with threshold 1
  0:00:01.789     6M / 41M   INFO   Simplification           (parallel_processing.hpp   : 170)   Low coverage edge remover triggered 0 times
  0:00:01.789     6M / 41M   INFO   StageManager             (stage.cpp                 : 185)   STAGE == Gap Closer (id: late_gapcloser)
  0:00:01.794    15M / 41M   INFO    General                 (edge_index.hpp            : 113)   Size of edge index entries: 12/8
  0:00:01.800    15M / 41M   INFO    General                 (gap_closer.cpp            : 101)   Total edges in tip neighborhood: 19494 out of 19500, length: 537450
  0:00:01.800    15M / 41M   INFO    General                 (edge_index.hpp            : 167)   Using small index (max_id = 54019)
  0:00:01.823    15M / 41M   INFO   K-mer Index Building     (kmer_index_builder.hpp    : 395)   Building perfect hash indices
  0:00:01.956    16M / 41M   INFO   K-mer Index Building     (kmer_index_builder.hpp    : 431)   Index built. Total 269441 kmers, 309130 bytes occupied (9.17841 bits per kmer).
  0:00:01.957    18M / 41M   INFO    General                 (edge_index_builders.hpp   : 265)   Collecting edge information from graph, this takes a while.
  0:00:02.057    18M / 41M   INFO    General                 (sequence_mapper_notifier.h:  95)   Total 10000 reads processed
  0:00:02.066    16M / 41M   INFO    General                 (gap_closer.cpp            : 452)   Initializing gap closer
  0:00:02.066    16M / 41M   INFO   GapCloser                (gap_closer.cpp            : 359)   Closing short gaps
  0:00:02.076    16M / 41M   INFO   GapCloser                (gap_closer.cpp            : 391)   Closing short gaps complete: filled 36 gaps after checking 191 candidates
  0:00:02.077    16M / 41M   INFO    General                 (gap_closer.cpp            : 456)   Gap closer done
  0:00:02.078     6M / 41M   INFO   StageManager             (stage.cpp                 : 185)   STAGE == Simplification Cleanup (id: simplification_cleanup)
  0:00:02.079     6M / 41M   INFO    General                 (simplification.cpp        : 176)   PROCEDURE == Post simplification
  0:00:02.079     6M / 41M   INFO    General                 (graph_simplification.hpp  : 448)   Disconnection of relatively low covered edges disabled
  0:00:02.079     6M / 41M   INFO    General                 (graph_simplification.hpp  : 485)   Complex tip clipping disabled
  0:00:02.079     6M / 41M   INFO    General                 (graph_simplification.hpp  : 634)   Creating parallel br instance
  0:00:02.079     6M / 41M   INFO    General                 (graph_simplification.hpp  : 634)   Creating parallel br instance
  0:00:02.079     6M / 41M   INFO   Simplification           (parallel_processing.hpp   : 167)   Running Relative coverage erroneous connection remover
  0:00:02.082     6M / 41M   INFO   Simplification           (parallel_processing.hpp   : 170)   Relative coverage erroneous connection remover triggered 0 times
  0:00:02.082     6M / 41M   INFO   Simplification           (parallel_processing.hpp   : 167)   Running Relative coverage component remover
  0:00:02.084     6M / 41M   INFO   Simplification           (parallel_processing.hpp   : 170)   Relative coverage component remover triggered 0 times
  0:00:02.084     6M / 41M   INFO   Simplification           (parallel_processing.hpp   : 167)   Running Complex bulge remover
  0:00:02.127     6M / 41M   INFO   Simplification           (parallel_processing.hpp   : 170)   Complex bulge remover triggered 0 times
  0:00:02.127     6M / 41M   INFO   Simplification           (parallel_processing.hpp   : 167)   Running Tip clipper
  0:00:02.130     6M / 41M   INFO   Simplification           (parallel_processing.hpp   : 170)   Tip clipper triggered 0 times
  0:00:02.130     6M / 41M   INFO   Simplification           (parallel_processing.hpp   : 167)   Running Final tip clipper
  0:00:02.132     6M / 41M   INFO   Simplification           (parallel_processing.hpp   : 170)   Final tip clipper triggered 11 times
  0:00:02.132     6M / 41M   INFO   Simplification           (parallel_processing.hpp   : 167)   Running Bulge remover
  0:00:02.133     6M / 41M   INFO   Simplification           (parallel_processing.hpp   : 170)   Bulge remover triggered 0 times
  0:00:02.133     6M / 41M   INFO   Simplification           (parallel_processing.hpp   : 167)   Running Final bulge remover
  0:00:02.135     6M / 41M   INFO   Simplification           (parallel_processing.hpp   : 170)   Final bulge remover triggered 0 times
  0:00:02.135     6M / 41M   INFO   Simplification           (parallel_processing.hpp   : 167)   Running AT Tips
  0:00:02.139     6M / 41M   INFO   Simplification           (parallel_processing.hpp   : 170)   AT Tips triggered 0 times
  0:00:02.139     6M / 41M   INFO   Simplification           (parallel_processing.hpp   : 167)   Running Relative coverage erroneous connection remover
  0:00:02.142     6M / 41M   INFO   Simplification           (parallel_processing.hpp   : 170)   Relative coverage erroneous connection remover triggered 0 times
  0:00:02.142     6M / 41M   INFO   Simplification           (parallel_processing.hpp   : 167)   Running Relative coverage component remover
  0:00:02.144     6M / 41M   INFO   Simplification           (parallel_processing.hpp   : 170)   Relative coverage component remover triggered 0 times
  0:00:02.144     6M / 41M   INFO   Simplification           (parallel_processing.hpp   : 167)   Running Complex bulge remover
  0:00:02.186     6M / 41M   INFO   Simplification           (parallel_processing.hpp   : 170)   Complex bulge remover triggered 0 times
  0:00:02.186     6M / 41M   INFO   Simplification           (parallel_processing.hpp   : 167)   Running Tip clipper
  0:00:02.188     6M / 41M   INFO   Simplification           (parallel_processing.hpp   : 170)   Tip clipper triggered 0 times
  0:00:02.188     6M / 41M   INFO   Simplification           (parallel_processing.hpp   : 167)   Running Final tip clipper
  0:00:02.190     6M / 41M   INFO   Simplification           (parallel_processing.hpp   : 170)   Final tip clipper triggered 0 times
  0:00:02.190     6M / 41M   INFO   Simplification           (parallel_processing.hpp   : 167)   Running Bulge remover
  0:00:02.192     6M / 41M   INFO   Simplification           (parallel_processing.hpp   : 170)   Bulge remover triggered 0 times
  0:00:02.192     6M / 41M   INFO   Simplification           (parallel_processing.hpp   : 167)   Running Final bulge remover
  0:00:02.193     6M / 41M   INFO   Simplification           (parallel_processing.hpp   : 170)   Final bulge remover triggered 0 times
  0:00:02.193     6M / 41M   INFO   Simplification           (parallel_processing.hpp   : 167)   Running AT Tips
  0:00:02.197     6M / 41M   INFO   Simplification           (parallel_processing.hpp   : 170)   AT Tips triggered 0 times
  0:00:02.197     6M / 41M   INFO    General                 (simplification.cpp        : 327)   Disrupting self-conjugate edges
  0:00:02.200     6M / 41M   INFO   Simplification           (parallel_processing.hpp   : 167)   Running Removing isolated edges
  0:00:02.213     5M / 41M   INFO   Simplification           (parallel_processing.hpp   : 170)   Removing isolated edges triggered 9436 times
  0:00:02.213     5M / 41M   INFO    General                 (simplification.cpp        : 495)   After simplification:
  0:00:02.213     5M / 41M   INFO    General                 (simplification.cpp        : 496)     Average coverage = 4.10831
  0:00:02.213     5M / 41M   INFO    General                 (simplification.cpp        : 497)     Total length = 33396
  0:00:02.213     5M / 41M   INFO    General                 (simplification.cpp        : 498)     Median edge length: 218
  0:00:02.213     5M / 41M   INFO    General                 (simplification.cpp        : 499)     Edges: 522
  0:00:02.213     5M / 41M   INFO    General                 (simplification.cpp        : 500)     Vertices: 1044
  0:00:02.213     5M / 41M   INFO   StageManager             (stage.cpp                 : 185)   STAGE == Mismatch Correction (id: mismatch_correction)
  0:00:02.213     5M / 41M   INFO    General                 (graph_pack.cpp            :  67)   Index refill
  0:00:02.213     5M / 41M   INFO    General                 (edge_index.hpp            : 156)   Using small index (max_id = 54019)
  0:00:02.216     5M / 41M   INFO   K-mer Index Building     (kmer_index_builder.hpp    : 395)   Building perfect hash indices
  0:00:02.305     5M / 41M   INFO   K-mer Index Building     (kmer_index_builder.hpp    : 431)   Index built. Total 33396 kmers, 61160 bytes occupied (14.6509 bits per kmer).
  0:00:02.305     6M / 41M   INFO    General                 (edge_index_builders.hpp   : 252)   Collecting edge information from graph, this takes a while.
  0:00:02.310     6M / 41M   INFO    General                 (graph_pack.cpp            :  77)   Normalizing k-mer map. Total 0 kmers to process
  0:00:02.310     6M / 41M   INFO    General                 (graph_pack.cpp            :  79)   Normalizing done
  0:00:02.310     6M / 41M   INFO    General                 (mismatch_correction.cpp   : 400)   Collect potential mismatches
  0:00:02.310     6M / 41M   INFO    General                 (mismatch_correction.cpp   : 192)   Total 0 edges (out of 522) with 0 potential mismatch positions (-nan positions per edge)
  0:00:02.310     6M / 41M   INFO    General                 (mismatch_correction.cpp   : 402)   Potential mismatches collected
  0:00:02.460     6M / 41M   INFO    General                 (sequence_mapper_notifier.h:  95)   Total 40000 reads processed
  0:00:02.460     6M / 41M   INFO    General                 (mismatch_correction.cpp   : 395)   All edges processed
  0:00:02.460     6M / 41M   INFO    General                 (mismatch_correction.cpp   : 450)   Corrected 0 nucleotides
  0:00:02.460     6M / 41M   INFO   StageManager             (stage.cpp                 : 185)   STAGE == Contig Output (id: contig_output)
  0:00:02.460     6M / 41M   INFO    General                 (contig_output.hpp         :  16)   Outputting contigs to /home/bofosu/rna_seq_analysis/OUTPUTS/SPADES/SRR5660045/K127/before_rr.fasta
  0:00:02.462     6M / 41M   INFO    General                 (contig_output_stage.cpp   : 151)   Writing GFA graph to /home/bofosu/rna_seq_analysis/OUTPUTS/SPADES/SRR5660045/K127/assembly_graph_after_simplification.gfa
  0:00:02.463     6M / 41M   INFO   StageManager             (stage.cpp                 : 185)   STAGE == Paired Information Counting (id: late_pair_info_count)
  0:00:02.463     6M / 41M   INFO    General                 (graph_pack.cpp            :  77)   Normalizing k-mer map. Total 0 kmers to process
  0:00:02.463     6M / 41M   INFO    General                 (graph_pack.cpp            :  79)   Normalizing done
  0:00:02.464     6M / 41M   INFO    General                 (pair_info_count.cpp       : 339)   Min edge length for estimation: 500
  0:00:02.464     6M / 41M   INFO    General                 (pair_info_count.cpp       : 350)   Estimating insert size for library #0
  0:00:02.464     6M / 41M   INFO    General                 (pair_info_count.cpp       : 202)   Estimating insert size (takes a while)
  0:00:02.487    38M / 70M   INFO    General                 (pair_info_count.cpp       :  48)   Selecting usual mapper
  0:00:02.594    38M / 70M   INFO    General                 (sequence_mapper_notifier.h:  95)   Total 10000 reads processed
  0:00:02.707    38M / 70M   INFO    General                 (pair_info_count.cpp       : 220)   Edge pairs: 318
  0:00:02.707    38M / 70M   INFO    General                 (pair_info_count.cpp       : 222)   371 paired reads (3.71% of all) aligned to long edges
  0:00:02.707     6M / 70M   INFO    General                 (pair_info_count.cpp       : 369)     Insert size = 208.259, deviation = 62.2982, left quantile = 144, right quantile = 295, read length = 151
  0:00:02.707     6M / 70M   INFO    General                 (pair_info_count.cpp       : 402)   Mapping library #0
  0:00:02.707     6M / 70M   INFO    General                 (pair_info_count.cpp       : 404)   Mapping paired reads (takes a while)
  0:00:02.707     6M / 70M   INFO    General                 (pair_info_count.cpp       : 299)   Left insert size quantile 144, right insert size quantile 295, filtering threshold 0, rounding threshold 0
  0:00:02.712    15M / 73M   INFO    General                 (pair_info_count.cpp       :  48)   Selecting usual mapper
  0:00:02.791    15M / 73M   INFO    General                 (sequence_mapper_notifier.h:  95)   Total 10000 reads processed
  0:00:02.795     6M / 73M   INFO    General                 (pair_info_count.cpp       : 411)   Mapping single reads of library #0
  0:00:02.795     6M / 73M   INFO    General                 (pair_info_count.cpp       : 266)   Will calculate lib coverage as well
  0:00:02.795     6M / 73M   INFO    General                 (pair_info_count.cpp       :  48)   Selecting usual mapper
  0:00:02.873     6M / 73M   INFO    General                 (sequence_mapper_notifier.h:  95)   Total 20000 reads processed
  0:00:02.873     6M / 73M   INFO    General                 (pair_info_count.cpp       : 413)   Total paths obtained from single reads: 0
  0:00:02.873     6M / 73M   INFO   StageManager             (stage.cpp                 : 185)   STAGE == Distance Estimation (id: distance_estimation)
  0:00:02.873     6M / 73M   INFO    General                 (distance_estimation.cpp   : 179)   Processing library #0
  0:00:02.873     6M / 73M   INFO    General                 (distance_estimation.cpp   : 150)   Weight Filter Done
  0:00:02.873     6M / 73M   INFO   DistanceEstimator        (distance_estimation.hpp   : 116)   Using SIMPLE distance estimator
  0:00:02.874     6M / 73M   INFO    General                 (distance_estimation.cpp   :  37)   Filtering info
  0:00:02.874     6M / 73M   INFO    General                 (pair_info_filters.hpp     : 242)   Start filtering; library index size: 522
  0:00:02.874     6M / 73M   INFO    General                 (pair_info_filters.hpp     : 263)   Done filtering; library index size: 264
  0:00:02.874     6M / 73M   INFO    General                 (distance_estimation.cpp   : 156)   Refining clustered pair information
  0:00:02.874     6M / 73M   INFO    General                 (distance_estimation.cpp   : 158)   The refining of clustered pair information has been finished
  0:00:02.874     6M / 73M   INFO    General                 (distance_estimation.cpp   : 160)   Improving paired information
  0:00:02.875     6M / 73M   INFO   PairInfoImprover         (pair_info_improver.hpp    : 104)   Paired info stats: missing = 0; contradictional = 0
  0:00:02.876     6M / 73M   INFO   PairInfoImprover         (pair_info_improver.hpp    : 104)   Paired info stats: missing = 0; contradictional = 0
  0:00:02.876     6M / 73M   INFO   StageManager             (stage.cpp                 : 185)   STAGE == Repeat Resolving (id: repeat_resolving)
  0:00:02.876     6M / 73M   INFO    General                 (repeat_resolving.cpp      :  87)   Using Path-Extend repeat resolving
  0:00:02.876     6M / 73M   INFO    General                 (launcher.cpp              : 600)   ExSPAnder repeat resolving tool started
  0:00:02.876     7M / 74M   INFO    General                 (launcher.cpp              : 418)   Creating main extenders, unique edge length = 2000
  0:00:02.876     7M / 74M   INFO    General                 (extenders_logic.cpp       : 345)   Creating extender; library index size: 264
  0:00:02.877     7M / 74M   INFO    General                 (extenders_logic.cpp       : 345)   Creating extender; library index size: 264
  0:00:02.877     7M / 74M   INFO    General                 (extenders_logic.cpp       : 543)   Using 1 paired-end library
  0:00:02.877     7M / 74M   INFO    General                 (extenders_logic.cpp       : 544)   Using 1 paired-end scaffolding library
  0:00:02.877     7M / 74M   INFO    General                 (extenders_logic.cpp       : 545)   Using 0 single read libraries
  0:00:02.877     7M / 74M   INFO    General                 (launcher.cpp              : 447)   Total number of extenders is 5
  0:00:02.877     7M / 74M   INFO    General                 (path_extenders.cpp        :  36)   Processed 0 paths from 261 (0%)
  0:00:02.879     7M / 74M   INFO    General                 (path_extenders.cpp        :  36)   Processed 27 paths from 261 (10%)
  0:00:02.881     7M / 74M   INFO    General                 (path_extenders.cpp        :  36)   Processed 54 paths from 261 (20%)
  0:00:02.881     7M / 74M   INFO    General                 (path_extenders.cpp        :  36)   Processed 81 paths from 261 (31%)
  0:00:02.882     7M / 74M   INFO    General                 (path_extenders.cpp        :  36)   Processed 108 paths from 261 (41%)
  0:00:02.883     7M / 74M   INFO    General                 (path_extenders.cpp        :  34)   Processed 128 paths from 261 (49%)
  0:00:02.883     7M / 74M   INFO    General                 (path_extenders.cpp        :  36)   Processed 135 paths from 261 (51%)
  0:00:02.883     8M / 74M   INFO    General                 (path_extenders.cpp        :  36)   Processed 162 paths from 261 (62%)
  0:00:02.884     8M / 74M   INFO    General                 (path_extenders.cpp        :  36)   Processed 189 paths from 261 (72%)
  0:00:02.884     8M / 75M   INFO    General                 (path_extenders.cpp        :  36)   Processed 216 paths from 261 (82%)
  0:00:02.884     8M / 75M   INFO    General                 (path_extenders.cpp        :  36)   Processed 243 paths from 261 (93%)
  0:00:02.884     8M / 75M   INFO    General                 (path_extenders.cpp        :  34)   Processed 256 paths from 261 (98%)
  0:00:02.885     8M / 75M   INFO    General                 (launcher.cpp              : 250)   Finalizing paths
  0:00:02.885     8M / 75M   INFO    General                 (launcher.cpp              : 252)   Deduplicating paths
  0:00:02.885     8M / 75M   INFO    General                 (launcher.cpp              : 256)   Paths deduplicated
  0:00:02.885     8M / 75M   INFO    General                 (launcher.cpp              : 263)   Overlaps will not be removed
  0:00:02.885     8M / 75M   INFO    General                 (launcher.cpp              : 273)   Paths finalized
  0:00:02.885     8M / 75M   INFO    General                 (launcher.cpp              : 454)   Closing gaps in paths
  0:00:02.886     9M / 75M   INFO    General                 (launcher.cpp              : 484)   Gap closing completed
  0:00:02.886     9M / 75M   INFO    General                 (launcher.cpp              : 302)   Traversing tandem repeats
  0:00:02.887     9M / 75M   INFO    General                 (launcher.cpp              : 312)   Traversed 0 loops
  0:00:02.887     9M / 75M   INFO    General                 (launcher.cpp              : 250)   Finalizing paths
  0:00:02.887     9M / 75M   INFO    General                 (launcher.cpp              : 252)   Deduplicating paths
  0:00:02.887     9M / 75M   INFO    General                 (launcher.cpp              : 256)   Paths deduplicated
  0:00:02.887     9M / 75M   INFO    General                 (launcher.cpp              : 263)   Overlaps will not be removed
  0:00:02.887     9M / 75M   INFO    General                 (launcher.cpp              : 273)   Paths finalized
  0:00:02.887     9M / 75M   INFO    General                 (launcher.cpp              : 499)   Finalizing paths - hard
  0:00:02.887    10M / 75M   INFO    General                 (launcher.cpp              : 295)   Read length relative cutoff 1.5 converted to 99
  0:00:02.887    10M / 75M   INFO    General                 (launcher.cpp              : 296)   Read length absolute cutoff 130 bp converted to 99
  0:00:02.887    10M / 75M   INFO    General                 (launcher.cpp              : 297)   Length cutoff: 99
  0:00:02.888     9M / 75M   INFO    General                 (launcher.cpp              : 295)   Read length relative cutoff 2 converted to 175
  0:00:02.888     9M / 75M   INFO    General                 (launcher.cpp              : 296)   Read length absolute cutoff 180 bp converted to 175
  0:00:02.888     9M / 75M   INFO    General                 (launcher.cpp              : 297)   Length cutoff: 175
  0:00:02.888     9M / 75M   INFO    General                 (launcher.cpp              : 295)   Read length relative cutoff 2 converted to 175
  0:00:02.888     9M / 75M   INFO    General                 (launcher.cpp              : 296)   Read length absolute cutoff 180 bp converted to 175
  0:00:02.888     9M / 75M   INFO    General                 (launcher.cpp              : 297)   Length cutoff: 175
  0:00:02.888     9M / 75M   INFO    General                 (launcher.cpp              : 499)   Finalizing paths - soft
  0:00:02.888    10M / 75M   INFO    General                 (launcher.cpp              : 295)   Read length relative cutoff 1.05 converted to 31
  0:00:02.888    10M / 75M   INFO    General                 (launcher.cpp              : 296)   Read length absolute cutoff 85 bp converted to 31
  0:00:02.888    10M / 75M   INFO    General                 (launcher.cpp              : 297)   Length cutoff: 31
  0:00:02.888     9M / 75M   INFO    General                 (launcher.cpp              : 295)   Read length relative cutoff 1.5 converted to 99
  0:00:02.888     9M / 75M   INFO    General                 (launcher.cpp              : 296)   Read length absolute cutoff 130 bp converted to 99
  0:00:02.889     9M / 75M   INFO    General                 (launcher.cpp              : 297)   Length cutoff: 99
  0:00:02.889     9M / 75M   INFO    General                 (launcher.cpp              : 295)   Read length relative cutoff 1.2 converted to 54
  0:00:02.889     9M / 75M   INFO    General                 (launcher.cpp              : 296)   Read length absolute cutoff 100 bp converted to 54
  0:00:02.889     9M / 75M   INFO    General                 (launcher.cpp              : 297)   Length cutoff: 54
  0:00:02.889     9M / 76M   INFO    General                 (launcher.cpp              : 507)   Finalizing main paths
  0:00:02.890     9M / 76M   INFO    General                 (launcher.cpp              : 295)   Read length relative cutoff 1.3 converted to 69
  0:00:02.890     9M / 76M   INFO    General                 (launcher.cpp              : 296)   Read length absolute cutoff 110 bp converted to 69
  0:00:02.890     9M / 76M   INFO    General                 (launcher.cpp              : 297)   Length cutoff: 69
  0:00:02.890     8M / 76M   INFO    General                 (launcher.cpp              : 295)   Read length relative cutoff 1.6 converted to 114
  0:00:02.890     8M / 76M   INFO    General                 (launcher.cpp              : 296)   Read length absolute cutoff 140 bp converted to 114
  0:00:02.890     8M / 76M   INFO    General                 (launcher.cpp              : 297)   Length cutoff: 114
  0:00:02.890     8M / 76M   INFO    General                 (launcher.cpp              : 295)   Read length relative cutoff 1.5 converted to 99
  0:00:02.890     8M / 76M   INFO    General                 (launcher.cpp              : 296)   Read length absolute cutoff 130 bp converted to 99
  0:00:02.890     8M / 76M   INFO    General                 (launcher.cpp              : 297)   Length cutoff: 99
  0:00:02.890     8M / 76M   INFO    General                 (launcher.cpp              : 664)   ExSPAnder repeat resolving tool finished
  0:00:02.890     6M / 76M   INFO   StageManager             (stage.cpp                 : 185)   STAGE == Contig Output (id: contig_output)
  0:00:02.890     6M / 76M   INFO    General                 (contig_output.hpp         :  16)   Outputting contigs to /home/bofosu/rna_seq_analysis/OUTPUTS/SPADES/SRR5660045/K127/before_rr.fasta
  0:00:02.891     6M / 76M   INFO    General                 (contig_output_stage.cpp   : 151)   Writing GFA graph to /home/bofosu/rna_seq_analysis/OUTPUTS/SPADES/SRR5660045/K127/assembly_graph_with_scaffolds.gfa
  0:00:02.892     6M / 76M   INFO    General                 (contig_output_stage.cpp   : 165)   Outputting FastG graph to /home/bofosu/rna_seq_analysis/OUTPUTS/SPADES/SRR5660045/K127/assembly_graph.fastg
  0:00:02.895     6M / 76M   INFO    General                 (contig_output_stage.cpp   :  98)   Outputting contigs to /home/bofosu/rna_seq_analysis/OUTPUTS/SPADES/SRR5660045/K127/transcripts.fasta
  0:00:02.895     6M / 76M   INFO    General                 (contig_output_stage.cpp   : 104)   Outputting FastG paths to /home/bofosu/rna_seq_analysis/OUTPUTS/SPADES/SRR5660045/K127/transcripts.paths
  0:00:02.895     6M / 76M   INFO    General                 (contig_output_stage.cpp   : 111)   Populating GFA with scaffold paths
  0:00:02.896     6M / 76M   INFO    General                 (pipeline.cpp              : 287)   SPAdes finished
  0:00:02.896     1M / 76M   INFO    General                 (main.cpp                  : 136)   Assembling time: 0 hours 0 minutes 2 seconds

===== K127 finished. 


===== Copy files started. 


== Running: /usr/bin/python3 /usr/share/spades/spades_pipeline/scripts/copy_files.py /home/bofosu/rna_seq_analysis/OUTPUTS/SPADES/SRR5660045/K127/before_rr.fasta /home/bofosu/rna_seq_analysis/OUTPUTS/SPADES/SRR5660045/before_rr.fasta /home/bofosu/rna_seq_analysis/OUTPUTS/SPADES/SRR5660045/K127/assembly_graph_after_simplification.gfa /home/bofosu/rna_seq_analysis/OUTPUTS/SPADES/SRR5660045/assembly_graph_after_simplification.gfa /home/bofosu/rna_seq_analysis/OUTPUTS/SPADES/SRR5660045/K127/transcripts.fasta /home/bofosu/rna_seq_analysis/OUTPUTS/SPADES/SRR5660045/transcripts.fasta /home/bofosu/rna_seq_analysis/OUTPUTS/SPADES/SRR5660045/K127/transcripts.paths /home/bofosu/rna_seq_analysis/OUTPUTS/SPADES/SRR5660045/transcripts.paths /home/bofosu/rna_seq_analysis/OUTPUTS/SPADES/SRR5660045/K127/assembly_graph_with_scaffolds.gfa /home/bofosu/rna_seq_analysis/OUTPUTS/SPADES/SRR5660045/assembly_graph_with_scaffolds.gfa /home/bofosu/rna_seq_analysis/OUTPUTS/SPADES/SRR5660045/K127/assembly_graph.fastg /home/bofosu/rna_seq_analysis/OUTPUTS/SPADES/SRR5660045/assembly_graph.fastg /home/bofosu/rna_seq_analysis/OUTPUTS/SPADES/SRR5660045/K127/hard_filtered_final_paths.fasta /home/bofosu/rna_seq_analysis/OUTPUTS/SPADES/SRR5660045/hard_filtered_transcripts.fasta /home/bofosu/rna_seq_analysis/OUTPUTS/SPADES/SRR5660045/K127/soft_filtered_final_paths.fasta /home/bofosu/rna_seq_analysis/OUTPUTS/SPADES/SRR5660045/soft_filtered_transcripts.fasta


===== Copy files finished. 


===== Assembling finished. 


===== Breaking scaffolds started. 


== Running: /usr/bin/python3 /usr/share/spades/spades_pipeline/scripts/breaking_scaffolds_script.py --result_scaffolds_filename /home/bofosu/rna_seq_analysis/OUTPUTS/SPADES/SRR5660045/scaffolds.fasta --misc_dir /home/bofosu/rna_seq_analysis/OUTPUTS/SPADES/SRR5660045/misc --threshold_for_breaking_scaffolds 3


===== Breaking scaffolds finished. 


===== Terminate started. 


===== Terminate finished. 

 * Assembled transcripts are in /home/bofosu/rna_seq_analysis/OUTPUTS/SPADES/SRR5660045/transcripts.fasta
 * Paths in the assembly graph corresponding to the transcripts are in /home/bofosu/rna_seq_analysis/OUTPUTS/SPADES/SRR5660045/transcripts.paths
 * Hard filtered transcripts are in /home/bofosu/rna_seq_analysis/OUTPUTS/SPADES/SRR5660045/hard_filtered_transcripts.fasta
 * Soft filtered transcripts are in /home/bofosu/rna_seq_analysis/OUTPUTS/SPADES/SRR5660045/soft_filtered_transcripts.fasta
 * Assembly graph is in /home/bofosu/rna_seq_analysis/OUTPUTS/SPADES/SRR5660045/assembly_graph.fastg
 * Assembly graph in GFA format is in /home/bofosu/rna_seq_analysis/OUTPUTS/SPADES/SRR5660045/assembly_graph_with_scaffolds.gfa

======= SPAdes pipeline finished.

SPAdes log can be found here: /home/bofosu/rna_seq_analysis/OUTPUTS/SPADES/SRR5660045/spades.log

Thank you for using SPAdes!
