Building DAG of jobs...
Using shell: /usr/bin/bash
Provided cores: 4
Rules claiming more threads will be scaled down.
Job stats:
job                     count
--------------------  -------
all                         1
blast_longest_contig        4
bowtie2_index               1
build_index                 1
count_reads                 1
extract_cds                 1
kallisto_quant              4
longest_contig              4
mapping                     4
merge_reports               1
sleuth_analysis             1
spades_assembly             4
total                      27

Select jobs to execute...

[Mon Feb 23 16:52:15 2026]
rule extract_cds:
    input: ../GCF_000845245.1/genomic.fna, ../GCF_000845245.1/genomic.gff
    output: ../OUTPUTS/CDS/hcmv_cds.fasta, ../OUTPUTS/TEMP/cd.txt
    jobid: 1
    reason: Missing output files: ../OUTPUTS/CDS/hcmv_cds.fasta, ../OUTPUTS/TEMP/cd.txt
    resources: tmpdir=/tmp


[Mon Feb 23 16:52:15 2026]
rule spades_assembly:
    input: ../TESTS/SRR5660045_1.fastq, ../TESTS/SRR5660045_2.fastq
    output: ../OUTPUTS/SPADES/SRR5660045/transcripts.fasta
    jobid: 21
    reason: Missing output files: ../OUTPUTS/SPADES/SRR5660045/transcripts.fasta
    wildcards: sample=SRR5660045
    resources: tmpdir=/tmp


[Mon Feb 23 16:52:15 2026]
rule spades_assembly:
    input: ../TESTS/SRR5660044_1.fastq, ../TESTS/SRR5660044_2.fastq
    output: ../OUTPUTS/SPADES/SRR5660044/transcripts.fasta
    jobid: 19
    reason: Missing output files: ../OUTPUTS/SPADES/SRR5660044/transcripts.fasta
    wildcards: sample=SRR5660044
    resources: tmpdir=/tmp


[Mon Feb 23 16:52:15 2026]
rule spades_assembly:
    input: ../TESTS/SRR5660033_1.fastq, ../TESTS/SRR5660033_2.fastq
    output: ../OUTPUTS/SPADES/SRR5660033/transcripts.fasta
    jobid: 17
    reason: Missing output files: ../OUTPUTS/SPADES/SRR5660033/transcripts.fasta
    wildcards: sample=SRR5660033
    resources: tmpdir=/tmp

[Mon Feb 23 16:52:16 2026]
Finished job 1.
1 of 27 steps (4%) done
Select jobs to execute...

[Mon Feb 23 16:52:16 2026]
rule build_index:
    input: ../OUTPUTS/CDS/hcmv_cds.fasta
    output: ../OUTPUTS/INDEX/hcmv.idx
    jobid: 2
    reason: Missing output files: ../OUTPUTS/INDEX/hcmv.idx; Input files updated by another job: ../OUTPUTS/CDS/hcmv_cds.fasta
    resources: tmpdir=/tmp

[Mon Feb 23 16:52:17 2026]
Finished job 2.
2 of 27 steps (7%) done
Select jobs to execute...

[Mon Feb 23 16:52:17 2026]
rule bowtie2_index:
    input: ../GCF_000845245.1/genomic.fna
    output: ../OUTPUTS/BOWTIE2_INDEX/hcmv.1.bt2, ../OUTPUTS/BOWTIE2_INDEX/hcmv.2.bt2, ../OUTPUTS/BOWTIE2_INDEX/hcmv.3.bt2, ../OUTPUTS/BOWTIE2_INDEX/hcmv.4.bt2, ../OUTPUTS/BOWTIE2_INDEX/hcmv.rev.1.bt2, ../OUTPUTS/BOWTIE2_INDEX/hcmv.rev.2.bt2
    jobid: 8
    reason: Missing output files: ../OUTPUTS/BOWTIE2_INDEX/hcmv.rev.2.bt2, ../OUTPUTS/BOWTIE2_INDEX/hcmv.2.bt2, ../OUTPUTS/BOWTIE2_INDEX/hcmv.3.bt2, ../OUTPUTS/BOWTIE2_INDEX/hcmv.1.bt2, ../OUTPUTS/BOWTIE2_INDEX/hcmv.4.bt2, ../OUTPUTS/BOWTIE2_INDEX/hcmv.rev.1.bt2
    resources: tmpdir=/tmp

[Mon Feb 23 16:52:17 2026]
Finished job 8.
3 of 27 steps (11%) done
Select jobs to execute...

[Mon Feb 23 16:52:17 2026]
rule mapping:
    input: ../OUTPUTS/BOWTIE2_INDEX/hcmv.1.bt2, ../OUTPUTS/BOWTIE2_INDEX/hcmv.2.bt2, ../OUTPUTS/BOWTIE2_INDEX/hcmv.3.bt2, ../OUTPUTS/BOWTIE2_INDEX/hcmv.4.bt2, ../OUTPUTS/BOWTIE2_INDEX/hcmv.rev.1.bt2, ../OUTPUTS/BOWTIE2_INDEX/hcmv.rev.2.bt2, ../TESTS/SRR5660030_1.fastq, ../TESTS/SRR5660030_2.fastq
    output: ../OUTPUTS/MAPPING/SRR5660030.bam
    jobid: 7
    reason: Missing output files: ../OUTPUTS/MAPPING/SRR5660030.bam; Input files updated by another job: ../OUTPUTS/BOWTIE2_INDEX/hcmv.rev.2.bt2, ../OUTPUTS/BOWTIE2_INDEX/hcmv.3.bt2, ../OUTPUTS/BOWTIE2_INDEX/hcmv.1.bt2, ../OUTPUTS/BOWTIE2_INDEX/hcmv.2.bt2, ../OUTPUTS/BOWTIE2_INDEX/hcmv.4.bt2, ../OUTPUTS/BOWTIE2_INDEX/hcmv.rev.1.bt2
    wildcards: sample=SRR5660030
    resources: tmpdir=/tmp

[Mon Feb 23 16:52:19 2026]
Finished job 21.
4 of 27 steps (15%) done
Select jobs to execute...

[Mon Feb 23 16:52:19 2026]
rule longest_contig:
    input: ../OUTPUTS/SPADES/SRR5660045/transcripts.fasta
    output: ../OUTPUTS/LONGEST_CONTIG/SRR5660045.fasta
    jobid: 20
    reason: Missing output files: ../OUTPUTS/LONGEST_CONTIG/SRR5660045.fasta; Input files updated by another job: ../OUTPUTS/SPADES/SRR5660045/transcripts.fasta
    wildcards: sample=SRR5660045
    resources: tmpdir=/tmp

[Mon Feb 23 16:52:19 2026]
Finished job 20.
5 of 27 steps (19%) done
Select jobs to execute...

[Mon Feb 23 16:52:19 2026]
rule spades_assembly:
    input: ../TESTS/SRR5660030_1.fastq, ../TESTS/SRR5660030_2.fastq
    output: ../OUTPUTS/SPADES/SRR5660030/transcripts.fasta
    jobid: 15
    reason: Missing output files: ../OUTPUTS/SPADES/SRR5660030/transcripts.fasta
    wildcards: sample=SRR5660030
    resources: tmpdir=/tmp

[Mon Feb 23 16:52:19 2026]
Finished job 17.
6 of 27 steps (22%) done
Select jobs to execute...

[Mon Feb 23 16:52:19 2026]
rule kallisto_quant:
    input: ../OUTPUTS/INDEX/hcmv.idx, ../TESTS/SRR5660030_1.fastq, ../TESTS/SRR5660030_2.fastq
    output: ../OUTPUTS/QUANT/SRR5660030
    jobid: 3
    reason: Missing output files: ../OUTPUTS/QUANT/SRR5660030; Input files updated by another job: ../OUTPUTS/INDEX/hcmv.idx; Code has changed since last execution
    wildcards: sample=SRR5660030
    resources: tmpdir=/tmp

[Mon Feb 23 16:52:19 2026]
Error in rule kallisto_quant:
    jobid: 3
    input: ../OUTPUTS/INDEX/hcmv.idx, ../TESTS/SRR5660030_1.fastq, ../TESTS/SRR5660030_2.fastq
    output: ../OUTPUTS/QUANT/SRR5660030
    shell:
        
        kallisto quant \ 
            -i ../OUTPUTS/INDEX/hcmv.idx             -o ../OUTPUTS/QUANT/SRR5660030             -b 30             ../TESTS/SRR5660030_1.fastq             ../TESTS/SRR5660030_2.fastq
        
        (one of the commands exited with non-zero exit code; note that snakemake uses bash strict mode!)

[Mon Feb 23 16:52:19 2026]
Finished job 19.
7 of 27 steps (26%) done
[Mon Feb 23 16:52:20 2026]
Finished job 7.
8 of 27 steps (30%) done
[Mon Feb 23 16:52:23 2026]
Finished job 15.
9 of 27 steps (33%) done
Shutting down, this might take some time.
Exiting because a job execution failed. Look above for error message
Complete log: .snakemake/log/2026-02-23T165214.784338.snakemake.log
