Building DAG of jobs...
Using shell: /usr/bin/bash
Provided cores: 4
Rules claiming more threads will be scaled down.
Job stats:
job                     count
--------------------  -------
all                         1
blast_longest_contig        4
build_index                 1
extract_cds                 1
kallisto_quant              4
sleuth_analysis             1
total                      12

Select jobs to execute...

[Mon Feb 23 15:26:55 2026]
rule blast_longest_contig:
    input: ../OUTPUTS/LONGEST_CONTIG/SRR5660045.fasta, ../BLAST/genome.nhr, ../BLAST/genome.nin, ../BLAST/genome.nsq
    output: ../OUTPUTS/TEMP/SRR5660045.blast.txt, ../OUTPUTS/TEMP/blast_SRR5660045.done
    jobid: 25
    reason: Code has changed since last execution
    wildcards: sample=SRR5660045
    resources: tmpdir=/tmp


[Mon Feb 23 15:26:55 2026]
rule blast_longest_contig:
    input: ../OUTPUTS/LONGEST_CONTIG/SRR5660044.fasta, ../BLAST/genome.nhr, ../BLAST/genome.nin, ../BLAST/genome.nsq
    output: ../OUTPUTS/TEMP/SRR5660044.blast.txt, ../OUTPUTS/TEMP/blast_SRR5660044.done
    jobid: 24
    reason: Code has changed since last execution
    wildcards: sample=SRR5660044
    resources: tmpdir=/tmp


[Mon Feb 23 15:26:55 2026]
rule extract_cds:
    input: ../GCF_000845245.1/genomic.fna, ../GCF_000845245.1/genomic.gff
    output: ../OUTPUTS/CDS/hcmv_cds.fasta, ../OUTPUTS/TEMP/cd.txt
    jobid: 1
    reason: Code has changed since last execution
    resources: tmpdir=/tmp


[Mon Feb 23 15:26:55 2026]
rule blast_longest_contig:
    input: ../OUTPUTS/LONGEST_CONTIG/SRR5660030.fasta, ../BLAST/genome.nhr, ../BLAST/genome.nin, ../BLAST/genome.nsq
    output: ../OUTPUTS/TEMP/SRR5660030.blast.txt, ../OUTPUTS/TEMP/blast_SRR5660030.done
    jobid: 22
    reason: Code has changed since last execution
    wildcards: sample=SRR5660030
    resources: tmpdir=/tmp

[Mon Feb 23 15:26:55 2026]
Finished job 25.
1 of 12 steps (8%) done
Select jobs to execute...

[Mon Feb 23 15:26:55 2026]
rule blast_longest_contig:
    input: ../OUTPUTS/LONGEST_CONTIG/SRR5660033.fasta, ../BLAST/genome.nhr, ../BLAST/genome.nin, ../BLAST/genome.nsq
    output: ../OUTPUTS/TEMP/SRR5660033.blast.txt, ../OUTPUTS/TEMP/blast_SRR5660033.done
    jobid: 23
    reason: Code has changed since last execution
    wildcards: sample=SRR5660033
    resources: tmpdir=/tmp

[Mon Feb 23 15:26:55 2026]
Finished job 22.
2 of 12 steps (17%) done
[Mon Feb 23 15:26:55 2026]
Finished job 24.
3 of 12 steps (25%) done
[Mon Feb 23 15:26:55 2026]
Finished job 23.
4 of 12 steps (33%) done
[Mon Feb 23 15:26:55 2026]
Finished job 1.
5 of 12 steps (42%) done
Select jobs to execute...

[Mon Feb 23 15:26:55 2026]
rule build_index:
    input: ../OUTPUTS/CDS/hcmv_cds.fasta
    output: ../OUTPUTS/INDEX/hcmv.idx
    jobid: 2
    reason: Input files updated by another job: ../OUTPUTS/CDS/hcmv_cds.fasta
    resources: tmpdir=/tmp

[Mon Feb 23 15:26:56 2026]
Finished job 2.
6 of 12 steps (50%) done
Select jobs to execute...

[Mon Feb 23 15:26:56 2026]
rule kallisto_quant:
    input: ../OUTPUTS/INDEX/hcmv.idx, ../TESTS/SRR5660045_1.fastq, ../TESTS/SRR5660045_2.fastq
    output: ../OUTPUTS/QUANT/SRR5660045
    jobid: 6
    reason: Input files updated by another job: ../OUTPUTS/INDEX/hcmv.idx
    wildcards: sample=SRR5660045
    resources: tmpdir=/tmp


[Mon Feb 23 15:26:56 2026]
rule kallisto_quant:
    input: ../OUTPUTS/INDEX/hcmv.idx, ../TESTS/SRR5660030_1.fastq, ../TESTS/SRR5660030_2.fastq
    output: ../OUTPUTS/QUANT/SRR5660030
    jobid: 3
    reason: Input files updated by another job: ../OUTPUTS/INDEX/hcmv.idx
    wildcards: sample=SRR5660030
    resources: tmpdir=/tmp


[Mon Feb 23 15:26:56 2026]
rule kallisto_quant:
    input: ../OUTPUTS/INDEX/hcmv.idx, ../TESTS/SRR5660033_1.fastq, ../TESTS/SRR5660033_2.fastq
    output: ../OUTPUTS/QUANT/SRR5660033
    jobid: 4
    reason: Input files updated by another job: ../OUTPUTS/INDEX/hcmv.idx
    wildcards: sample=SRR5660033
    resources: tmpdir=/tmp


[Mon Feb 23 15:26:56 2026]
rule kallisto_quant:
    input: ../OUTPUTS/INDEX/hcmv.idx, ../TESTS/SRR5660044_1.fastq, ../TESTS/SRR5660044_2.fastq
    output: ../OUTPUTS/QUANT/SRR5660044
    jobid: 5
    reason: Input files updated by another job: ../OUTPUTS/INDEX/hcmv.idx
    wildcards: sample=SRR5660044
    resources: tmpdir=/tmp

[Mon Feb 23 15:26:57 2026]
Finished job 3.
7 of 12 steps (58%) done
[Mon Feb 23 15:26:57 2026]
Finished job 5.
8 of 12 steps (67%) done
[Mon Feb 23 15:26:57 2026]
Finished job 4.
9 of 12 steps (75%) done
[Mon Feb 23 15:26:57 2026]
Finished job 6.
10 of 12 steps (83%) done
Select jobs to execute...

[Mon Feb 23 15:26:57 2026]
rule sleuth_analysis:
    input: ../OUTPUTS/QUANT/SRR5660030, ../OUTPUTS/QUANT/SRR5660033, ../OUTPUTS/QUANT/SRR5660044, ../OUTPUTS/QUANT/SRR5660045, ../SCRIPTS/sleuth_analysis.R
    output: ../SCRIPTS/temp.txt
    jobid: 7
    reason: Input files updated by another job: ../OUTPUTS/QUANT/SRR5660044, ../OUTPUTS/QUANT/SRR5660030, ../OUTPUTS/QUANT/SRR5660045, ../OUTPUTS/QUANT/SRR5660033
    resources: tmpdir=/tmp

[Mon Feb 23 15:27:01 2026]
Finished job 7.
11 of 12 steps (92%) done
Select jobs to execute...

[Mon Feb 23 15:27:01 2026]
localrule all:
    input: ../OUTPUTS/TEMP/cd.txt, ../OUTPUTS/INDEX/hcmv.idx, ../OUTPUTS/QUANT/SRR5660030, ../OUTPUTS/QUANT/SRR5660033, ../OUTPUTS/QUANT/SRR5660044, ../OUTPUTS/QUANT/SRR5660045, ../SCRIPTS/temp.txt, ../OUTPUTS/MAPPING/SRR5660030.bam, ../OUTPUTS/MAPPING/SRR5660033.bam, ../OUTPUTS/MAPPING/SRR5660044.bam, ../OUTPUTS/MAPPING/SRR5660045.bam, ../OUTPUTS/BOWTIE2_INDEX/hcmv.1.bt2, ../OUTPUTS/BOWTIE2_INDEX/hcmv.2.bt2, ../OUTPUTS/BOWTIE2_INDEX/hcmv.3.bt2, ../OUTPUTS/BOWTIE2_INDEX/hcmv.4.bt2, ../OUTPUTS/BOWTIE2_INDEX/hcmv.rev.1.bt2, ../OUTPUTS/BOWTIE2_INDEX/hcmv.rev.2.bt2, ../OUTPUTS/TEMP/count_reads.tmp, ../OUTPUTS/LONGEST_CONTIG/SRR5660030.fasta, ../OUTPUTS/LONGEST_CONTIG/SRR5660033.fasta, ../OUTPUTS/LONGEST_CONTIG/SRR5660044.fasta, ../OUTPUTS/LONGEST_CONTIG/SRR5660045.fasta, ../OUTPUTS/TEMP/blast_SRR5660030.done, ../OUTPUTS/TEMP/blast_SRR5660033.done, ../OUTPUTS/TEMP/blast_SRR5660044.done, ../OUTPUTS/TEMP/blast_SRR5660045.done
    jobid: 0
    reason: Input files updated by another job: ../OUTPUTS/TEMP/blast_SRR5660045.done, ../OUTPUTS/TEMP/blast_SRR5660033.done, ../OUTPUTS/QUANT/SRR5660030, ../OUTPUTS/INDEX/hcmv.idx, ../OUTPUTS/TEMP/blast_SRR5660030.done, ../OUTPUTS/TEMP/blast_SRR5660044.done, ../OUTPUTS/QUANT/SRR5660044, ../OUTPUTS/TEMP/cd.txt, ../OUTPUTS/QUANT/SRR5660045, ../SCRIPTS/temp.txt, ../OUTPUTS/QUANT/SRR5660033
    resources: tmpdir=/tmp

[Mon Feb 23 15:27:01 2026]
Finished job 0.
12 of 12 steps (100%) done
Complete log: .snakemake/log/2026-02-23T152654.375361.snakemake.log
