Building DAG of jobs...
Using shell: /usr/bin/bash
Provided cores: 4
Rules claiming more threads will be scaled down.
Job stats:
job                     count
--------------------  -------
all                         1
blast_longest_contig        4
bowtie2_index               1
build_index                 1
count_reads                 1
extract_cds                 1
kallisto_quant              4
longest_contig              4
mapping                     4
merge_reports               1
sleuth_analysis             1
spades_assembly             4
total                      27

Select jobs to execute...

[Mon Feb 23 16:26:22 2026]
rule extract_cds:
    input: ../GCF_000845245.1/genomic.fna, ../GCF_000845245.1/genomic.gff
    output: ../OUTPUTS/CDS/hcmv_cds.fasta, ../OUTPUTS/TEMP/cd.txt
    jobid: 1
    reason: Missing output files: ../OUTPUTS/TEMP/cd.txt, ../OUTPUTS/CDS/hcmv_cds.fasta; Code has changed since last execution
    resources: tmpdir=/tmp


[Mon Feb 23 16:26:22 2026]
rule spades_assembly:
    input: ../TESTS/SRR5660045_1.fastq, ../TESTS/SRR5660045_2.fastq
    output: ../OUTPUTS/SPADES/SRR5660045/transcripts.fasta
    jobid: 21
    reason: Missing output files: ../OUTPUTS/SPADES/SRR5660045/transcripts.fasta; Code has changed since last execution
    wildcards: sample=SRR5660045
    resources: tmpdir=/tmp


[Mon Feb 23 16:26:22 2026]
rule spades_assembly:
    input: ../TESTS/SRR5660044_1.fastq, ../TESTS/SRR5660044_2.fastq
    output: ../OUTPUTS/SPADES/SRR5660044/transcripts.fasta
    jobid: 19
    reason: Missing output files: ../OUTPUTS/SPADES/SRR5660044/transcripts.fasta; Code has changed since last execution
    wildcards: sample=SRR5660044
    resources: tmpdir=/tmp


[Mon Feb 23 16:26:22 2026]
rule spades_assembly:
    input: ../TESTS/SRR5660033_1.fastq, ../TESTS/SRR5660033_2.fastq
    output: ../OUTPUTS/SPADES/SRR5660033/transcripts.fasta
    jobid: 17
    reason: Missing output files: ../OUTPUTS/SPADES/SRR5660033/transcripts.fasta; Code has changed since last execution
    wildcards: sample=SRR5660033
    resources: tmpdir=/tmp

[Mon Feb 23 16:26:23 2026]
Finished job 1.
1 of 27 steps (4%) done
Select jobs to execute...

[Mon Feb 23 16:26:23 2026]
rule spades_assembly:
    input: ../TESTS/SRR5660030_1.fastq, ../TESTS/SRR5660030_2.fastq
    output: ../OUTPUTS/SPADES/SRR5660030/transcripts.fasta
    jobid: 15
    reason: Missing output files: ../OUTPUTS/SPADES/SRR5660030/transcripts.fasta; Code has changed since last execution
    wildcards: sample=SRR5660030
    resources: tmpdir=/tmp

[Mon Feb 23 16:26:26 2026]
Finished job 21.
2 of 27 steps (7%) done
Select jobs to execute...

[Mon Feb 23 16:26:26 2026]
rule longest_contig:
    input: ../OUTPUTS/SPADES/SRR5660045/transcripts.fasta
    output: ../OUTPUTS/LONGEST_CONTIG/SRR5660045.fasta
    jobid: 20
    reason: Missing output files: ../OUTPUTS/LONGEST_CONTIG/SRR5660045.fasta; Input files updated by another job: ../OUTPUTS/SPADES/SRR5660045/transcripts.fasta
    wildcards: sample=SRR5660045
    resources: tmpdir=/tmp

[Mon Feb 23 16:26:26 2026]
Finished job 20.
3 of 27 steps (11%) done
Select jobs to execute...

[Mon Feb 23 16:26:26 2026]
rule bowtie2_index:
    input: ../GCF_000845245.1/genomic.fna
    output: ../OUTPUTS/BOWTIE2_INDEX/hcmv.1.bt2, ../OUTPUTS/BOWTIE2_INDEX/hcmv.2.bt2, ../OUTPUTS/BOWTIE2_INDEX/hcmv.3.bt2, ../OUTPUTS/BOWTIE2_INDEX/hcmv.4.bt2, ../OUTPUTS/BOWTIE2_INDEX/hcmv.rev.1.bt2, ../OUTPUTS/BOWTIE2_INDEX/hcmv.rev.2.bt2
    jobid: 9
    reason: Missing output files: ../OUTPUTS/BOWTIE2_INDEX/hcmv.2.bt2, ../OUTPUTS/BOWTIE2_INDEX/hcmv.rev.1.bt2, ../OUTPUTS/BOWTIE2_INDEX/hcmv.3.bt2, ../OUTPUTS/BOWTIE2_INDEX/hcmv.4.bt2, ../OUTPUTS/BOWTIE2_INDEX/hcmv.rev.2.bt2, ../OUTPUTS/BOWTIE2_INDEX/hcmv.1.bt2; Code has changed since last execution
    resources: tmpdir=/tmp

[Mon Feb 23 16:26:26 2026]
Finished job 17.
4 of 27 steps (15%) done
Select jobs to execute...

[Mon Feb 23 16:26:26 2026]
rule longest_contig:
    input: ../OUTPUTS/SPADES/SRR5660033/transcripts.fasta
    output: ../OUTPUTS/LONGEST_CONTIG/SRR5660033.fasta
    jobid: 16
    reason: Missing output files: ../OUTPUTS/LONGEST_CONTIG/SRR5660033.fasta; Input files updated by another job: ../OUTPUTS/SPADES/SRR5660033/transcripts.fasta
    wildcards: sample=SRR5660033
    resources: tmpdir=/tmp

[Mon Feb 23 16:26:26 2026]
Finished job 15.
5 of 27 steps (19%) done
Select jobs to execute...

[Mon Feb 23 16:26:26 2026]
rule blast_longest_contig:
    input: ../OUTPUTS/LONGEST_CONTIG/SRR5660045.fasta, ../BLAST/genome.nhr, ../BLAST/genome.nin, ../BLAST/genome.nsq
    output: ../OUTPUTS/TEMP/SRR5660045.blast.txt, ../OUTPUTS/TEMP/blast_SRR5660045.done
    jobid: 25
    reason: Missing output files: ../OUTPUTS/TEMP/SRR5660045.blast.txt, ../OUTPUTS/TEMP/blast_SRR5660045.done; Input files updated by another job: ../OUTPUTS/LONGEST_CONTIG/SRR5660045.fasta
    wildcards: sample=SRR5660045
    resources: tmpdir=/tmp

[Mon Feb 23 16:26:26 2026]
Finished job 19.
6 of 27 steps (22%) done
Select jobs to execute...

[Mon Feb 23 16:26:26 2026]
rule longest_contig:
    input: ../OUTPUTS/SPADES/SRR5660044/transcripts.fasta
    output: ../OUTPUTS/LONGEST_CONTIG/SRR5660044.fasta
    jobid: 18
    reason: Missing output files: ../OUTPUTS/LONGEST_CONTIG/SRR5660044.fasta; Input files updated by another job: ../OUTPUTS/SPADES/SRR5660044/transcripts.fasta
    wildcards: sample=SRR5660044
    resources: tmpdir=/tmp

[Mon Feb 23 16:26:26 2026]
Finished job 9.
7 of 27 steps (26%) done
Select jobs to execute...

[Mon Feb 23 16:26:26 2026]
rule build_index:
    input: ../OUTPUTS/CDS/hcmv_cds.fasta
    output: ../OUTPUTS/INDEX/hcmv.idx
    jobid: 2
    reason: Missing output files: ../OUTPUTS/INDEX/hcmv.idx; Input files updated by another job: ../OUTPUTS/CDS/hcmv_cds.fasta
    resources: tmpdir=/tmp

[Mon Feb 23 16:26:26 2026]
Finished job 16.
8 of 27 steps (30%) done
Select jobs to execute...

[Mon Feb 23 16:26:26 2026]
rule blast_longest_contig:
    input: ../OUTPUTS/LONGEST_CONTIG/SRR5660033.fasta, ../BLAST/genome.nhr, ../BLAST/genome.nin, ../BLAST/genome.nsq
    output: ../OUTPUTS/TEMP/SRR5660033.blast.txt, ../OUTPUTS/TEMP/blast_SRR5660033.done
    jobid: 23
    reason: Missing output files: ../OUTPUTS/TEMP/blast_SRR5660033.done, ../OUTPUTS/TEMP/SRR5660033.blast.txt; Input files updated by another job: ../OUTPUTS/LONGEST_CONTIG/SRR5660033.fasta
    wildcards: sample=SRR5660033
    resources: tmpdir=/tmp

[Mon Feb 23 16:26:26 2026]
Finished job 25.
9 of 27 steps (33%) done
Select jobs to execute...

[Mon Feb 23 16:26:27 2026]
rule mapping:
    input: ../OUTPUTS/BOWTIE2_INDEX/hcmv.1.bt2, ../OUTPUTS/BOWTIE2_INDEX/hcmv.2.bt2, ../OUTPUTS/BOWTIE2_INDEX/hcmv.3.bt2, ../OUTPUTS/BOWTIE2_INDEX/hcmv.4.bt2, ../OUTPUTS/BOWTIE2_INDEX/hcmv.rev.1.bt2, ../OUTPUTS/BOWTIE2_INDEX/hcmv.rev.2.bt2, ../TESTS/SRR5660030_1.fastq, ../TESTS/SRR5660030_2.fastq
    output: ../OUTPUTS/MAPPING/SRR5660030.bam
    jobid: 8
    reason: Missing output files: ../OUTPUTS/MAPPING/SRR5660030.bam; Input files updated by another job: ../OUTPUTS/BOWTIE2_INDEX/hcmv.1.bt2, ../OUTPUTS/BOWTIE2_INDEX/hcmv.4.bt2, ../OUTPUTS/BOWTIE2_INDEX/hcmv.2.bt2, ../OUTPUTS/BOWTIE2_INDEX/hcmv.rev.2.bt2, ../OUTPUTS/BOWTIE2_INDEX/hcmv.rev.1.bt2, ../OUTPUTS/BOWTIE2_INDEX/hcmv.3.bt2
    wildcards: sample=SRR5660030
    resources: tmpdir=/tmp

[Mon Feb 23 16:26:27 2026]
Finished job 23.
10 of 27 steps (37%) done
Select jobs to execute...

[Mon Feb 23 16:26:27 2026]
rule mapping:
    input: ../OUTPUTS/BOWTIE2_INDEX/hcmv.1.bt2, ../OUTPUTS/BOWTIE2_INDEX/hcmv.2.bt2, ../OUTPUTS/BOWTIE2_INDEX/hcmv.3.bt2, ../OUTPUTS/BOWTIE2_INDEX/hcmv.4.bt2, ../OUTPUTS/BOWTIE2_INDEX/hcmv.rev.1.bt2, ../OUTPUTS/BOWTIE2_INDEX/hcmv.rev.2.bt2, ../TESTS/SRR5660033_1.fastq, ../TESTS/SRR5660033_2.fastq
    output: ../OUTPUTS/MAPPING/SRR5660033.bam
    jobid: 10
    reason: Missing output files: ../OUTPUTS/MAPPING/SRR5660033.bam; Input files updated by another job: ../OUTPUTS/BOWTIE2_INDEX/hcmv.1.bt2, ../OUTPUTS/BOWTIE2_INDEX/hcmv.4.bt2, ../OUTPUTS/BOWTIE2_INDEX/hcmv.2.bt2, ../OUTPUTS/BOWTIE2_INDEX/hcmv.rev.2.bt2, ../OUTPUTS/BOWTIE2_INDEX/hcmv.rev.1.bt2, ../OUTPUTS/BOWTIE2_INDEX/hcmv.3.bt2
    wildcards: sample=SRR5660033
    resources: tmpdir=/tmp

[Mon Feb 23 16:26:27 2026]
Finished job 18.
11 of 27 steps (41%) done
Select jobs to execute...

[Mon Feb 23 16:26:27 2026]
rule mapping:
    input: ../OUTPUTS/BOWTIE2_INDEX/hcmv.1.bt2, ../OUTPUTS/BOWTIE2_INDEX/hcmv.2.bt2, ../OUTPUTS/BOWTIE2_INDEX/hcmv.3.bt2, ../OUTPUTS/BOWTIE2_INDEX/hcmv.4.bt2, ../OUTPUTS/BOWTIE2_INDEX/hcmv.rev.1.bt2, ../OUTPUTS/BOWTIE2_INDEX/hcmv.rev.2.bt2, ../TESTS/SRR5660044_1.fastq, ../TESTS/SRR5660044_2.fastq
    output: ../OUTPUTS/MAPPING/SRR5660044.bam
    jobid: 11
    reason: Missing output files: ../OUTPUTS/MAPPING/SRR5660044.bam; Input files updated by another job: ../OUTPUTS/BOWTIE2_INDEX/hcmv.1.bt2, ../OUTPUTS/BOWTIE2_INDEX/hcmv.4.bt2, ../OUTPUTS/BOWTIE2_INDEX/hcmv.2.bt2, ../OUTPUTS/BOWTIE2_INDEX/hcmv.rev.2.bt2, ../OUTPUTS/BOWTIE2_INDEX/hcmv.rev.1.bt2, ../OUTPUTS/BOWTIE2_INDEX/hcmv.3.bt2
    wildcards: sample=SRR5660044
    resources: tmpdir=/tmp

[Mon Feb 23 16:26:27 2026]
Finished job 2.
12 of 27 steps (44%) done
Select jobs to execute...

[Mon Feb 23 16:26:27 2026]
rule kallisto_quant:
    input: ../OUTPUTS/INDEX/hcmv.idx, ../TESTS/SRR5660033_1.fastq, ../TESTS/SRR5660033_2.fastq
    output: ../OUTPUTS/QUANT/SRR5660033
    jobid: 4
    reason: Missing output files: ../OUTPUTS/QUANT/SRR5660033; Input files updated by another job: ../OUTPUTS/INDEX/hcmv.idx
    wildcards: sample=SRR5660033
    resources: tmpdir=/tmp

[Mon Feb 23 16:26:28 2026]
Finished job 4.
13 of 27 steps (48%) done
Select jobs to execute...

[Mon Feb 23 16:26:28 2026]
rule kallisto_quant:
    input: ../OUTPUTS/INDEX/hcmv.idx, ../TESTS/SRR5660044_1.fastq, ../TESTS/SRR5660044_2.fastq
    output: ../OUTPUTS/QUANT/SRR5660044
    jobid: 5
    reason: Missing output files: ../OUTPUTS/QUANT/SRR5660044; Input files updated by another job: ../OUTPUTS/INDEX/hcmv.idx
    wildcards: sample=SRR5660044
    resources: tmpdir=/tmp

[Mon Feb 23 16:26:29 2026]
Finished job 5.
14 of 27 steps (52%) done
Select jobs to execute...

[Mon Feb 23 16:26:29 2026]
rule kallisto_quant:
    input: ../OUTPUTS/INDEX/hcmv.idx, ../TESTS/SRR5660045_1.fastq, ../TESTS/SRR5660045_2.fastq
    output: ../OUTPUTS/QUANT/SRR5660045
    jobid: 6
    reason: Missing output files: ../OUTPUTS/QUANT/SRR5660045; Input files updated by another job: ../OUTPUTS/INDEX/hcmv.idx
    wildcards: sample=SRR5660045
    resources: tmpdir=/tmp

[Mon Feb 23 16:26:30 2026]
Finished job 10.
15 of 27 steps (56%) done
Select jobs to execute...

[Mon Feb 23 16:26:30 2026]
rule longest_contig:
    input: ../OUTPUTS/SPADES/SRR5660030/transcripts.fasta
    output: ../OUTPUTS/LONGEST_CONTIG/SRR5660030.fasta
    jobid: 14
    reason: Missing output files: ../OUTPUTS/LONGEST_CONTIG/SRR5660030.fasta; Input files updated by another job: ../OUTPUTS/SPADES/SRR5660030/transcripts.fasta
    wildcards: sample=SRR5660030
    resources: tmpdir=/tmp

[Mon Feb 23 16:26:30 2026]
Finished job 11.
16 of 27 steps (59%) done
Select jobs to execute...

[Mon Feb 23 16:26:30 2026]
rule mapping:
    input: ../OUTPUTS/BOWTIE2_INDEX/hcmv.1.bt2, ../OUTPUTS/BOWTIE2_INDEX/hcmv.2.bt2, ../OUTPUTS/BOWTIE2_INDEX/hcmv.3.bt2, ../OUTPUTS/BOWTIE2_INDEX/hcmv.4.bt2, ../OUTPUTS/BOWTIE2_INDEX/hcmv.rev.1.bt2, ../OUTPUTS/BOWTIE2_INDEX/hcmv.rev.2.bt2, ../TESTS/SRR5660045_1.fastq, ../TESTS/SRR5660045_2.fastq
    output: ../OUTPUTS/MAPPING/SRR5660045.bam
    jobid: 12
    reason: Missing output files: ../OUTPUTS/MAPPING/SRR5660045.bam; Input files updated by another job: ../OUTPUTS/BOWTIE2_INDEX/hcmv.1.bt2, ../OUTPUTS/BOWTIE2_INDEX/hcmv.4.bt2, ../OUTPUTS/BOWTIE2_INDEX/hcmv.2.bt2, ../OUTPUTS/BOWTIE2_INDEX/hcmv.rev.2.bt2, ../OUTPUTS/BOWTIE2_INDEX/hcmv.rev.1.bt2, ../OUTPUTS/BOWTIE2_INDEX/hcmv.3.bt2
    wildcards: sample=SRR5660045
    resources: tmpdir=/tmp

[Mon Feb 23 16:26:30 2026]
Finished job 6.
17 of 27 steps (63%) done
Select jobs to execute...

[Mon Feb 23 16:26:30 2026]
rule blast_longest_contig:
    input: ../OUTPUTS/LONGEST_CONTIG/SRR5660044.fasta, ../BLAST/genome.nhr, ../BLAST/genome.nin, ../BLAST/genome.nsq
    output: ../OUTPUTS/TEMP/SRR5660044.blast.txt, ../OUTPUTS/TEMP/blast_SRR5660044.done
    jobid: 24
    reason: Missing output files: ../OUTPUTS/TEMP/SRR5660044.blast.txt, ../OUTPUTS/TEMP/blast_SRR5660044.done; Input files updated by another job: ../OUTPUTS/LONGEST_CONTIG/SRR5660044.fasta
    wildcards: sample=SRR5660044
    resources: tmpdir=/tmp

[Mon Feb 23 16:26:30 2026]
Finished job 8.
18 of 27 steps (67%) done
Select jobs to execute...

[Mon Feb 23 16:26:30 2026]
rule kallisto_quant:
    input: ../OUTPUTS/INDEX/hcmv.idx, ../TESTS/SRR5660030_1.fastq, ../TESTS/SRR5660030_2.fastq
    output: ../OUTPUTS/QUANT/SRR5660030
    jobid: 3
    reason: Missing output files: ../OUTPUTS/QUANT/SRR5660030; Input files updated by another job: ../OUTPUTS/INDEX/hcmv.idx
    wildcards: sample=SRR5660030
    resources: tmpdir=/tmp

[Mon Feb 23 16:26:30 2026]
Finished job 24.
19 of 27 steps (70%) done
[Mon Feb 23 16:26:30 2026]
Finished job 14.
20 of 27 steps (74%) done
Select jobs to execute...

[Mon Feb 23 16:26:30 2026]
rule blast_longest_contig:
    input: ../OUTPUTS/LONGEST_CONTIG/SRR5660030.fasta, ../BLAST/genome.nhr, ../BLAST/genome.nin, ../BLAST/genome.nsq
    output: ../OUTPUTS/TEMP/SRR5660030.blast.txt, ../OUTPUTS/TEMP/blast_SRR5660030.done
    jobid: 22
    reason: Missing output files: ../OUTPUTS/TEMP/SRR5660030.blast.txt, ../OUTPUTS/TEMP/blast_SRR5660030.done; Input files updated by another job: ../OUTPUTS/LONGEST_CONTIG/SRR5660030.fasta
    wildcards: sample=SRR5660030
    resources: tmpdir=/tmp

[Mon Feb 23 16:26:30 2026]
Finished job 22.
21 of 27 steps (78%) done
[Mon Feb 23 16:26:31 2026]
Finished job 3.
22 of 27 steps (81%) done
Select jobs to execute...

[Mon Feb 23 16:26:31 2026]
rule sleuth_analysis:
    input: ../OUTPUTS/QUANT/SRR5660030, ../OUTPUTS/QUANT/SRR5660033, ../OUTPUTS/QUANT/SRR5660044, ../OUTPUTS/QUANT/SRR5660045, ../SCRIPTS/sleuth_analysis.R
    output: ../SCRIPTS/temp.txt
    jobid: 7
    reason: Input files updated by another job: ../OUTPUTS/QUANT/SRR5660030, ../OUTPUTS/QUANT/SRR5660033, ../OUTPUTS/QUANT/SRR5660044, ../OUTPUTS/QUANT/SRR5660045
    resources: tmpdir=/tmp

[Mon Feb 23 16:26:32 2026]
Finished job 12.
23 of 27 steps (85%) done
Select jobs to execute...

[Mon Feb 23 16:26:32 2026]
rule count_reads:
    input: ../OUTPUTS/MAPPING/SRR5660030.bam, ../OUTPUTS/MAPPING/SRR5660033.bam, ../OUTPUTS/MAPPING/SRR5660044.bam, ../OUTPUTS/MAPPING/SRR5660045.bam
    output: ../OUTPUTS/TEMP/count.txt
    jobid: 13
    reason: Missing output files: ../OUTPUTS/TEMP/count.txt; Input files updated by another job: ../OUTPUTS/MAPPING/SRR5660044.bam, ../OUTPUTS/MAPPING/SRR5660045.bam, ../OUTPUTS/MAPPING/SRR5660033.bam, ../OUTPUTS/MAPPING/SRR5660030.bam
    resources: tmpdir=/tmp

[Mon Feb 23 16:26:32 2026]
Finished job 13.
24 of 27 steps (89%) done
Select jobs to execute...

[Mon Feb 23 16:26:32 2026]
rule merge_reports:
    input: ../OUTPUTS/TEMP/cd.txt, ../OUTPUTS/TEMP/count.txt, ../OUTPUTS/TEMP/SRR5660030.blast.txt, ../OUTPUTS/TEMP/SRR5660033.blast.txt, ../OUTPUTS/TEMP/SRR5660044.blast.txt, ../OUTPUTS/TEMP/SRR5660045.blast.txt
    output: ../PipelineReport.txt
    jobid: 26
    reason: Missing output files: ../PipelineReport.txt; Input files updated by another job: ../OUTPUTS/TEMP/SRR5660044.blast.txt, ../OUTPUTS/TEMP/SRR5660030.blast.txt, ../OUTPUTS/TEMP/count.txt, ../OUTPUTS/TEMP/cd.txt, ../OUTPUTS/TEMP/SRR5660045.blast.txt, ../OUTPUTS/TEMP/SRR5660033.blast.txt
    resources: tmpdir=/tmp

[Mon Feb 23 16:26:32 2026]
Finished job 26.
25 of 27 steps (93%) done
[Mon Feb 23 16:26:34 2026]
Finished job 7.
26 of 27 steps (96%) done
Select jobs to execute...

[Mon Feb 23 16:26:34 2026]
localrule all:
    input: ../OUTPUTS/CDS/hcmv_cds.fasta, ../OUTPUTS/INDEX/hcmv.idx, ../OUTPUTS/QUANT/SRR5660030, ../OUTPUTS/QUANT/SRR5660033, ../OUTPUTS/QUANT/SRR5660044, ../OUTPUTS/QUANT/SRR5660045, ../SCRIPTS/temp.txt, ../OUTPUTS/MAPPING/SRR5660030.bam, ../OUTPUTS/MAPPING/SRR5660033.bam, ../OUTPUTS/MAPPING/SRR5660044.bam, ../OUTPUTS/MAPPING/SRR5660045.bam, ../OUTPUTS/BOWTIE2_INDEX/hcmv.1.bt2, ../OUTPUTS/BOWTIE2_INDEX/hcmv.2.bt2, ../OUTPUTS/BOWTIE2_INDEX/hcmv.3.bt2, ../OUTPUTS/BOWTIE2_INDEX/hcmv.4.bt2, ../OUTPUTS/BOWTIE2_INDEX/hcmv.rev.1.bt2, ../OUTPUTS/BOWTIE2_INDEX/hcmv.rev.2.bt2, ../OUTPUTS/TEMP/count.txt, ../OUTPUTS/LONGEST_CONTIG/SRR5660030.fasta, ../OUTPUTS/LONGEST_CONTIG/SRR5660033.fasta, ../OUTPUTS/LONGEST_CONTIG/SRR5660044.fasta, ../OUTPUTS/LONGEST_CONTIG/SRR5660045.fasta, ../OUTPUTS/TEMP/blast_SRR5660030.done, ../OUTPUTS/TEMP/blast_SRR5660033.done, ../OUTPUTS/TEMP/blast_SRR5660044.done, ../OUTPUTS/TEMP/blast_SRR5660045.done, ../PipelineReport.txt
    jobid: 0
    reason: Input files updated by another job: ../OUTPUTS/BOWTIE2_INDEX/hcmv.2.bt2, ../OUTPUTS/TEMP/count.txt, ../OUTPUTS/MAPPING/SRR5660045.bam, ../OUTPUTS/BOWTIE2_INDEX/hcmv.3.bt2, ../OUTPUTS/CDS/hcmv_cds.fasta, ../OUTPUTS/QUANT/SRR5660033, ../OUTPUTS/BOWTIE2_INDEX/hcmv.4.bt2, ../OUTPUTS/LONGEST_CONTIG/SRR5660033.fasta, ../OUTPUTS/MAPPING/SRR5660044.bam, ../OUTPUTS/TEMP/blast_SRR5660033.done, ../OUTPUTS/INDEX/hcmv.idx, ../OUTPUTS/QUANT/SRR5660044, ../OUTPUTS/LONGEST_CONTIG/SRR5660044.fasta, ../OUTPUTS/BOWTIE2_INDEX/hcmv.1.bt2, ../OUTPUTS/TEMP/blast_SRR5660045.done, ../OUTPUTS/QUANT/SRR5660030, ../PipelineReport.txt, ../OUTPUTS/LONGEST_CONTIG/SRR5660045.fasta, ../OUTPUTS/QUANT/SRR5660045, ../OUTPUTS/BOWTIE2_INDEX/hcmv.rev.1.bt2, ../OUTPUTS/MAPPING/SRR5660030.bam, ../OUTPUTS/MAPPING/SRR5660033.bam, ../OUTPUTS/TEMP/blast_SRR5660030.done, ../SCRIPTS/temp.txt, ../OUTPUTS/LONGEST_CONTIG/SRR5660030.fasta, ../OUTPUTS/BOWTIE2_INDEX/hcmv.rev.2.bt2, ../OUTPUTS/TEMP/blast_SRR5660044.done
    resources: tmpdir=/tmp

[Mon Feb 23 16:26:34 2026]
Finished job 0.
27 of 27 steps (100%) done
Complete log: .snakemake/log/2026-02-23T162622.062180.snakemake.log
