Command line: /usr/libexec/spades/spades.py	--only-assembler	--rna	-k	127	-1	/home/bofosu/rna_seq_analysis/TESTS/SRR5660030_1.fastq	-2	/home/bofosu/rna_seq_analysis/TESTS/SRR5660030_2.fastq	-o	/home/bofosu/rna_seq_analysis/OUTPUTS/SPADES/SRR5660030	

System information:
  SPAdes version: 3.15.5
  Python version: 3.12.3
  OS: Linux-6.8.0-90-generic-x86_64-with-glibc2.39

Output dir: /home/bofosu/rna_seq_analysis/OUTPUTS/SPADES/SRR5660030
Debug mode is turned OFF

Dataset parameters:
  RNA-seq mode
  Reads:
    Library number: 1, library type: paired-end
      orientation: fr
      left reads: ['/home/bofosu/rna_seq_analysis/TESTS/SRR5660030_1.fastq']
      right reads: ['/home/bofosu/rna_seq_analysis/TESTS/SRR5660030_2.fastq']
      interlaced reads: not specified
      single reads: not specified
      merged reads: not specified
Assembly parameters:
  k: [127]
  Repeat resolution is enabled
  Mismatch careful mode is turned OFF
  MismatchCorrector will be SKIPPED
  Coverage cutoff is turned OFF
Other parameters:
  Dir for temp files: /home/bofosu/rna_seq_analysis/OUTPUTS/SPADES/SRR5660030/tmp
  Threads: 16
  Memory limit (in Gb): 250


======= SPAdes pipeline started. Log can be found here: /home/bofosu/rna_seq_analysis/OUTPUTS/SPADES/SRR5660030/spades.log


===== Before start started. 


===== Assembling started. 


===== K127 started. 


== Running: /usr/libexec/spades/spades-core /home/bofosu/rna_seq_analysis/OUTPUTS/SPADES/SRR5660030/K127/configs/config.info /home/bofosu/rna_seq_analysis/OUTPUTS/SPADES/SRR5660030/K127/configs/mda_mode.info /home/bofosu/rna_seq_analysis/OUTPUTS/SPADES/SRR5660030/K127/configs/rna_mode.info

  0:00:00.000     1M / 18M   INFO    General                 (main.cpp                  :  99)   Loaded config from /home/bofosu/rna_seq_analysis/OUTPUTS/SPADES/SRR5660030/K127/configs/config.info
  0:00:00.000     1M / 18M   INFO    General                 (main.cpp                  :  99)   Loaded config from /home/bofosu/rna_seq_analysis/OUTPUTS/SPADES/SRR5660030/K127/configs/mda_mode.info
  0:00:00.000     1M / 18M   INFO    General                 (main.cpp                  :  99)   Loaded config from /home/bofosu/rna_seq_analysis/OUTPUTS/SPADES/SRR5660030/K127/configs/rna_mode.info
  0:00:00.000     1M / 18M   INFO    General                 (memory_limit.cpp          :  54)   Memory limit set to 250 Gb
  0:00:00.000     1M / 18M   INFO    General                 (main.cpp                  : 107)   Starting SPAdes, built from N/A, git revision N/A
  0:00:00.000     1M / 18M   INFO    General                 (main.cpp                  : 108)   Maximum k-mer length: 128
  0:00:00.000     1M / 18M   INFO    General                 (main.cpp                  : 109)   Assembling dataset (/home/bofosu/rna_seq_analysis/OUTPUTS/SPADES/SRR5660030/dataset.info) with K=127
  0:00:00.000     1M / 18M   INFO    General                 (main.cpp                  : 110)   Maximum # of threads to use (adjusted due to OMP capabilities): 1
  0:00:00.000     1M / 18M   INFO    General                 (pipeline.cpp              : 212)   SPAdes started
  0:00:00.000     1M / 18M   INFO    General                 (pipeline.cpp              : 225)   Starting from stage: read_conversion
  0:00:00.000     1M / 18M   INFO    General                 (pipeline.cpp              : 231)   Two-step repeat resolution disabled
  0:00:00.000     1M / 18M   INFO   GraphCore                (graph_core.hpp            : 672)   Graph created, vertex min_id: 3, edge min_id: 3
  0:00:00.000     1M / 18M   INFO   GraphCore                (graph_core.hpp            : 673)   Vertex size: 48, edge size: 40
  0:00:00.000     1M / 18M   INFO    General                 (edge_index.hpp            : 113)   Size of edge index entries: 12/8
  0:00:00.000     1M / 18M   INFO    General                 (pipeline.cpp              : 242)   Will need read mapping, kmer mapper will be attached
  0:00:00.000     1M / 18M   INFO   StageManager             (stage.cpp                 : 185)   STAGE == Binary Read Conversion (id: read_conversion)
  0:00:00.000     1M / 18M   INFO    General                 (read_converter.cpp        :  72)   Converting reads to binary format for library #0 (takes a while)
  0:00:00.000     1M / 18M   INFO    General                 (read_converter.cpp        :  73)   Converting paired reads
  0:00:00.072    23M / 23M   INFO    General                 (binary_converter.cpp      : 111)   10000 reads written
  0:00:00.072     1M / 18M   INFO    General                 (read_converter.cpp        :  86)   Converting single reads
  0:00:00.072    11M / 18M   INFO    General                 (binary_converter.cpp      : 111)   0 reads written
  0:00:00.072     1M / 18M   INFO    General                 (read_converter.cpp        :  92)   Converting merged reads
  0:00:00.072    11M / 18M   INFO    General                 (binary_converter.cpp      : 111)   0 reads written
  0:00:00.072     1M / 18M   INFO   StageManager             (stage.cpp                 : 185)   STAGE == de Bruijn graph construction (id: construction)
  0:00:00.072     1M / 18M   INFO    General                 (construction.cpp          : 153)   Max read length 151
  0:00:00.072     1M / 18M   INFO    General                 (construction.cpp          : 159)   Average read length 150.568
  0:00:00.072     1M / 18M   INFO    General                 (stage.cpp                 : 117)   PROCEDURE == k+1-mer counting (id: construction:kpomer_counting)
  0:00:00.072     1M / 18M   INFO    General                 (kmer_index_builder.hpp    : 243)   Splitting kmer instances into 10 files using 1 threads. This might take a while.
  0:00:00.072     1M / 18M   INFO    General                 (file_limit.hpp            :  42)   Open file limit set to 1048576
  0:00:00.072     1M / 18M   INFO    General                 (kmer_splitter.hpp         :  93)   Memory available for splitting buffers: 83.3333 Gb
  0:00:00.072     1M / 18M   INFO    General                 (kmer_splitter.hpp         : 101)   Using cell size of 1677721
  0:00:00.230   601M / 601M  INFO    General                 (kmer_splitters.hpp        : 125)   Processed 40000 reads
  0:00:00.230     1M / 27M   INFO    General                 (kmer_splitters.hpp        : 131)   Used 40000 reads
  0:00:00.231     1M / 27M   INFO    General                 (kmer_index_builder.hpp    : 249)   Starting k-mer counting.
  0:00:00.251     1M / 27M   INFO    General                 (kmer_index_builder.hpp    : 260)   K-mer counting done. There are 331642 kmers in total.
  0:00:00.251     1M / 27M   INFO    General                 (stage.cpp                 : 117)   PROCEDURE == Extension index construction (id: construction:extension_index_construction)
  0:00:00.251     1M / 27M   INFO   K-mer Index Building     (kmer_index_builder.hpp    : 438)   Building kmer index
  0:00:00.251     1M / 27M   INFO    General                 (kmer_index_builder.hpp    : 243)   Splitting kmer instances into 10 files using 1 threads. This might take a while.
  0:00:00.251     1M / 27M   INFO    General                 (file_limit.hpp            :  42)   Open file limit set to 1048576
  0:00:00.251     1M / 27M   INFO    General                 (kmer_splitter.hpp         :  93)   Memory available for splitting buffers: 83.3333 Gb
  0:00:00.251     1M / 27M   INFO    General                 (kmer_splitter.hpp         : 101)   Using cell size of 1677721
  0:00:00.464   601M / 601M  INFO    General                 (kmer_splitters.hpp        : 194)   Processed 331642 kmers
  0:00:00.464   601M / 601M  INFO    General                 (kmer_splitters.hpp        : 199)   Used 331642 kmers.
  0:00:00.464     1M / 45M   INFO    General                 (kmer_index_builder.hpp    : 249)   Starting k-mer counting.
  0:00:00.481     1M / 45M   INFO    General                 (kmer_index_builder.hpp    : 260)   K-mer counting done. There are 342322 kmers in total.
  0:00:00.481     1M / 45M   INFO   K-mer Index Building     (kmer_index_builder.hpp    : 395)   Building perfect hash indices
  0:00:00.533     1M / 45M   INFO   K-mer Index Building     (kmer_index_builder.hpp    : 431)   Index built. Total 342322 kmers, 254912 bytes occupied (5.95724 bits per kmer).
  0:00:00.533     1M / 45M   INFO    General                 (kmer_index_builder.hpp    : 169)   Merging final buckets.
  0:00:00.633     1M / 45M   INFO   DeBruijnExtensionIndexBu (kmer_extension_index_build: 100)   Building k-mer extensions from k+1-mers
  0:00:00.750     1M / 45M   INFO   DeBruijnExtensionIndexBu (kmer_extension_index_build: 105)   Building k-mer extensions from k+1-mers finished.
  0:00:00.751     1M / 45M   INFO    General                 (stage.cpp                 : 117)   PROCEDURE == Early A/T remover (id: construction:early_at_remover)
  0:00:00.751     1M / 45M   INFO   Early A/T remover        (early_simplification.hpp  : 176)   Remove short poly A/T edges
  0:00:00.854     1M / 45M   INFO   Early A/T remover        (early_simplification.hpp  : 254)   Links removed: 0
  0:00:00.854     1M / 45M   INFO   Early A/T remover        (early_simplification.hpp  : 179)   0 128-mers were removed by early poly A/T remover
  0:00:00.855     1M / 45M   INFO   Early A/T remover        (early_simplification.hpp  : 262)   Remove poly A/T tips
  0:00:01.043     1M / 45M   INFO   Early A/T remover        (early_simplification.hpp  : 331)   Clipped tips: 21
  0:00:01.043     1M / 45M   INFO   Early A/T remover        (early_simplification.hpp  : 265)   138 128-mers were removed by early poly A/T tip clipper
  0:00:01.044     1M / 45M   INFO    General                 (stage.cpp                 : 117)   PROCEDURE == Condensing graph (id: construction:graph_condensing)
  0:00:01.044     1M / 45M   INFO   UnbranchingPathExtractor (debruijn_graph_constructor: 354)   Extracting unbranching paths
  0:00:01.226     2M / 45M   INFO   UnbranchingPathExtractor (debruijn_graph_constructor: 373)   Extracting unbranching paths finished. 15721 sequences extracted
  0:00:01.337     2M / 45M   INFO   UnbranchingPathExtractor (debruijn_graph_constructor: 309)   Collecting perfect loops
  0:00:01.376     2M / 45M   INFO   UnbranchingPathExtractor (debruijn_graph_constructor: 342)   Collecting perfect loops finished. 0 loops collected
  0:00:01.377     2M / 45M   INFO    General                 (debruijn_graph_constructor: 487)   Total 31442 edges to create
  0:00:01.377     4M / 45M   INFO    General                 (debruijn_graph_constructor: 489)   Collecting link records
  0:00:01.398     4M / 45M   INFO    General                 (debruijn_graph_constructor: 491)   Ordering link records
  0:00:01.401     4M / 45M   INFO    General                 (debruijn_graph_constructor: 493)   Sorting done
  0:00:01.401     4M / 45M   INFO    General                 (debruijn_graph_constructor: 503)   Total 26401 vertices to create
  0:00:01.401     7M / 45M   INFO    General                 (debruijn_graph_constructor: 506)   Connecting the graph
  0:00:01.405     6M / 45M   INFO    General                 (stage.cpp                 : 117)   PROCEDURE == Filling coverage indices (PHM) (id: construction:coverage_filling_phm)
  0:00:01.406     6M / 45M   INFO   K-mer Index Building     (kmer_index_builder.hpp    : 395)   Building perfect hash indices
  0:00:01.455     6M / 45M   INFO   K-mer Index Building     (kmer_index_builder.hpp    : 431)   Index built. Total 331642 kmers, 247040 bytes occupied (5.9592 bits per kmer).
  0:00:01.455     8M / 45M   INFO    General                 (coverage_hash_map_builder.:  47)   Collecting k-mer coverage information from reads, this takes a while.
  0:00:01.544     8M / 45M   INFO    General                 (construction.cpp          : 430)   Filling coverage and flanking coverage from PHM
  0:00:01.663     8M / 45M   INFO    General                 (coverage_filling.hpp      :  82)   Processed 31442 edges
  0:00:01.668     5M / 45M   INFO   StageManager             (stage.cpp                 : 185)   STAGE == EC Threshold Finding (id: ec_threshold_finder)
  0:00:01.671     5M / 45M   INFO   ThresholdFinder          (ec_threshold_finder.hpp   : 119)   Bucket size: 5
  0:00:01.671     5M / 45M   INFO    General                 (genomic_info_filler.cpp   :  39)   Average edge coverage: 1.42146
  0:00:01.671     5M / 45M   INFO    General                 (genomic_info_filler.cpp   :  40)   Graph threshold: 25
  0:00:01.671     5M / 45M   INFO    General                 (genomic_info_filler.cpp   :  70)   EC coverage threshold value was calculated as 1.42146
  0:00:01.671     5M / 45M   INFO    General                 (genomic_info_filler.cpp   :  71)   Trusted kmer low bound: 0
  0:00:01.671     5M / 45M   INFO   StageManager             (stage.cpp                 : 185)   STAGE == Gap Closer (id: early_gapcloser)
  0:00:01.677    14M / 45M   INFO    General                 (edge_index.hpp            : 113)   Size of edge index entries: 12/8
  0:00:01.685    15M / 45M   INFO    General                 (gap_closer.cpp            : 101)   Total edges in tip neighborhood: 25356 out of 31442, length: 589171
  0:00:01.685    15M / 45M   INFO    General                 (edge_index.hpp            : 167)   Using small index (max_id = 31602)
  0:00:01.715    15M / 45M   INFO   K-mer Index Building     (kmer_index_builder.hpp    : 395)   Building perfect hash indices
  0:00:01.874    15M / 45M   INFO   K-mer Index Building     (kmer_index_builder.hpp    : 431)   Index built. Total 318074 kmers, 230488 bytes occupied (5.79709 bits per kmer).
  0:00:01.876    18M / 45M   INFO    General                 (edge_index_builders.hpp   : 265)   Collecting edge information from graph, this takes a while.
  0:00:02.003    18M / 45M   INFO    General                 (sequence_mapper_notifier.h:  95)   Total 10000 reads processed
  0:00:02.013    15M / 45M   INFO    General                 (gap_closer.cpp            : 452)   Initializing gap closer
  0:00:02.013    15M / 45M   INFO   GapCloser                (gap_closer.cpp            : 359)   Closing short gaps
  0:00:02.033    17M / 45M   INFO   GapCloser                (gap_closer.cpp            : 391)   Closing short gaps complete: filled 217 gaps after checking 712 candidates
  0:00:02.035    17M / 45M   INFO    General                 (gap_closer.cpp            : 456)   Gap closer done
  0:00:02.037     6M / 45M   INFO   StageManager             (stage.cpp                 : 185)   STAGE == Raw Simplification (id: raw_simplification)
  0:00:02.037     6M / 45M   INFO    General                 (simplification.cpp        : 106)   PROCEDURE == Initial cleaning
  0:00:02.037     6M / 45M   INFO   Simplification           (parallel_processing.hpp   : 167)   Running poly A/T short edge remover
  0:00:02.039     6M / 45M   INFO   Simplification           (parallel_processing.hpp   : 170)   poly A/T short edge remover triggered 0 times
  0:00:02.039     6M / 45M   INFO   Simplification           (parallel_processing.hpp   : 167)   Running poly A/T tip clipper
  0:00:02.046     6M / 45M   INFO   Simplification           (parallel_processing.hpp   : 170)   poly A/T tip clipper triggered 245 times
  0:00:02.046     6M / 45M   INFO    General                 (graph_simplification.hpp  : 703)   Removing loops and rc loops with erroneous connections
  0:00:02.054     6M / 45M   INFO   ECLoopRemover            (erroneous_connection_remov: 406)   Loops: accurately removed/deadend removed/other: 0/0/0
  0:00:02.054     6M / 45M   INFO   ECLoopRemover            (erroneous_connection_remov: 407)   RC loops: accurately removed/deadend removed/other: 0/0/0
  0:00:02.054     6M / 45M   INFO   StageManager             (stage.cpp                 : 185)   STAGE == Simplification (id: simplification)
  0:00:02.054     6M / 45M   INFO    General                 (simplification.cpp        : 368)   Graph simplification started
  0:00:02.054     6M / 45M   INFO    General                 (graph_simplification.hpp  : 634)   Creating parallel br instance
  0:00:02.054     6M / 45M   INFO   ConditionParser          (graph_simplification.hpp  : 179)   Creating relative coverage EC condition with threshold 1
  0:00:02.054     6M / 45M   INFO    General                 (simplification.cpp        : 373)   PROCEDURE == Simplification cycle, iteration 1
  0:00:02.054     6M / 45M   INFO   Simplification           (parallel_processing.hpp   : 167)   Running Tip clipper
  0:00:02.069     6M / 45M   INFO   Simplification           (parallel_processing.hpp   : 170)   Tip clipper triggered 2089 times
  0:00:02.069     6M / 45M   INFO   Simplification           (parallel_processing.hpp   : 167)   Running Dead end clipper
  0:00:02.073     6M / 45M   INFO   Simplification           (parallel_processing.hpp   : 170)   Dead end clipper triggered 237 times
  0:00:02.073     6M / 45M   INFO   Simplification           (parallel_processing.hpp   : 167)   Running Bulge remover
  0:00:02.075     6M / 45M   INFO   Simplification           (parallel_processing.hpp   : 170)   Bulge remover triggered 0 times
  0:00:02.075     6M / 45M   INFO   Simplification           (parallel_processing.hpp   : 167)   Running Tip clipper
  0:00:02.075     6M / 45M   INFO   Simplification           (parallel_processing.hpp   : 170)   Tip clipper triggered 0 times
  0:00:02.075     6M / 45M   INFO   Simplification           (parallel_processing.hpp   : 167)   Running Dead end clipper
  0:00:02.075     6M / 45M   INFO   Simplification           (parallel_processing.hpp   : 170)   Dead end clipper triggered 0 times
  0:00:02.075     6M / 45M   INFO   Simplification           (parallel_processing.hpp   : 167)   Running Bulge remover
  0:00:02.075     6M / 45M   INFO   Simplification           (parallel_processing.hpp   : 170)   Bulge remover triggered 0 times
  0:00:02.075     6M / 45M   INFO   Simplification           (parallel_processing.hpp   : 167)   Running Low coverage edge remover
  0:00:02.076     6M / 45M   INFO   ConditionParser          (graph_simplification.hpp  : 179)   Creating relative coverage EC condition with threshold 1
  0:00:02.076     6M / 45M   INFO   Simplification           (parallel_processing.hpp   : 170)   Low coverage edge remover triggered 5 times
  0:00:02.077     6M / 45M   INFO    General                 (simplification.cpp        : 373)   PROCEDURE == Simplification cycle, iteration 2
  0:00:02.077     6M / 45M   INFO   Simplification           (parallel_processing.hpp   : 167)   Running Tip clipper
  0:00:02.079     6M / 45M   INFO   Simplification           (parallel_processing.hpp   : 170)   Tip clipper triggered 0 times
  0:00:02.079     6M / 45M   INFO   Simplification           (parallel_processing.hpp   : 167)   Running Dead end clipper
  0:00:02.081     6M / 45M   INFO   Simplification           (parallel_processing.hpp   : 170)   Dead end clipper triggered 0 times
  0:00:02.081     6M / 45M   INFO   Simplification           (parallel_processing.hpp   : 167)   Running Bulge remover
  0:00:02.083     6M / 45M   INFO   Simplification           (parallel_processing.hpp   : 170)   Bulge remover triggered 0 times
  0:00:02.083     6M / 45M   INFO   Simplification           (parallel_processing.hpp   : 167)   Running Low coverage edge remover
  0:00:02.085     6M / 45M   INFO   ConditionParser          (graph_simplification.hpp  : 179)   Creating relative coverage EC condition with threshold 1
  0:00:02.085     6M / 45M   INFO   Simplification           (parallel_processing.hpp   : 170)   Low coverage edge remover triggered 0 times
  0:00:02.085     6M / 45M   INFO    General                 (simplification.cpp        : 373)   PROCEDURE == Simplification cycle, iteration 3
  0:00:02.085     6M / 45M   INFO   Simplification           (parallel_processing.hpp   : 167)   Running Tip clipper
  0:00:02.087     6M / 45M   INFO   Simplification           (parallel_processing.hpp   : 170)   Tip clipper triggered 0 times
  0:00:02.087     6M / 45M   INFO   Simplification           (parallel_processing.hpp   : 167)   Running Dead end clipper
  0:00:02.090     6M / 45M   INFO   Simplification           (parallel_processing.hpp   : 170)   Dead end clipper triggered 0 times
  0:00:02.090     6M / 45M   INFO   Simplification           (parallel_processing.hpp   : 167)   Running Bulge remover
  0:00:02.091     6M / 45M   INFO   Simplification           (parallel_processing.hpp   : 170)   Bulge remover triggered 0 times
  0:00:02.091     6M / 45M   INFO   Simplification           (parallel_processing.hpp   : 167)   Running Low coverage edge remover
  0:00:02.093     6M / 45M   INFO   ConditionParser          (graph_simplification.hpp  : 179)   Creating relative coverage EC condition with threshold 1
  0:00:02.093     6M / 45M   INFO   Simplification           (parallel_processing.hpp   : 170)   Low coverage edge remover triggered 0 times
  0:00:02.093     6M / 45M   INFO    General                 (simplification.cpp        : 373)   PROCEDURE == Simplification cycle, iteration 4
  0:00:02.093     6M / 45M   INFO   Simplification           (parallel_processing.hpp   : 167)   Running Tip clipper
  0:00:02.095     6M / 45M   INFO   Simplification           (parallel_processing.hpp   : 170)   Tip clipper triggered 0 times
  0:00:02.095     6M / 45M   INFO   Simplification           (parallel_processing.hpp   : 167)   Running Dead end clipper
  0:00:02.097     6M / 45M   INFO   Simplification           (parallel_processing.hpp   : 170)   Dead end clipper triggered 0 times
  0:00:02.097     6M / 45M   INFO   Simplification           (parallel_processing.hpp   : 167)   Running Bulge remover
  0:00:02.099     6M / 45M   INFO   Simplification           (parallel_processing.hpp   : 170)   Bulge remover triggered 0 times
  0:00:02.099     6M / 45M   INFO   Simplification           (parallel_processing.hpp   : 167)   Running Low coverage edge remover
  0:00:02.101     6M / 45M   INFO   ConditionParser          (graph_simplification.hpp  : 179)   Creating relative coverage EC condition with threshold 1
  0:00:02.101     6M / 45M   INFO   Simplification           (parallel_processing.hpp   : 170)   Low coverage edge remover triggered 0 times
  0:00:02.101     6M / 45M   INFO    General                 (simplification.cpp        : 373)   PROCEDURE == Simplification cycle, iteration 5
  0:00:02.101     6M / 45M   INFO   Simplification           (parallel_processing.hpp   : 167)   Running Tip clipper
  0:00:02.103     6M / 45M   INFO   Simplification           (parallel_processing.hpp   : 170)   Tip clipper triggered 0 times
  0:00:02.103     6M / 45M   INFO   Simplification           (parallel_processing.hpp   : 167)   Running Dead end clipper
  0:00:02.105     6M / 45M   INFO   Simplification           (parallel_processing.hpp   : 170)   Dead end clipper triggered 0 times
  0:00:02.105     6M / 45M   INFO   Simplification           (parallel_processing.hpp   : 167)   Running Bulge remover
  0:00:02.107     6M / 45M   INFO   Simplification           (parallel_processing.hpp   : 170)   Bulge remover triggered 0 times
  0:00:02.107     6M / 45M   INFO   Simplification           (parallel_processing.hpp   : 167)   Running Low coverage edge remover
  0:00:02.109     6M / 45M   INFO   ConditionParser          (graph_simplification.hpp  : 179)   Creating relative coverage EC condition with threshold 1
  0:00:02.109     6M / 45M   INFO   Simplification           (parallel_processing.hpp   : 170)   Low coverage edge remover triggered 0 times
  0:00:02.109     6M / 45M   INFO    General                 (simplification.cpp        : 373)   PROCEDURE == Simplification cycle, iteration 6
  0:00:02.109     6M / 45M   INFO   Simplification           (parallel_processing.hpp   : 167)   Running Tip clipper
  0:00:02.111     6M / 45M   INFO   Simplification           (parallel_processing.hpp   : 170)   Tip clipper triggered 0 times
  0:00:02.111     6M / 45M   INFO   Simplification           (parallel_processing.hpp   : 167)   Running Dead end clipper
  0:00:02.113     6M / 45M   INFO   Simplification           (parallel_processing.hpp   : 170)   Dead end clipper triggered 0 times
  0:00:02.113     6M / 45M   INFO   Simplification           (parallel_processing.hpp   : 167)   Running Bulge remover
  0:00:02.115     6M / 45M   INFO   Simplification           (parallel_processing.hpp   : 170)   Bulge remover triggered 0 times
  0:00:02.115     6M / 45M   INFO   Simplification           (parallel_processing.hpp   : 167)   Running Low coverage edge remover
  0:00:02.117     6M / 45M   INFO   ConditionParser          (graph_simplification.hpp  : 179)   Creating relative coverage EC condition with threshold 1
  0:00:02.117     6M / 45M   INFO   Simplification           (parallel_processing.hpp   : 170)   Low coverage edge remover triggered 0 times
  0:00:02.117     6M / 45M   INFO    General                 (simplification.cpp        : 373)   PROCEDURE == Simplification cycle, iteration 7
  0:00:02.117     6M / 45M   INFO   Simplification           (parallel_processing.hpp   : 167)   Running Tip clipper
  0:00:02.119     6M / 45M   INFO   Simplification           (parallel_processing.hpp   : 170)   Tip clipper triggered 0 times
  0:00:02.119     6M / 45M   INFO   Simplification           (parallel_processing.hpp   : 167)   Running Dead end clipper
  0:00:02.121     6M / 45M   INFO   Simplification           (parallel_processing.hpp   : 170)   Dead end clipper triggered 0 times
  0:00:02.121     6M / 45M   INFO   Simplification           (parallel_processing.hpp   : 167)   Running Bulge remover
  0:00:02.123     6M / 45M   INFO   Simplification           (parallel_processing.hpp   : 170)   Bulge remover triggered 0 times
  0:00:02.123     6M / 45M   INFO   Simplification           (parallel_processing.hpp   : 167)   Running Low coverage edge remover
  0:00:02.125     6M / 45M   INFO   ConditionParser          (graph_simplification.hpp  : 179)   Creating relative coverage EC condition with threshold 1
  0:00:02.125     6M / 45M   INFO   Simplification           (parallel_processing.hpp   : 170)   Low coverage edge remover triggered 0 times
  0:00:02.125     6M / 45M   INFO    General                 (simplification.cpp        : 373)   PROCEDURE == Simplification cycle, iteration 8
  0:00:02.125     6M / 45M   INFO   Simplification           (parallel_processing.hpp   : 167)   Running Tip clipper
  0:00:02.127     6M / 45M   INFO   Simplification           (parallel_processing.hpp   : 170)   Tip clipper triggered 0 times
  0:00:02.127     6M / 45M   INFO   Simplification           (parallel_processing.hpp   : 167)   Running Dead end clipper
  0:00:02.129     6M / 45M   INFO   Simplification           (parallel_processing.hpp   : 170)   Dead end clipper triggered 0 times
  0:00:02.129     6M / 45M   INFO   Simplification           (parallel_processing.hpp   : 167)   Running Bulge remover
  0:00:02.131     6M / 45M   INFO   Simplification           (parallel_processing.hpp   : 170)   Bulge remover triggered 0 times
  0:00:02.131     6M / 45M   INFO   Simplification           (parallel_processing.hpp   : 167)   Running Low coverage edge remover
  0:00:02.133     6M / 45M   INFO   ConditionParser          (graph_simplification.hpp  : 179)   Creating relative coverage EC condition with threshold 1
  0:00:02.133     6M / 45M   INFO   Simplification           (parallel_processing.hpp   : 170)   Low coverage edge remover triggered 0 times
  0:00:02.133     6M / 45M   INFO    General                 (simplification.cpp        : 373)   PROCEDURE == Simplification cycle, iteration 9
  0:00:02.133     6M / 45M   INFO   Simplification           (parallel_processing.hpp   : 167)   Running Tip clipper
  0:00:02.135     6M / 45M   INFO   Simplification           (parallel_processing.hpp   : 170)   Tip clipper triggered 0 times
  0:00:02.135     6M / 45M   INFO   Simplification           (parallel_processing.hpp   : 167)   Running Dead end clipper
  0:00:02.137     6M / 45M   INFO   Simplification           (parallel_processing.hpp   : 170)   Dead end clipper triggered 0 times
  0:00:02.137     6M / 45M   INFO   Simplification           (parallel_processing.hpp   : 167)   Running Bulge remover
  0:00:02.139     6M / 45M   INFO   Simplification           (parallel_processing.hpp   : 170)   Bulge remover triggered 0 times
  0:00:02.139     6M / 45M   INFO   Simplification           (parallel_processing.hpp   : 167)   Running Low coverage edge remover
  0:00:02.141     6M / 45M   INFO   ConditionParser          (graph_simplification.hpp  : 179)   Creating relative coverage EC condition with threshold 1
  0:00:02.141     6M / 45M   INFO   Simplification           (parallel_processing.hpp   : 170)   Low coverage edge remover triggered 0 times
  0:00:02.141     6M / 45M   INFO    General                 (simplification.cpp        : 373)   PROCEDURE == Simplification cycle, iteration 10
  0:00:02.141     6M / 45M   INFO   Simplification           (parallel_processing.hpp   : 167)   Running Tip clipper
  0:00:02.143     6M / 45M   INFO   Simplification           (parallel_processing.hpp   : 170)   Tip clipper triggered 0 times
  0:00:02.143     6M / 45M   INFO   Simplification           (parallel_processing.hpp   : 167)   Running Dead end clipper
  0:00:02.145     6M / 45M   INFO   Simplification           (parallel_processing.hpp   : 170)   Dead end clipper triggered 0 times
  0:00:02.145     6M / 45M   INFO   Simplification           (parallel_processing.hpp   : 167)   Running Bulge remover
  0:00:02.147     6M / 45M   INFO   Simplification           (parallel_processing.hpp   : 170)   Bulge remover triggered 0 times
  0:00:02.147     6M / 45M   INFO   Simplification           (parallel_processing.hpp   : 167)   Running Low coverage edge remover
  0:00:02.149     6M / 45M   INFO   ConditionParser          (graph_simplification.hpp  : 179)   Creating relative coverage EC condition with threshold 1
  0:00:02.149     6M / 45M   INFO   Simplification           (parallel_processing.hpp   : 170)   Low coverage edge remover triggered 0 times
  0:00:02.149     6M / 45M   INFO    General                 (simplification.cpp        : 373)   PROCEDURE == Simplification cycle, iteration 11
  0:00:02.149     6M / 45M   INFO   Simplification           (parallel_processing.hpp   : 167)   Running Tip clipper
  0:00:02.151     6M / 45M   INFO   Simplification           (parallel_processing.hpp   : 170)   Tip clipper triggered 0 times
  0:00:02.151     6M / 45M   INFO   Simplification           (parallel_processing.hpp   : 167)   Running Dead end clipper
  0:00:02.153     6M / 45M   INFO   Simplification           (parallel_processing.hpp   : 170)   Dead end clipper triggered 0 times
  0:00:02.153     6M / 45M   INFO   Simplification           (parallel_processing.hpp   : 167)   Running Bulge remover
  0:00:02.155     6M / 45M   INFO   Simplification           (parallel_processing.hpp   : 170)   Bulge remover triggered 0 times
  0:00:02.155     6M / 45M   INFO   Simplification           (parallel_processing.hpp   : 167)   Running Low coverage edge remover
  0:00:02.157     6M / 45M   INFO   ConditionParser          (graph_simplification.hpp  : 179)   Creating relative coverage EC condition with threshold 1
  0:00:02.157     6M / 45M   INFO   Simplification           (parallel_processing.hpp   : 170)   Low coverage edge remover triggered 0 times
  0:00:02.157     6M / 45M   INFO   StageManager             (stage.cpp                 : 185)   STAGE == Gap Closer (id: late_gapcloser)
  0:00:02.162    15M / 45M   INFO    General                 (edge_index.hpp            : 113)   Size of edge index entries: 12/8
  0:00:02.168    16M / 45M   INFO    General                 (gap_closer.cpp            : 101)   Total edges in tip neighborhood: 20969 out of 20976, length: 615292
  0:00:02.169    16M / 45M   INFO    General                 (edge_index.hpp            : 167)   Using small index (max_id = 63201)
  0:00:02.195    16M / 45M   INFO   K-mer Index Building     (kmer_index_builder.hpp    : 395)   Building perfect hash indices
  0:00:02.348    16M / 45M   INFO   K-mer Index Building     (kmer_index_builder.hpp    : 431)   Index built. Total 308621 kmers, 338904 bytes occupied (8.78499 bits per kmer).
  0:00:02.350    19M / 45M   INFO    General                 (edge_index_builders.hpp   : 265)   Collecting edge information from graph, this takes a while.
  0:00:02.468    19M / 45M   INFO    General                 (sequence_mapper_notifier.h:  95)   Total 10000 reads processed
  0:00:02.479    16M / 45M   INFO    General                 (gap_closer.cpp            : 452)   Initializing gap closer
  0:00:02.479    16M / 45M   INFO   GapCloser                (gap_closer.cpp            : 359)   Closing short gaps
  0:00:02.490    16M / 45M   INFO   GapCloser                (gap_closer.cpp            : 391)   Closing short gaps complete: filled 40 gaps after checking 199 candidates
  0:00:02.491    16M / 45M   INFO    General                 (gap_closer.cpp            : 456)   Gap closer done
  0:00:02.493     6M / 45M   INFO   StageManager             (stage.cpp                 : 185)   STAGE == Simplification Cleanup (id: simplification_cleanup)
  0:00:02.493     6M / 45M   INFO    General                 (simplification.cpp        : 176)   PROCEDURE == Post simplification
  0:00:02.493     6M / 45M   INFO    General                 (graph_simplification.hpp  : 448)   Disconnection of relatively low covered edges disabled
  0:00:02.493     6M / 45M   INFO    General                 (graph_simplification.hpp  : 485)   Complex tip clipping disabled
  0:00:02.493     6M / 45M   INFO    General                 (graph_simplification.hpp  : 634)   Creating parallel br instance
  0:00:02.493     6M / 45M   INFO    General                 (graph_simplification.hpp  : 634)   Creating parallel br instance
  0:00:02.493     6M / 45M   INFO   Simplification           (parallel_processing.hpp   : 167)   Running Relative coverage erroneous connection remover
  0:00:02.498     6M / 45M   INFO   Simplification           (parallel_processing.hpp   : 170)   Relative coverage erroneous connection remover triggered 0 times
  0:00:02.498     6M / 45M   INFO   Simplification           (parallel_processing.hpp   : 167)   Running Relative coverage component remover
  0:00:02.500     6M / 45M   INFO   Simplification           (parallel_processing.hpp   : 170)   Relative coverage component remover triggered 0 times
  0:00:02.500     6M / 45M   INFO   Simplification           (parallel_processing.hpp   : 167)   Running Complex bulge remover
  0:00:02.546     6M / 45M   INFO   Simplification           (parallel_processing.hpp   : 170)   Complex bulge remover triggered 0 times
  0:00:02.547     6M / 45M   INFO   Simplification           (parallel_processing.hpp   : 167)   Running Tip clipper
  0:00:02.550     6M / 45M   INFO   Simplification           (parallel_processing.hpp   : 170)   Tip clipper triggered 0 times
  0:00:02.550     6M / 45M   INFO   Simplification           (parallel_processing.hpp   : 167)   Running Final tip clipper
  0:00:02.552     6M / 45M   INFO   Simplification           (parallel_processing.hpp   : 170)   Final tip clipper triggered 15 times
  0:00:02.552     6M / 45M   INFO   Simplification           (parallel_processing.hpp   : 167)   Running Bulge remover
  0:00:02.554     6M / 45M   INFO   Simplification           (parallel_processing.hpp   : 170)   Bulge remover triggered 0 times
  0:00:02.554     6M / 45M   INFO   Simplification           (parallel_processing.hpp   : 167)   Running Final bulge remover
  0:00:02.555     6M / 45M   INFO   Simplification           (parallel_processing.hpp   : 170)   Final bulge remover triggered 0 times
  0:00:02.555     6M / 45M   INFO   Simplification           (parallel_processing.hpp   : 167)   Running AT Tips
  0:00:02.560     6M / 45M   INFO   Simplification           (parallel_processing.hpp   : 170)   AT Tips triggered 0 times
  0:00:02.560     6M / 45M   INFO   Simplification           (parallel_processing.hpp   : 167)   Running Relative coverage erroneous connection remover
  0:00:02.563     6M / 45M   INFO   Simplification           (parallel_processing.hpp   : 170)   Relative coverage erroneous connection remover triggered 0 times
  0:00:02.563     6M / 45M   INFO   Simplification           (parallel_processing.hpp   : 167)   Running Relative coverage component remover
  0:00:02.565     6M / 45M   INFO   Simplification           (parallel_processing.hpp   : 170)   Relative coverage component remover triggered 0 times
  0:00:02.565     6M / 45M   INFO   Simplification           (parallel_processing.hpp   : 167)   Running Complex bulge remover
  0:00:02.612     6M / 45M   INFO   Simplification           (parallel_processing.hpp   : 170)   Complex bulge remover triggered 0 times
  0:00:02.612     6M / 45M   INFO   Simplification           (parallel_processing.hpp   : 167)   Running Tip clipper
  0:00:02.615     6M / 45M   INFO   Simplification           (parallel_processing.hpp   : 170)   Tip clipper triggered 0 times
  0:00:02.615     6M / 45M   INFO   Simplification           (parallel_processing.hpp   : 167)   Running Final tip clipper
  0:00:02.617     6M / 45M   INFO   Simplification           (parallel_processing.hpp   : 170)   Final tip clipper triggered 0 times
  0:00:02.617     6M / 45M   INFO   Simplification           (parallel_processing.hpp   : 167)   Running Bulge remover
  0:00:02.619     6M / 45M   INFO   Simplification           (parallel_processing.hpp   : 170)   Bulge remover triggered 0 times
  0:00:02.619     6M / 45M   INFO   Simplification           (parallel_processing.hpp   : 167)   Running Final bulge remover
  0:00:02.621     6M / 45M   INFO   Simplification           (parallel_processing.hpp   : 170)   Final bulge remover triggered 0 times
  0:00:02.621     6M / 45M   INFO   Simplification           (parallel_processing.hpp   : 167)   Running AT Tips
  0:00:02.626     6M / 45M   INFO   Simplification           (parallel_processing.hpp   : 170)   AT Tips triggered 0 times
  0:00:02.626     6M / 45M   INFO    General                 (simplification.cpp        : 327)   Disrupting self-conjugate edges
  0:00:02.629     6M / 45M   INFO   Simplification           (parallel_processing.hpp   : 167)   Running Removing isolated edges
  0:00:02.645     6M / 45M   INFO   Simplification           (parallel_processing.hpp   : 170)   Removing isolated edges triggered 10059 times
  0:00:02.646     6M / 45M   INFO    General                 (simplification.cpp        : 495)   After simplification:
  0:00:02.646     6M / 45M   INFO    General                 (simplification.cpp        : 496)     Average coverage = 3.41549
  0:00:02.646     6M / 45M   INFO    General                 (simplification.cpp        : 497)     Total length = 42752
  0:00:02.646     6M / 45M   INFO    General                 (simplification.cpp        : 498)     Median edge length: 188
  0:00:02.646     6M / 45M   INFO    General                 (simplification.cpp        : 499)     Edges: 734
  0:00:02.646     6M / 45M   INFO    General                 (simplification.cpp        : 500)     Vertices: 1468
  0:00:02.646     6M / 45M   INFO   StageManager             (stage.cpp                 : 185)   STAGE == Mismatch Correction (id: mismatch_correction)
  0:00:02.646     6M / 45M   INFO    General                 (graph_pack.cpp            :  67)   Index refill
  0:00:02.646     6M / 45M   INFO    General                 (edge_index.hpp            : 156)   Using small index (max_id = 63201)
  0:00:02.650     6M / 45M   INFO   K-mer Index Building     (kmer_index_builder.hpp    : 395)   Building perfect hash indices
  0:00:02.764     6M / 45M   INFO   K-mer Index Building     (kmer_index_builder.hpp    : 431)   Index built. Total 42752 kmers, 69474 bytes occupied (13.0004 bits per kmer).
  0:00:02.764     6M / 45M   INFO    General                 (edge_index_builders.hpp   : 252)   Collecting edge information from graph, this takes a while.
  0:00:02.771     6M / 45M   INFO    General                 (graph_pack.cpp            :  77)   Normalizing k-mer map. Total 0 kmers to process
  0:00:02.771     6M / 45M   INFO    General                 (graph_pack.cpp            :  79)   Normalizing done
  0:00:02.771     6M / 45M   INFO    General                 (mismatch_correction.cpp   : 400)   Collect potential mismatches
  0:00:02.771     6M / 45M   INFO    General                 (mismatch_correction.cpp   : 192)   Total 0 edges (out of 734) with 0 potential mismatch positions (-nan positions per edge)
  0:00:02.771     6M / 45M   INFO    General                 (mismatch_correction.cpp   : 402)   Potential mismatches collected
  0:00:02.939     6M / 45M   INFO    General                 (sequence_mapper_notifier.h:  95)   Total 40000 reads processed
  0:00:02.940     6M / 45M   INFO    General                 (mismatch_correction.cpp   : 395)   All edges processed
  0:00:02.940     6M / 45M   INFO    General                 (mismatch_correction.cpp   : 450)   Corrected 0 nucleotides
  0:00:02.940     6M / 45M   INFO   StageManager             (stage.cpp                 : 185)   STAGE == Contig Output (id: contig_output)
  0:00:02.940     6M / 45M   INFO    General                 (contig_output.hpp         :  16)   Outputting contigs to /home/bofosu/rna_seq_analysis/OUTPUTS/SPADES/SRR5660030/K127/before_rr.fasta
  0:00:02.942     6M / 45M   INFO    General                 (contig_output_stage.cpp   : 151)   Writing GFA graph to /home/bofosu/rna_seq_analysis/OUTPUTS/SPADES/SRR5660030/K127/assembly_graph_after_simplification.gfa
  0:00:02.943     6M / 45M   INFO   StageManager             (stage.cpp                 : 185)   STAGE == Paired Information Counting (id: late_pair_info_count)
  0:00:02.944     6M / 45M   INFO    General                 (graph_pack.cpp            :  77)   Normalizing k-mer map. Total 0 kmers to process
  0:00:02.944     6M / 45M   INFO    General                 (graph_pack.cpp            :  79)   Normalizing done
  0:00:02.944     6M / 45M   INFO    General                 (pair_info_count.cpp       : 339)   Min edge length for estimation: 500
  0:00:02.944     6M / 45M   INFO    General                 (pair_info_count.cpp       : 350)   Estimating insert size for library #0
  0:00:02.944     6M / 45M   INFO    General                 (pair_info_count.cpp       : 202)   Estimating insert size (takes a while)
  0:00:02.969    38M / 76M   INFO    General                 (pair_info_count.cpp       :  48)   Selecting usual mapper
  0:00:03.085    38M / 76M   INFO    General                 (sequence_mapper_notifier.h:  95)   Total 10000 reads processed
  0:00:03.200    38M / 76M   INFO    General                 (pair_info_count.cpp       : 220)   Edge pairs: 457
  0:00:03.200    38M / 76M   INFO    General                 (pair_info_count.cpp       : 222)   712 paired reads (7.12% of all) aligned to long edges
  0:00:03.200     6M / 76M   INFO    General                 (pair_info_count.cpp       : 369)     Insert size = 203.107, deviation = 56.2063, left quantile = 145, right quantile = 283, read length = 151
  0:00:03.200     6M / 76M   INFO    General                 (pair_info_count.cpp       : 402)   Mapping library #0
  0:00:03.200     6M / 76M   INFO    General                 (pair_info_count.cpp       : 404)   Mapping paired reads (takes a while)
  0:00:03.200     6M / 76M   INFO    General                 (pair_info_count.cpp       : 299)   Left insert size quantile 145, right insert size quantile 283, filtering threshold 0, rounding threshold 0
  0:00:03.204    15M / 79M   INFO    General                 (pair_info_count.cpp       :  48)   Selecting usual mapper
  0:00:03.295    15M / 79M   INFO    General                 (sequence_mapper_notifier.h:  95)   Total 10000 reads processed
  0:00:03.299     6M / 79M   INFO    General                 (pair_info_count.cpp       : 411)   Mapping single reads of library #0
  0:00:03.299     6M / 79M   INFO    General                 (pair_info_count.cpp       : 266)   Will calculate lib coverage as well
  0:00:03.299     6M / 79M   INFO    General                 (pair_info_count.cpp       :  48)   Selecting usual mapper
  0:00:03.387     6M / 79M   INFO    General                 (sequence_mapper_notifier.h:  95)   Total 20000 reads processed
  0:00:03.387     6M / 79M   INFO    General                 (pair_info_count.cpp       : 413)   Total paths obtained from single reads: 0
  0:00:03.387     6M / 79M   INFO   StageManager             (stage.cpp                 : 185)   STAGE == Distance Estimation (id: distance_estimation)
  0:00:03.387     6M / 79M   INFO    General                 (distance_estimation.cpp   : 179)   Processing library #0
  0:00:03.387     6M / 79M   INFO    General                 (distance_estimation.cpp   : 150)   Weight Filter Done
  0:00:03.387     6M / 79M   INFO   DistanceEstimator        (distance_estimation.hpp   : 116)   Using SIMPLE distance estimator
  0:00:03.389     6M / 79M   INFO    General                 (distance_estimation.cpp   :  37)   Filtering info
  0:00:03.389     6M / 79M   INFO    General                 (pair_info_filters.hpp     : 242)   Start filtering; library index size: 734
  0:00:03.389     6M / 79M   INFO    General                 (pair_info_filters.hpp     : 263)   Done filtering; library index size: 412
  0:00:03.389     6M / 79M   INFO    General                 (distance_estimation.cpp   : 156)   Refining clustered pair information
  0:00:03.389     6M / 79M   INFO    General                 (distance_estimation.cpp   : 158)   The refining of clustered pair information has been finished
  0:00:03.389     6M / 79M   INFO    General                 (distance_estimation.cpp   : 160)   Improving paired information
  0:00:03.390     6M / 79M   INFO   PairInfoImprover         (pair_info_improver.hpp    : 104)   Paired info stats: missing = 0; contradictional = 0
  0:00:03.391     6M / 79M   INFO   PairInfoImprover         (pair_info_improver.hpp    : 104)   Paired info stats: missing = 0; contradictional = 0
  0:00:03.391     6M / 79M   INFO   StageManager             (stage.cpp                 : 185)   STAGE == Repeat Resolving (id: repeat_resolving)
  0:00:03.391     6M / 79M   INFO    General                 (repeat_resolving.cpp      :  87)   Using Path-Extend repeat resolving
  0:00:03.391     6M / 79M   INFO    General                 (launcher.cpp              : 600)   ExSPAnder repeat resolving tool started
  0:00:03.392     8M / 79M   INFO    General                 (launcher.cpp              : 418)   Creating main extenders, unique edge length = 2000
  0:00:03.392     8M / 79M   INFO    General                 (extenders_logic.cpp       : 345)   Creating extender; library index size: 412
  0:00:03.392     8M / 79M   INFO    General                 (extenders_logic.cpp       : 345)   Creating extender; library index size: 412
  0:00:03.392     8M / 80M   INFO    General                 (extenders_logic.cpp       : 543)   Using 1 paired-end library
  0:00:03.392     8M / 80M   INFO    General                 (extenders_logic.cpp       : 544)   Using 1 paired-end scaffolding library
  0:00:03.392     8M / 80M   INFO    General                 (extenders_logic.cpp       : 545)   Using 0 single read libraries
  0:00:03.392     8M / 80M   INFO    General                 (launcher.cpp              : 447)   Total number of extenders is 5
  0:00:03.392     8M / 80M   INFO    General                 (path_extenders.cpp        :  36)   Processed 0 paths from 367 (0%)
  0:00:03.396     8M / 80M   INFO    General                 (path_extenders.cpp        :  36)   Processed 37 paths from 367 (10%)
  0:00:03.397     8M / 80M   INFO    General                 (path_extenders.cpp        :  36)   Processed 74 paths from 367 (20%)
  0:00:03.399     9M / 80M   INFO    General                 (path_extenders.cpp        :  36)   Processed 111 paths from 367 (30%)
  0:00:03.400     9M / 80M   INFO    General                 (path_extenders.cpp        :  34)   Processed 128 paths from 367 (34%)
  0:00:03.400     9M / 80M   INFO    General                 (path_extenders.cpp        :  36)   Processed 148 paths from 367 (40%)
  0:00:03.401     9M / 80M   INFO    General                 (path_extenders.cpp        :  36)   Processed 185 paths from 367 (50%)
  0:00:03.402     9M / 80M   INFO    General                 (path_extenders.cpp        :  36)   Processed 222 paths from 367 (60%)
  0:00:03.403     9M / 80M   INFO    General                 (path_extenders.cpp        :  34)   Processed 256 paths from 367 (69%)
  0:00:03.403     9M / 80M   INFO    General                 (path_extenders.cpp        :  36)   Processed 259 paths from 367 (70%)
  0:00:03.404     9M / 80M   INFO    General                 (path_extenders.cpp        :  36)   Processed 296 paths from 367 (80%)
  0:00:03.405     9M / 80M   INFO    General                 (path_extenders.cpp        :  36)   Processed 333 paths from 367 (90%)
  0:00:03.405     9M / 80M   INFO    General                 (launcher.cpp              : 250)   Finalizing paths
  0:00:03.405     9M / 80M   INFO    General                 (launcher.cpp              : 252)   Deduplicating paths
  0:00:03.405     9M / 80M   INFO    General                 (launcher.cpp              : 256)   Paths deduplicated
  0:00:03.405     9M / 80M   INFO    General                 (launcher.cpp              : 263)   Overlaps will not be removed
  0:00:03.405     9M / 80M   INFO    General                 (launcher.cpp              : 273)   Paths finalized
  0:00:03.405     9M / 80M   INFO    General                 (launcher.cpp              : 454)   Closing gaps in paths
  0:00:03.406    10M / 80M   INFO    General                 (launcher.cpp              : 484)   Gap closing completed
  0:00:03.406    10M / 80M   INFO    General                 (launcher.cpp              : 302)   Traversing tandem repeats
  0:00:03.408    10M / 80M   INFO    General                 (launcher.cpp              : 312)   Traversed 0 loops
  0:00:03.408    10M / 80M   INFO    General                 (launcher.cpp              : 250)   Finalizing paths
  0:00:03.408    10M / 80M   INFO    General                 (launcher.cpp              : 252)   Deduplicating paths
  0:00:03.408    10M / 80M   INFO    General                 (launcher.cpp              : 256)   Paths deduplicated
  0:00:03.408    10M / 80M   INFO    General                 (launcher.cpp              : 263)   Overlaps will not be removed
  0:00:03.408    10M / 80M   INFO    General                 (launcher.cpp              : 273)   Paths finalized
  0:00:03.408    10M / 80M   INFO    General                 (launcher.cpp              : 499)   Finalizing paths - hard
  0:00:03.408    12M / 80M   INFO    General                 (launcher.cpp              : 295)   Read length relative cutoff 1.5 converted to 99
  0:00:03.408    12M / 80M   INFO    General                 (launcher.cpp              : 296)   Read length absolute cutoff 130 bp converted to 99
  0:00:03.408    12M / 80M   INFO    General                 (launcher.cpp              : 297)   Length cutoff: 99
  0:00:03.408    11M / 80M   INFO    General                 (launcher.cpp              : 295)   Read length relative cutoff 2 converted to 175
  0:00:03.408    11M / 80M   INFO    General                 (launcher.cpp              : 296)   Read length absolute cutoff 180 bp converted to 175
  0:00:03.408    11M / 80M   INFO    General                 (launcher.cpp              : 297)   Length cutoff: 175
  0:00:03.408    11M / 80M   INFO    General                 (launcher.cpp              : 295)   Read length relative cutoff 2 converted to 175
  0:00:03.408    11M / 80M   INFO    General                 (launcher.cpp              : 296)   Read length absolute cutoff 180 bp converted to 175
  0:00:03.408    11M / 80M   INFO    General                 (launcher.cpp              : 297)   Length cutoff: 175
  0:00:03.409    10M / 80M   INFO    General                 (launcher.cpp              : 499)   Finalizing paths - soft
  0:00:03.409    12M / 80M   INFO    General                 (launcher.cpp              : 295)   Read length relative cutoff 1.05 converted to 31
  0:00:03.409    12M / 80M   INFO    General                 (launcher.cpp              : 296)   Read length absolute cutoff 85 bp converted to 31
  0:00:03.409    12M / 80M   INFO    General                 (launcher.cpp              : 297)   Length cutoff: 31
  0:00:03.410    11M / 80M   INFO    General                 (launcher.cpp              : 295)   Read length relative cutoff 1.5 converted to 99
  0:00:03.410    11M / 80M   INFO    General                 (launcher.cpp              : 296)   Read length absolute cutoff 130 bp converted to 99
  0:00:03.410    11M / 80M   INFO    General                 (launcher.cpp              : 297)   Length cutoff: 99
  0:00:03.410    11M / 80M   INFO    General                 (launcher.cpp              : 295)   Read length relative cutoff 1.2 converted to 54
  0:00:03.410    11M / 80M   INFO    General                 (launcher.cpp              : 296)   Read length absolute cutoff 100 bp converted to 54
  0:00:03.410    11M / 80M   INFO    General                 (launcher.cpp              : 297)   Length cutoff: 54
  0:00:03.411    11M / 80M   INFO    General                 (launcher.cpp              : 507)   Finalizing main paths
  0:00:03.411    11M / 80M   INFO    General                 (launcher.cpp              : 295)   Read length relative cutoff 1.3 converted to 69
  0:00:03.411    11M / 80M   INFO    General                 (launcher.cpp              : 296)   Read length absolute cutoff 110 bp converted to 69
  0:00:03.411    11M / 80M   INFO    General                 (launcher.cpp              : 297)   Length cutoff: 69
  0:00:03.411    10M / 80M   INFO    General                 (launcher.cpp              : 295)   Read length relative cutoff 1.6 converted to 114
  0:00:03.411    10M / 80M   INFO    General                 (launcher.cpp              : 296)   Read length absolute cutoff 140 bp converted to 114
  0:00:03.411    10M / 80M   INFO    General                 (launcher.cpp              : 297)   Length cutoff: 114
  0:00:03.411    10M / 80M   INFO    General                 (launcher.cpp              : 295)   Read length relative cutoff 1.5 converted to 99
  0:00:03.411    10M / 80M   INFO    General                 (launcher.cpp              : 296)   Read length absolute cutoff 130 bp converted to 99
  0:00:03.411    10M / 80M   INFO    General                 (launcher.cpp              : 297)   Length cutoff: 99
  0:00:03.411    10M / 80M   INFO    General                 (launcher.cpp              : 664)   ExSPAnder repeat resolving tool finished
  0:00:03.412     7M / 80M   INFO   StageManager             (stage.cpp                 : 185)   STAGE == Contig Output (id: contig_output)
  0:00:03.412     7M / 80M   INFO    General                 (contig_output.hpp         :  16)   Outputting contigs to /home/bofosu/rna_seq_analysis/OUTPUTS/SPADES/SRR5660030/K127/before_rr.fasta
  0:00:03.414     7M / 80M   INFO    General                 (contig_output_stage.cpp   : 151)   Writing GFA graph to /home/bofosu/rna_seq_analysis/OUTPUTS/SPADES/SRR5660030/K127/assembly_graph_with_scaffolds.gfa
  0:00:03.415     7M / 80M   INFO    General                 (contig_output_stage.cpp   : 165)   Outputting FastG graph to /home/bofosu/rna_seq_analysis/OUTPUTS/SPADES/SRR5660030/K127/assembly_graph.fastg
  0:00:03.418     7M / 80M   INFO    General                 (contig_output_stage.cpp   :  98)   Outputting contigs to /home/bofosu/rna_seq_analysis/OUTPUTS/SPADES/SRR5660030/K127/transcripts.fasta
  0:00:03.419     7M / 80M   INFO    General                 (contig_output_stage.cpp   : 104)   Outputting FastG paths to /home/bofosu/rna_seq_analysis/OUTPUTS/SPADES/SRR5660030/K127/transcripts.paths
  0:00:03.419     7M / 80M   INFO    General                 (contig_output_stage.cpp   : 111)   Populating GFA with scaffold paths
  0:00:03.419     7M / 80M   INFO    General                 (pipeline.cpp              : 287)   SPAdes finished
  0:00:03.420     1M / 80M   INFO    General                 (main.cpp                  : 136)   Assembling time: 0 hours 0 minutes 3 seconds

===== K127 finished. 


===== Copy files started. 


== Running: /usr/bin/python3 /usr/share/spades/spades_pipeline/scripts/copy_files.py /home/bofosu/rna_seq_analysis/OUTPUTS/SPADES/SRR5660030/K127/before_rr.fasta /home/bofosu/rna_seq_analysis/OUTPUTS/SPADES/SRR5660030/before_rr.fasta /home/bofosu/rna_seq_analysis/OUTPUTS/SPADES/SRR5660030/K127/assembly_graph_after_simplification.gfa /home/bofosu/rna_seq_analysis/OUTPUTS/SPADES/SRR5660030/assembly_graph_after_simplification.gfa /home/bofosu/rna_seq_analysis/OUTPUTS/SPADES/SRR5660030/K127/transcripts.fasta /home/bofosu/rna_seq_analysis/OUTPUTS/SPADES/SRR5660030/transcripts.fasta /home/bofosu/rna_seq_analysis/OUTPUTS/SPADES/SRR5660030/K127/transcripts.paths /home/bofosu/rna_seq_analysis/OUTPUTS/SPADES/SRR5660030/transcripts.paths /home/bofosu/rna_seq_analysis/OUTPUTS/SPADES/SRR5660030/K127/assembly_graph_with_scaffolds.gfa /home/bofosu/rna_seq_analysis/OUTPUTS/SPADES/SRR5660030/assembly_graph_with_scaffolds.gfa /home/bofosu/rna_seq_analysis/OUTPUTS/SPADES/SRR5660030/K127/assembly_graph.fastg /home/bofosu/rna_seq_analysis/OUTPUTS/SPADES/SRR5660030/assembly_graph.fastg /home/bofosu/rna_seq_analysis/OUTPUTS/SPADES/SRR5660030/K127/hard_filtered_final_paths.fasta /home/bofosu/rna_seq_analysis/OUTPUTS/SPADES/SRR5660030/hard_filtered_transcripts.fasta /home/bofosu/rna_seq_analysis/OUTPUTS/SPADES/SRR5660030/K127/soft_filtered_final_paths.fasta /home/bofosu/rna_seq_analysis/OUTPUTS/SPADES/SRR5660030/soft_filtered_transcripts.fasta


===== Copy files finished. 


===== Assembling finished. 


===== Breaking scaffolds started. 


== Running: /usr/bin/python3 /usr/share/spades/spades_pipeline/scripts/breaking_scaffolds_script.py --result_scaffolds_filename /home/bofosu/rna_seq_analysis/OUTPUTS/SPADES/SRR5660030/scaffolds.fasta --misc_dir /home/bofosu/rna_seq_analysis/OUTPUTS/SPADES/SRR5660030/misc --threshold_for_breaking_scaffolds 3


===== Breaking scaffolds finished. 


===== Terminate started. 


===== Terminate finished. 

 * Assembled transcripts are in /home/bofosu/rna_seq_analysis/OUTPUTS/SPADES/SRR5660030/transcripts.fasta
 * Paths in the assembly graph corresponding to the transcripts are in /home/bofosu/rna_seq_analysis/OUTPUTS/SPADES/SRR5660030/transcripts.paths
 * Hard filtered transcripts are in /home/bofosu/rna_seq_analysis/OUTPUTS/SPADES/SRR5660030/hard_filtered_transcripts.fasta
 * Soft filtered transcripts are in /home/bofosu/rna_seq_analysis/OUTPUTS/SPADES/SRR5660030/soft_filtered_transcripts.fasta
 * Assembly graph is in /home/bofosu/rna_seq_analysis/OUTPUTS/SPADES/SRR5660030/assembly_graph.fastg
 * Assembly graph in GFA format is in /home/bofosu/rna_seq_analysis/OUTPUTS/SPADES/SRR5660030/assembly_graph_with_scaffolds.gfa

======= SPAdes pipeline finished.

SPAdes log can be found here: /home/bofosu/rna_seq_analysis/OUTPUTS/SPADES/SRR5660030/spades.log

Thank you for using SPAdes!
