Command line: /usr/libexec/spades/spades.py	--only-assembler	--rna	-k	127	-1	/home/bofosu/rna_seq_analysis/TESTS/SRR5660044_1.fastq	-2	/home/bofosu/rna_seq_analysis/TESTS/SRR5660044_2.fastq	-o	/home/bofosu/rna_seq_analysis/OUTPUTS/SPADES/SRR5660044	

System information:
  SPAdes version: 3.15.5
  Python version: 3.12.3
  OS: Linux-6.8.0-90-generic-x86_64-with-glibc2.39

Output dir: /home/bofosu/rna_seq_analysis/OUTPUTS/SPADES/SRR5660044
Debug mode is turned OFF

Dataset parameters:
  RNA-seq mode
  Reads:
    Library number: 1, library type: paired-end
      orientation: fr
      left reads: ['/home/bofosu/rna_seq_analysis/TESTS/SRR5660044_1.fastq']
      right reads: ['/home/bofosu/rna_seq_analysis/TESTS/SRR5660044_2.fastq']
      interlaced reads: not specified
      single reads: not specified
      merged reads: not specified
Assembly parameters:
  k: [127]
  Repeat resolution is enabled
  Mismatch careful mode is turned OFF
  MismatchCorrector will be SKIPPED
  Coverage cutoff is turned OFF
Other parameters:
  Dir for temp files: /home/bofosu/rna_seq_analysis/OUTPUTS/SPADES/SRR5660044/tmp
  Threads: 16
  Memory limit (in Gb): 250


======= SPAdes pipeline started. Log can be found here: /home/bofosu/rna_seq_analysis/OUTPUTS/SPADES/SRR5660044/spades.log


===== Before start started. 


===== Assembling started. 


===== K127 started. 


== Running: /usr/libexec/spades/spades-core /home/bofosu/rna_seq_analysis/OUTPUTS/SPADES/SRR5660044/K127/configs/config.info /home/bofosu/rna_seq_analysis/OUTPUTS/SPADES/SRR5660044/K127/configs/mda_mode.info /home/bofosu/rna_seq_analysis/OUTPUTS/SPADES/SRR5660044/K127/configs/rna_mode.info

  0:00:00.000     1M / 18M   INFO    General                 (main.cpp                  :  99)   Loaded config from /home/bofosu/rna_seq_analysis/OUTPUTS/SPADES/SRR5660044/K127/configs/config.info
  0:00:00.000     1M / 18M   INFO    General                 (main.cpp                  :  99)   Loaded config from /home/bofosu/rna_seq_analysis/OUTPUTS/SPADES/SRR5660044/K127/configs/mda_mode.info
  0:00:00.000     1M / 18M   INFO    General                 (main.cpp                  :  99)   Loaded config from /home/bofosu/rna_seq_analysis/OUTPUTS/SPADES/SRR5660044/K127/configs/rna_mode.info
  0:00:00.000     1M / 18M   INFO    General                 (memory_limit.cpp          :  54)   Memory limit set to 250 Gb
  0:00:00.000     1M / 18M   INFO    General                 (main.cpp                  : 107)   Starting SPAdes, built from N/A, git revision N/A
  0:00:00.000     1M / 18M   INFO    General                 (main.cpp                  : 108)   Maximum k-mer length: 128
  0:00:00.000     1M / 18M   INFO    General                 (main.cpp                  : 109)   Assembling dataset (/home/bofosu/rna_seq_analysis/OUTPUTS/SPADES/SRR5660044/dataset.info) with K=127
  0:00:00.000     1M / 18M   INFO    General                 (main.cpp                  : 110)   Maximum # of threads to use (adjusted due to OMP capabilities): 1
  0:00:00.000     1M / 18M   INFO    General                 (pipeline.cpp              : 212)   SPAdes started
  0:00:00.000     1M / 18M   INFO    General                 (pipeline.cpp              : 225)   Starting from stage: read_conversion
  0:00:00.000     1M / 18M   INFO    General                 (pipeline.cpp              : 231)   Two-step repeat resolution disabled
  0:00:00.000     1M / 18M   INFO   GraphCore                (graph_core.hpp            : 672)   Graph created, vertex min_id: 3, edge min_id: 3
  0:00:00.000     1M / 18M   INFO   GraphCore                (graph_core.hpp            : 673)   Vertex size: 48, edge size: 40
  0:00:00.000     1M / 18M   INFO    General                 (edge_index.hpp            : 113)   Size of edge index entries: 12/8
  0:00:00.000     1M / 18M   INFO    General                 (pipeline.cpp              : 242)   Will need read mapping, kmer mapper will be attached
  0:00:00.000     1M / 18M   INFO   StageManager             (stage.cpp                 : 185)   STAGE == Binary Read Conversion (id: read_conversion)
  0:00:00.000     1M / 18M   INFO    General                 (read_converter.cpp        :  72)   Converting reads to binary format for library #0 (takes a while)
  0:00:00.000     1M / 18M   INFO    General                 (read_converter.cpp        :  73)   Converting paired reads
  0:00:00.071    23M / 23M   INFO    General                 (binary_converter.cpp      : 111)   10000 reads written
  0:00:00.071     1M / 18M   INFO    General                 (read_converter.cpp        :  86)   Converting single reads
  0:00:00.071    11M / 18M   INFO    General                 (binary_converter.cpp      : 111)   0 reads written
  0:00:00.071     1M / 18M   INFO    General                 (read_converter.cpp        :  92)   Converting merged reads
  0:00:00.071    11M / 18M   INFO    General                 (binary_converter.cpp      : 111)   0 reads written
  0:00:00.071     1M / 18M   INFO   StageManager             (stage.cpp                 : 185)   STAGE == de Bruijn graph construction (id: construction)
  0:00:00.072     1M / 18M   INFO    General                 (construction.cpp          : 153)   Max read length 151
  0:00:00.072     1M / 18M   INFO    General                 (construction.cpp          : 159)   Average read length 147.953
  0:00:00.072     1M / 18M   INFO    General                 (stage.cpp                 : 117)   PROCEDURE == k+1-mer counting (id: construction:kpomer_counting)
  0:00:00.072     1M / 18M   INFO    General                 (kmer_index_builder.hpp    : 243)   Splitting kmer instances into 10 files using 1 threads. This might take a while.
  0:00:00.072     1M / 18M   INFO    General                 (file_limit.hpp            :  42)   Open file limit set to 1048576
  0:00:00.072     1M / 18M   INFO    General                 (kmer_splitter.hpp         :  93)   Memory available for splitting buffers: 83.3333 Gb
  0:00:00.072     1M / 18M   INFO    General                 (kmer_splitter.hpp         : 101)   Using cell size of 1677721
  0:00:00.215   601M / 601M  INFO    General                 (kmer_splitters.hpp        : 125)   Processed 40000 reads
  0:00:00.216     1M / 26M   INFO    General                 (kmer_splitters.hpp        : 131)   Used 40000 reads
  0:00:00.217     1M / 26M   INFO    General                 (kmer_index_builder.hpp    : 249)   Starting k-mer counting.
  0:00:00.232     1M / 26M   INFO    General                 (kmer_index_builder.hpp    : 260)   K-mer counting done. There are 286929 kmers in total.
  0:00:00.232     1M / 26M   INFO    General                 (stage.cpp                 : 117)   PROCEDURE == Extension index construction (id: construction:extension_index_construction)
  0:00:00.232     1M / 26M   INFO   K-mer Index Building     (kmer_index_builder.hpp    : 438)   Building kmer index
  0:00:00.232     1M / 26M   INFO    General                 (kmer_index_builder.hpp    : 243)   Splitting kmer instances into 10 files using 1 threads. This might take a while.
  0:00:00.232     1M / 26M   INFO    General                 (file_limit.hpp            :  42)   Open file limit set to 1048576
  0:00:00.232     1M / 26M   INFO    General                 (kmer_splitter.hpp         :  93)   Memory available for splitting buffers: 83.3333 Gb
  0:00:00.232     1M / 26M   INFO    General                 (kmer_splitter.hpp         : 101)   Using cell size of 1677721
  0:00:00.410   601M / 601M  INFO    General                 (kmer_splitters.hpp        : 194)   Processed 286929 kmers
  0:00:00.410   601M / 601M  INFO    General                 (kmer_splitters.hpp        : 199)   Used 286929 kmers.
  0:00:00.410     1M / 42M   INFO    General                 (kmer_index_builder.hpp    : 249)   Starting k-mer counting.
  0:00:00.426     1M / 42M   INFO    General                 (kmer_index_builder.hpp    : 260)   K-mer counting done. There are 296962 kmers in total.
  0:00:00.426     1M / 42M   INFO   K-mer Index Building     (kmer_index_builder.hpp    : 395)   Building perfect hash indices
  0:00:00.471     1M / 42M   INFO   K-mer Index Building     (kmer_index_builder.hpp    : 431)   Index built. Total 296962 kmers, 222016 bytes occupied (5.98099 bits per kmer).
  0:00:00.471     1M / 42M   INFO    General                 (kmer_index_builder.hpp    : 169)   Merging final buckets.
  0:00:00.520     1M / 42M   INFO   DeBruijnExtensionIndexBu (kmer_extension_index_build: 100)   Building k-mer extensions from k+1-mers
  0:00:00.619     1M / 42M   INFO   DeBruijnExtensionIndexBu (kmer_extension_index_build: 105)   Building k-mer extensions from k+1-mers finished.
  0:00:00.619     1M / 42M   INFO    General                 (stage.cpp                 : 117)   PROCEDURE == Early A/T remover (id: construction:early_at_remover)
  0:00:00.619     1M / 42M   INFO   Early A/T remover        (early_simplification.hpp  : 176)   Remove short poly A/T edges
  0:00:00.709     1M / 42M   INFO   Early A/T remover        (early_simplification.hpp  : 254)   Links removed: 0
  0:00:00.709     1M / 42M   INFO   Early A/T remover        (early_simplification.hpp  : 179)   0 128-mers were removed by early poly A/T remover
  0:00:00.710     1M / 42M   INFO   Early A/T remover        (early_simplification.hpp  : 262)   Remove poly A/T tips
  0:00:00.875     1M / 42M   INFO   Early A/T remover        (early_simplification.hpp  : 331)   Clipped tips: 27
  0:00:00.875     1M / 42M   INFO   Early A/T remover        (early_simplification.hpp  : 265)   195 128-mers were removed by early poly A/T tip clipper
  0:00:00.875     1M / 42M   INFO    General                 (stage.cpp                 : 117)   PROCEDURE == Condensing graph (id: construction:graph_condensing)
  0:00:00.875     1M / 42M   INFO   UnbranchingPathExtractor (debruijn_graph_constructor: 354)   Extracting unbranching paths
  0:00:01.032     2M / 42M   INFO   UnbranchingPathExtractor (debruijn_graph_constructor: 373)   Extracting unbranching paths finished. 13409 sequences extracted
  0:00:01.129     2M / 42M   INFO   UnbranchingPathExtractor (debruijn_graph_constructor: 309)   Collecting perfect loops
  0:00:01.162     2M / 42M   INFO   UnbranchingPathExtractor (debruijn_graph_constructor: 342)   Collecting perfect loops finished. 0 loops collected
  0:00:01.163     2M / 42M   INFO    General                 (debruijn_graph_constructor: 487)   Total 26818 edges to create
  0:00:01.163     3M / 42M   INFO    General                 (debruijn_graph_constructor: 489)   Collecting link records
  0:00:01.181     4M / 42M   INFO    General                 (debruijn_graph_constructor: 491)   Ordering link records
  0:00:01.183     4M / 42M   INFO    General                 (debruijn_graph_constructor: 493)   Sorting done
  0:00:01.183     4M / 42M   INFO    General                 (debruijn_graph_constructor: 503)   Total 23442 vertices to create
  0:00:01.183     6M / 42M   INFO    General                 (debruijn_graph_constructor: 506)   Connecting the graph
  0:00:01.187     5M / 42M   INFO    General                 (stage.cpp                 : 117)   PROCEDURE == Filling coverage indices (PHM) (id: construction:coverage_filling_phm)
  0:00:01.187     5M / 42M   INFO   K-mer Index Building     (kmer_index_builder.hpp    : 395)   Building perfect hash indices
  0:00:01.230     6M / 42M   INFO   K-mer Index Building     (kmer_index_builder.hpp    : 431)   Index built. Total 286929 kmers, 214784 bytes occupied (5.98849 bits per kmer).
  0:00:01.231     7M / 42M   INFO    General                 (coverage_hash_map_builder.:  47)   Collecting k-mer coverage information from reads, this takes a while.
  0:00:01.323     7M / 42M   INFO    General                 (construction.cpp          : 430)   Filling coverage and flanking coverage from PHM
  0:00:01.431     7M / 42M   INFO    General                 (coverage_filling.hpp      :  82)   Processed 26818 edges
  0:00:01.436     5M / 42M   INFO   StageManager             (stage.cpp                 : 185)   STAGE == EC Threshold Finding (id: ec_threshold_finder)
  0:00:01.439     5M / 42M   INFO   ThresholdFinder          (ec_threshold_finder.hpp   : 119)   Bucket size: 5
  0:00:01.439     5M / 42M   INFO    General                 (genomic_info_filler.cpp   :  39)   Average edge coverage: 1.50692
  0:00:01.439     5M / 42M   INFO    General                 (genomic_info_filler.cpp   :  40)   Graph threshold: 17
  0:00:01.439     5M / 42M   INFO    General                 (genomic_info_filler.cpp   :  70)   EC coverage threshold value was calculated as 1.50692
  0:00:01.439     5M / 42M   INFO    General                 (genomic_info_filler.cpp   :  71)   Trusted kmer low bound: 0
  0:00:01.439     5M / 42M   INFO   StageManager             (stage.cpp                 : 185)   STAGE == Gap Closer (id: early_gapcloser)
  0:00:01.445    14M / 42M   INFO    General                 (edge_index.hpp            : 113)   Size of edge index entries: 12/8
  0:00:01.453    14M / 42M   INFO    General                 (gap_closer.cpp            : 101)   Total edges in tip neighborhood: 23033 out of 26818, length: 525536
  0:00:01.454    15M / 42M   INFO    General                 (edge_index.hpp            : 167)   Using small index (max_id = 26955)
  0:00:01.480    15M / 42M   INFO   K-mer Index Building     (kmer_index_builder.hpp    : 395)   Building perfect hash indices
  0:00:01.617    15M / 42M   INFO   K-mer Index Building     (kmer_index_builder.hpp    : 431)   Index built. Total 277357 kmers, 201080 bytes occupied (5.79989 bits per kmer).
  0:00:01.619    17M / 42M   INFO    General                 (edge_index_builders.hpp   : 265)   Collecting edge information from graph, this takes a while.
  0:00:01.736    17M / 42M   INFO    General                 (sequence_mapper_notifier.h:  95)   Total 10000 reads processed
  0:00:01.745    15M / 42M   INFO    General                 (gap_closer.cpp            : 452)   Initializing gap closer
  0:00:01.745    15M / 42M   INFO   GapCloser                (gap_closer.cpp            : 359)   Closing short gaps
  0:00:01.761    16M / 42M   INFO   GapCloser                (gap_closer.cpp            : 391)   Closing short gaps complete: filled 228 gaps after checking 703 candidates
  0:00:01.763    16M / 42M   INFO    General                 (gap_closer.cpp            : 456)   Gap closer done
  0:00:01.765     6M / 42M   INFO   StageManager             (stage.cpp                 : 185)   STAGE == Raw Simplification (id: raw_simplification)
  0:00:01.765     6M / 42M   INFO    General                 (simplification.cpp        : 106)   PROCEDURE == Initial cleaning
  0:00:01.765     6M / 42M   INFO   Simplification           (parallel_processing.hpp   : 167)   Running poly A/T short edge remover
  0:00:01.767     6M / 42M   INFO   Simplification           (parallel_processing.hpp   : 170)   poly A/T short edge remover triggered 0 times
  0:00:01.767     6M / 42M   INFO   Simplification           (parallel_processing.hpp   : 167)   Running poly A/T tip clipper
  0:00:01.772     6M / 42M   INFO   Simplification           (parallel_processing.hpp   : 170)   poly A/T tip clipper triggered 244 times
  0:00:01.772     6M / 42M   INFO    General                 (graph_simplification.hpp  : 703)   Removing loops and rc loops with erroneous connections
  0:00:01.779     6M / 42M   INFO   ECLoopRemover            (erroneous_connection_remov: 406)   Loops: accurately removed/deadend removed/other: 0/0/0
  0:00:01.779     6M / 42M   INFO   ECLoopRemover            (erroneous_connection_remov: 407)   RC loops: accurately removed/deadend removed/other: 0/0/0
  0:00:01.779     6M / 42M   INFO   StageManager             (stage.cpp                 : 185)   STAGE == Simplification (id: simplification)
  0:00:01.779     6M / 42M   INFO    General                 (simplification.cpp        : 368)   Graph simplification started
  0:00:01.779     6M / 42M   INFO    General                 (graph_simplification.hpp  : 634)   Creating parallel br instance
  0:00:01.779     6M / 42M   INFO   ConditionParser          (graph_simplification.hpp  : 179)   Creating relative coverage EC condition with threshold 1
  0:00:01.779     6M / 42M   INFO    General                 (simplification.cpp        : 373)   PROCEDURE == Simplification cycle, iteration 1
  0:00:01.779     6M / 42M   INFO   Simplification           (parallel_processing.hpp   : 167)   Running Tip clipper
  0:00:01.789     6M / 42M   INFO   Simplification           (parallel_processing.hpp   : 170)   Tip clipper triggered 1394 times
  0:00:01.789     6M / 42M   INFO   Simplification           (parallel_processing.hpp   : 167)   Running Dead end clipper
  0:00:01.792     6M / 42M   INFO   Simplification           (parallel_processing.hpp   : 170)   Dead end clipper triggered 117 times
  0:00:01.792     6M / 42M   INFO   Simplification           (parallel_processing.hpp   : 167)   Running Bulge remover
  0:00:01.794     6M / 42M   INFO   Simplification           (parallel_processing.hpp   : 170)   Bulge remover triggered 1 times
  0:00:01.794     6M / 42M   INFO   Simplification           (parallel_processing.hpp   : 167)   Running Tip clipper
  0:00:01.794     6M / 42M   INFO   Simplification           (parallel_processing.hpp   : 170)   Tip clipper triggered 0 times
  0:00:01.794     6M / 42M   INFO   Simplification           (parallel_processing.hpp   : 167)   Running Dead end clipper
  0:00:01.794     6M / 42M   INFO   Simplification           (parallel_processing.hpp   : 170)   Dead end clipper triggered 0 times
  0:00:01.794     6M / 42M   INFO   Simplification           (parallel_processing.hpp   : 167)   Running Bulge remover
  0:00:01.794     6M / 42M   INFO   Simplification           (parallel_processing.hpp   : 170)   Bulge remover triggered 0 times
  0:00:01.794     6M / 42M   INFO   Simplification           (parallel_processing.hpp   : 167)   Running Low coverage edge remover
  0:00:01.795     6M / 42M   INFO   ConditionParser          (graph_simplification.hpp  : 179)   Creating relative coverage EC condition with threshold 1
  0:00:01.795     6M / 42M   INFO   Simplification           (parallel_processing.hpp   : 170)   Low coverage edge remover triggered 2 times
  0:00:01.795     6M / 42M   INFO    General                 (simplification.cpp        : 373)   PROCEDURE == Simplification cycle, iteration 2
  0:00:01.795     6M / 42M   INFO   Simplification           (parallel_processing.hpp   : 167)   Running Tip clipper
  0:00:01.798     6M / 42M   INFO   Simplification           (parallel_processing.hpp   : 170)   Tip clipper triggered 10 times
  0:00:01.798     6M / 42M   INFO   Simplification           (parallel_processing.hpp   : 167)   Running Dead end clipper
  0:00:01.800     6M / 42M   INFO   Simplification           (parallel_processing.hpp   : 170)   Dead end clipper triggered 0 times
  0:00:01.800     6M / 42M   INFO   Simplification           (parallel_processing.hpp   : 167)   Running Bulge remover
  0:00:01.801     6M / 42M   INFO   Simplification           (parallel_processing.hpp   : 170)   Bulge remover triggered 0 times
  0:00:01.801     6M / 42M   INFO   Simplification           (parallel_processing.hpp   : 167)   Running Tip clipper
  0:00:01.801     6M / 42M   INFO   Simplification           (parallel_processing.hpp   : 170)   Tip clipper triggered 0 times
  0:00:01.801     6M / 42M   INFO   Simplification           (parallel_processing.hpp   : 167)   Running Dead end clipper
  0:00:01.801     6M / 42M   INFO   Simplification           (parallel_processing.hpp   : 170)   Dead end clipper triggered 0 times
  0:00:01.801     6M / 42M   INFO   Simplification           (parallel_processing.hpp   : 167)   Running Bulge remover
  0:00:01.801     6M / 42M   INFO   Simplification           (parallel_processing.hpp   : 170)   Bulge remover triggered 0 times
  0:00:01.801     6M / 42M   INFO   Simplification           (parallel_processing.hpp   : 167)   Running Low coverage edge remover
  0:00:01.803     6M / 42M   INFO   ConditionParser          (graph_simplification.hpp  : 179)   Creating relative coverage EC condition with threshold 1
  0:00:01.803     6M / 42M   INFO   Simplification           (parallel_processing.hpp   : 170)   Low coverage edge remover triggered 0 times
  0:00:01.803     6M / 42M   INFO    General                 (simplification.cpp        : 373)   PROCEDURE == Simplification cycle, iteration 3
  0:00:01.803     6M / 42M   INFO   Simplification           (parallel_processing.hpp   : 167)   Running Tip clipper
  0:00:01.805     6M / 42M   INFO   Simplification           (parallel_processing.hpp   : 170)   Tip clipper triggered 0 times
  0:00:01.805     6M / 42M   INFO   Simplification           (parallel_processing.hpp   : 167)   Running Dead end clipper
  0:00:01.807     6M / 42M   INFO   Simplification           (parallel_processing.hpp   : 170)   Dead end clipper triggered 0 times
  0:00:01.807     6M / 42M   INFO   Simplification           (parallel_processing.hpp   : 167)   Running Bulge remover
  0:00:01.808     6M / 42M   INFO   Simplification           (parallel_processing.hpp   : 170)   Bulge remover triggered 0 times
  0:00:01.809     6M / 42M   INFO   Simplification           (parallel_processing.hpp   : 167)   Running Low coverage edge remover
  0:00:01.810     6M / 42M   INFO   ConditionParser          (graph_simplification.hpp  : 179)   Creating relative coverage EC condition with threshold 1
  0:00:01.810     6M / 42M   INFO   Simplification           (parallel_processing.hpp   : 170)   Low coverage edge remover triggered 0 times
  0:00:01.810     6M / 42M   INFO    General                 (simplification.cpp        : 373)   PROCEDURE == Simplification cycle, iteration 4
  0:00:01.810     6M / 42M   INFO   Simplification           (parallel_processing.hpp   : 167)   Running Tip clipper
  0:00:01.812     6M / 42M   INFO   Simplification           (parallel_processing.hpp   : 170)   Tip clipper triggered 0 times
  0:00:01.812     6M / 42M   INFO   Simplification           (parallel_processing.hpp   : 167)   Running Dead end clipper
  0:00:01.814     6M / 42M   INFO   Simplification           (parallel_processing.hpp   : 170)   Dead end clipper triggered 0 times
  0:00:01.814     6M / 42M   INFO   Simplification           (parallel_processing.hpp   : 167)   Running Bulge remover
  0:00:01.816     6M / 42M   INFO   Simplification           (parallel_processing.hpp   : 170)   Bulge remover triggered 0 times
  0:00:01.816     6M / 42M   INFO   Simplification           (parallel_processing.hpp   : 167)   Running Low coverage edge remover
  0:00:01.817     6M / 42M   INFO   ConditionParser          (graph_simplification.hpp  : 179)   Creating relative coverage EC condition with threshold 1
  0:00:01.817     6M / 42M   INFO   Simplification           (parallel_processing.hpp   : 170)   Low coverage edge remover triggered 0 times
  0:00:01.817     6M / 42M   INFO    General                 (simplification.cpp        : 373)   PROCEDURE == Simplification cycle, iteration 5
  0:00:01.817     6M / 42M   INFO   Simplification           (parallel_processing.hpp   : 167)   Running Tip clipper
  0:00:01.819     6M / 42M   INFO   Simplification           (parallel_processing.hpp   : 170)   Tip clipper triggered 0 times
  0:00:01.819     6M / 42M   INFO   Simplification           (parallel_processing.hpp   : 167)   Running Dead end clipper
  0:00:01.821     6M / 42M   INFO   Simplification           (parallel_processing.hpp   : 170)   Dead end clipper triggered 0 times
  0:00:01.821     6M / 42M   INFO   Simplification           (parallel_processing.hpp   : 167)   Running Bulge remover
  0:00:01.823     6M / 42M   INFO   Simplification           (parallel_processing.hpp   : 170)   Bulge remover triggered 0 times
  0:00:01.823     6M / 42M   INFO   Simplification           (parallel_processing.hpp   : 167)   Running Low coverage edge remover
  0:00:01.825     6M / 42M   INFO   ConditionParser          (graph_simplification.hpp  : 179)   Creating relative coverage EC condition with threshold 1
  0:00:01.825     6M / 42M   INFO   Simplification           (parallel_processing.hpp   : 170)   Low coverage edge remover triggered 0 times
  0:00:01.825     6M / 42M   INFO    General                 (simplification.cpp        : 373)   PROCEDURE == Simplification cycle, iteration 6
  0:00:01.825     6M / 42M   INFO   Simplification           (parallel_processing.hpp   : 167)   Running Tip clipper
  0:00:01.827     6M / 42M   INFO   Simplification           (parallel_processing.hpp   : 170)   Tip clipper triggered 0 times
  0:00:01.827     6M / 42M   INFO   Simplification           (parallel_processing.hpp   : 167)   Running Dead end clipper
  0:00:01.829     6M / 42M   INFO   Simplification           (parallel_processing.hpp   : 170)   Dead end clipper triggered 0 times
  0:00:01.829     6M / 42M   INFO   Simplification           (parallel_processing.hpp   : 167)   Running Bulge remover
  0:00:01.830     6M / 42M   INFO   Simplification           (parallel_processing.hpp   : 170)   Bulge remover triggered 0 times
  0:00:01.830     6M / 42M   INFO   Simplification           (parallel_processing.hpp   : 167)   Running Low coverage edge remover
  0:00:01.832     6M / 42M   INFO   ConditionParser          (graph_simplification.hpp  : 179)   Creating relative coverage EC condition with threshold 1
  0:00:01.832     6M / 42M   INFO   Simplification           (parallel_processing.hpp   : 170)   Low coverage edge remover triggered 0 times
  0:00:01.832     6M / 42M   INFO    General                 (simplification.cpp        : 373)   PROCEDURE == Simplification cycle, iteration 7
  0:00:01.832     6M / 42M   INFO   Simplification           (parallel_processing.hpp   : 167)   Running Tip clipper
  0:00:01.834     6M / 42M   INFO   Simplification           (parallel_processing.hpp   : 170)   Tip clipper triggered 0 times
  0:00:01.834     6M / 42M   INFO   Simplification           (parallel_processing.hpp   : 167)   Running Dead end clipper
  0:00:01.836     6M / 42M   INFO   Simplification           (parallel_processing.hpp   : 170)   Dead end clipper triggered 0 times
  0:00:01.836     6M / 42M   INFO   Simplification           (parallel_processing.hpp   : 167)   Running Bulge remover
  0:00:01.838     6M / 42M   INFO   Simplification           (parallel_processing.hpp   : 170)   Bulge remover triggered 0 times
  0:00:01.838     6M / 42M   INFO   Simplification           (parallel_processing.hpp   : 167)   Running Low coverage edge remover
  0:00:01.839     6M / 42M   INFO   ConditionParser          (graph_simplification.hpp  : 179)   Creating relative coverage EC condition with threshold 1
  0:00:01.839     6M / 42M   INFO   Simplification           (parallel_processing.hpp   : 170)   Low coverage edge remover triggered 0 times
  0:00:01.839     6M / 42M   INFO    General                 (simplification.cpp        : 373)   PROCEDURE == Simplification cycle, iteration 8
  0:00:01.839     6M / 42M   INFO   Simplification           (parallel_processing.hpp   : 167)   Running Tip clipper
  0:00:01.841     6M / 42M   INFO   Simplification           (parallel_processing.hpp   : 170)   Tip clipper triggered 0 times
  0:00:01.841     6M / 42M   INFO   Simplification           (parallel_processing.hpp   : 167)   Running Dead end clipper
  0:00:01.843     6M / 42M   INFO   Simplification           (parallel_processing.hpp   : 170)   Dead end clipper triggered 0 times
  0:00:01.843     6M / 42M   INFO   Simplification           (parallel_processing.hpp   : 167)   Running Bulge remover
  0:00:01.845     6M / 42M   INFO   Simplification           (parallel_processing.hpp   : 170)   Bulge remover triggered 0 times
  0:00:01.845     6M / 42M   INFO   Simplification           (parallel_processing.hpp   : 167)   Running Low coverage edge remover
  0:00:01.846     6M / 42M   INFO   ConditionParser          (graph_simplification.hpp  : 179)   Creating relative coverage EC condition with threshold 1
  0:00:01.846     6M / 42M   INFO   Simplification           (parallel_processing.hpp   : 170)   Low coverage edge remover triggered 0 times
  0:00:01.846     6M / 42M   INFO    General                 (simplification.cpp        : 373)   PROCEDURE == Simplification cycle, iteration 9
  0:00:01.846     6M / 42M   INFO   Simplification           (parallel_processing.hpp   : 167)   Running Tip clipper
  0:00:01.848     6M / 42M   INFO   Simplification           (parallel_processing.hpp   : 170)   Tip clipper triggered 0 times
  0:00:01.848     6M / 42M   INFO   Simplification           (parallel_processing.hpp   : 167)   Running Dead end clipper
  0:00:01.851     6M / 42M   INFO   Simplification           (parallel_processing.hpp   : 170)   Dead end clipper triggered 0 times
  0:00:01.851     6M / 42M   INFO   Simplification           (parallel_processing.hpp   : 167)   Running Bulge remover
  0:00:01.852     6M / 42M   INFO   Simplification           (parallel_processing.hpp   : 170)   Bulge remover triggered 0 times
  0:00:01.852     6M / 42M   INFO   Simplification           (parallel_processing.hpp   : 167)   Running Low coverage edge remover
  0:00:01.854     6M / 42M   INFO   ConditionParser          (graph_simplification.hpp  : 179)   Creating relative coverage EC condition with threshold 1
  0:00:01.854     6M / 42M   INFO   Simplification           (parallel_processing.hpp   : 170)   Low coverage edge remover triggered 0 times
  0:00:01.854     6M / 42M   INFO    General                 (simplification.cpp        : 373)   PROCEDURE == Simplification cycle, iteration 10
  0:00:01.854     6M / 42M   INFO   Simplification           (parallel_processing.hpp   : 167)   Running Tip clipper
  0:00:01.856     6M / 42M   INFO   Simplification           (parallel_processing.hpp   : 170)   Tip clipper triggered 0 times
  0:00:01.856     6M / 42M   INFO   Simplification           (parallel_processing.hpp   : 167)   Running Dead end clipper
  0:00:01.858     6M / 42M   INFO   Simplification           (parallel_processing.hpp   : 170)   Dead end clipper triggered 0 times
  0:00:01.858     6M / 42M   INFO   Simplification           (parallel_processing.hpp   : 167)   Running Bulge remover
  0:00:01.859     6M / 42M   INFO   Simplification           (parallel_processing.hpp   : 170)   Bulge remover triggered 0 times
  0:00:01.859     6M / 42M   INFO   Simplification           (parallel_processing.hpp   : 167)   Running Low coverage edge remover
  0:00:01.861     6M / 42M   INFO   ConditionParser          (graph_simplification.hpp  : 179)   Creating relative coverage EC condition with threshold 1
  0:00:01.861     6M / 42M   INFO   Simplification           (parallel_processing.hpp   : 170)   Low coverage edge remover triggered 0 times
  0:00:01.861     6M / 42M   INFO    General                 (simplification.cpp        : 373)   PROCEDURE == Simplification cycle, iteration 11
  0:00:01.861     6M / 42M   INFO   Simplification           (parallel_processing.hpp   : 167)   Running Tip clipper
  0:00:01.863     6M / 42M   INFO   Simplification           (parallel_processing.hpp   : 170)   Tip clipper triggered 0 times
  0:00:01.863     6M / 42M   INFO   Simplification           (parallel_processing.hpp   : 167)   Running Dead end clipper
  0:00:01.865     6M / 42M   INFO   Simplification           (parallel_processing.hpp   : 170)   Dead end clipper triggered 0 times
  0:00:01.865     6M / 42M   INFO   Simplification           (parallel_processing.hpp   : 167)   Running Bulge remover
  0:00:01.867     6M / 42M   INFO   Simplification           (parallel_processing.hpp   : 170)   Bulge remover triggered 0 times
  0:00:01.867     6M / 42M   INFO   Simplification           (parallel_processing.hpp   : 167)   Running Low coverage edge remover
  0:00:01.868     6M / 42M   INFO   ConditionParser          (graph_simplification.hpp  : 179)   Creating relative coverage EC condition with threshold 1
  0:00:01.868     6M / 42M   INFO   Simplification           (parallel_processing.hpp   : 170)   Low coverage edge remover triggered 0 times
  0:00:01.869     6M / 42M   INFO   StageManager             (stage.cpp                 : 185)   STAGE == Gap Closer (id: late_gapcloser)
  0:00:01.873    15M / 42M   INFO    General                 (edge_index.hpp            : 113)   Size of edge index entries: 12/8
  0:00:01.880    15M / 42M   INFO    General                 (gap_closer.cpp            : 101)   Total edges in tip neighborhood: 19579 out of 19584, length: 550453
  0:00:01.880    15M / 42M   INFO    General                 (edge_index.hpp            : 167)   Using small index (max_id = 53907)
  0:00:01.904    15M / 42M   INFO   K-mer Index Building     (kmer_index_builder.hpp    : 395)   Building perfect hash indices
  0:00:02.705    16M / 42M   INFO   K-mer Index Building     (kmer_index_builder.hpp    : 431)   Index built. Total 275993 kmers, 344366 bytes occupied (9.98188 bits per kmer).
  0:00:02.706    18M / 42M   INFO    General                 (edge_index_builders.hpp   : 265)   Collecting edge information from graph, this takes a while.
  0:00:02.815    19M / 42M   INFO    General                 (sequence_mapper_notifier.h:  95)   Total 10000 reads processed
  0:00:02.824    16M / 42M   INFO    General                 (gap_closer.cpp            : 452)   Initializing gap closer
  0:00:02.824    16M / 42M   INFO   GapCloser                (gap_closer.cpp            : 359)   Closing short gaps
  0:00:02.833    16M / 42M   INFO   GapCloser                (gap_closer.cpp            : 391)   Closing short gaps complete: filled 37 gaps after checking 176 candidates
  0:00:02.834    16M / 42M   INFO    General                 (gap_closer.cpp            : 456)   Gap closer done
  0:00:02.836     6M / 42M   INFO   StageManager             (stage.cpp                 : 185)   STAGE == Simplification Cleanup (id: simplification_cleanup)
  0:00:02.836     6M / 42M   INFO    General                 (simplification.cpp        : 176)   PROCEDURE == Post simplification
  0:00:02.836     6M / 42M   INFO    General                 (graph_simplification.hpp  : 448)   Disconnection of relatively low covered edges disabled
  0:00:02.836     6M / 42M   INFO    General                 (graph_simplification.hpp  : 485)   Complex tip clipping disabled
  0:00:02.836     6M / 42M   INFO    General                 (graph_simplification.hpp  : 634)   Creating parallel br instance
  0:00:02.836     6M / 42M   INFO    General                 (graph_simplification.hpp  : 634)   Creating parallel br instance
  0:00:02.836     6M / 42M   INFO   Simplification           (parallel_processing.hpp   : 167)   Running Relative coverage erroneous connection remover
  0:00:02.839     6M / 42M   INFO   Simplification           (parallel_processing.hpp   : 170)   Relative coverage erroneous connection remover triggered 0 times
  0:00:02.839     6M / 42M   INFO   Simplification           (parallel_processing.hpp   : 167)   Running Relative coverage component remover
  0:00:02.841     6M / 42M   INFO   Simplification           (parallel_processing.hpp   : 170)   Relative coverage component remover triggered 1 times
  0:00:02.841     6M / 42M   INFO   Simplification           (parallel_processing.hpp   : 167)   Running Complex bulge remover
  0:00:02.882     6M / 42M   INFO   Simplification           (parallel_processing.hpp   : 170)   Complex bulge remover triggered 0 times
  0:00:02.882     6M / 42M   INFO   Simplification           (parallel_processing.hpp   : 167)   Running Tip clipper
  0:00:02.884     6M / 42M   INFO   Simplification           (parallel_processing.hpp   : 170)   Tip clipper triggered 1 times
  0:00:02.884     6M / 42M   INFO   Simplification           (parallel_processing.hpp   : 167)   Running Final tip clipper
  0:00:02.886     6M / 42M   INFO   Simplification           (parallel_processing.hpp   : 170)   Final tip clipper triggered 5 times
  0:00:02.886     6M / 42M   INFO   Simplification           (parallel_processing.hpp   : 167)   Running Bulge remover
  0:00:02.888     6M / 42M   INFO   Simplification           (parallel_processing.hpp   : 170)   Bulge remover triggered 0 times
  0:00:02.888     6M / 42M   INFO   Simplification           (parallel_processing.hpp   : 167)   Running Final bulge remover
  0:00:02.889     6M / 42M   INFO   Simplification           (parallel_processing.hpp   : 170)   Final bulge remover triggered 0 times
  0:00:02.889     6M / 42M   INFO   Simplification           (parallel_processing.hpp   : 167)   Running AT Tips
  0:00:02.893     6M / 42M   INFO   Simplification           (parallel_processing.hpp   : 170)   AT Tips triggered 0 times
  0:00:02.893     6M / 42M   INFO   Simplification           (parallel_processing.hpp   : 167)   Running Relative coverage erroneous connection remover
  0:00:02.896     6M / 42M   INFO   Simplification           (parallel_processing.hpp   : 170)   Relative coverage erroneous connection remover triggered 0 times
  0:00:02.896     6M / 42M   INFO   Simplification           (parallel_processing.hpp   : 167)   Running Relative coverage component remover
  0:00:02.898     6M / 42M   INFO   Simplification           (parallel_processing.hpp   : 170)   Relative coverage component remover triggered 0 times
  0:00:02.898     6M / 42M   INFO   Simplification           (parallel_processing.hpp   : 167)   Running Complex bulge remover
  0:00:02.940     6M / 42M   INFO   Simplification           (parallel_processing.hpp   : 170)   Complex bulge remover triggered 0 times
  0:00:02.940     6M / 42M   INFO   Simplification           (parallel_processing.hpp   : 167)   Running Tip clipper
  0:00:02.942     6M / 42M   INFO   Simplification           (parallel_processing.hpp   : 170)   Tip clipper triggered 0 times
  0:00:02.942     6M / 42M   INFO   Simplification           (parallel_processing.hpp   : 167)   Running Final tip clipper
  0:00:02.944     6M / 42M   INFO   Simplification           (parallel_processing.hpp   : 170)   Final tip clipper triggered 0 times
  0:00:02.944     6M / 42M   INFO   Simplification           (parallel_processing.hpp   : 167)   Running Bulge remover
  0:00:02.945     6M / 42M   INFO   Simplification           (parallel_processing.hpp   : 170)   Bulge remover triggered 0 times
  0:00:02.946     6M / 42M   INFO   Simplification           (parallel_processing.hpp   : 167)   Running Final bulge remover
  0:00:02.947     6M / 42M   INFO   Simplification           (parallel_processing.hpp   : 170)   Final bulge remover triggered 0 times
  0:00:02.947     6M / 42M   INFO   Simplification           (parallel_processing.hpp   : 167)   Running AT Tips
  0:00:02.951     6M / 42M   INFO   Simplification           (parallel_processing.hpp   : 170)   AT Tips triggered 0 times
  0:00:02.951     6M / 42M   INFO    General                 (simplification.cpp        : 327)   Disrupting self-conjugate edges
  0:00:02.954     6M / 42M   INFO   Simplification           (parallel_processing.hpp   : 167)   Running Removing isolated edges
  0:00:02.966     5M / 42M   INFO   Simplification           (parallel_processing.hpp   : 170)   Removing isolated edges triggered 9473 times
  0:00:02.967     5M / 42M   INFO    General                 (simplification.cpp        : 495)   After simplification:
  0:00:02.967     5M / 42M   INFO    General                 (simplification.cpp        : 496)     Average coverage = 4.11342
  0:00:02.967     5M / 42M   INFO    General                 (simplification.cpp        : 497)     Total length = 36009
  0:00:02.967     5M / 42M   INFO    General                 (simplification.cpp        : 498)     Median edge length: 202
  0:00:02.967     5M / 42M   INFO    General                 (simplification.cpp        : 499)     Edges: 540
  0:00:02.967     5M / 42M   INFO    General                 (simplification.cpp        : 500)     Vertices: 1080
  0:00:02.967     5M / 42M   INFO   StageManager             (stage.cpp                 : 185)   STAGE == Mismatch Correction (id: mismatch_correction)
  0:00:02.967     5M / 42M   INFO    General                 (graph_pack.cpp            :  67)   Index refill
  0:00:02.967     5M / 42M   INFO    General                 (edge_index.hpp            : 156)   Using small index (max_id = 53907)
  0:00:02.970     5M / 42M   INFO   K-mer Index Building     (kmer_index_builder.hpp    : 395)   Building perfect hash indices
  0:00:03.067     5M / 42M   INFO   K-mer Index Building     (kmer_index_builder.hpp    : 431)   Index built. Total 36009 kmers, 72506 bytes occupied (16.1084 bits per kmer).
  0:00:03.067     6M / 42M   INFO    General                 (edge_index_builders.hpp   : 252)   Collecting edge information from graph, this takes a while.
  0:00:03.072     6M / 42M   INFO    General                 (graph_pack.cpp            :  77)   Normalizing k-mer map. Total 256 kmers to process
  0:00:03.072     6M / 42M   INFO    General                 (graph_pack.cpp            :  79)   Normalizing done
  0:00:03.072     6M / 42M   INFO    General                 (mismatch_correction.cpp   : 400)   Collect potential mismatches
  0:00:03.073     6M / 42M   INFO    General                 (mismatch_correction.cpp   : 192)   Total 2 edges (out of 540) with 2 potential mismatch positions (1 positions per edge)
  0:00:03.073     6M / 42M   INFO    General                 (mismatch_correction.cpp   : 402)   Potential mismatches collected
  0:00:03.276     6M / 42M   INFO    General                 (sequence_mapper_notifier.h:  95)   Total 40000 reads processed
  0:00:03.276     6M / 42M   INFO    General                 (mismatch_correction.cpp   : 395)   All edges processed
  0:00:03.276     6M / 42M   INFO    General                 (mismatch_correction.cpp   : 450)   Corrected 0 nucleotides
  0:00:03.276     6M / 42M   INFO   StageManager             (stage.cpp                 : 185)   STAGE == Contig Output (id: contig_output)
  0:00:03.276     6M / 42M   INFO    General                 (contig_output.hpp         :  16)   Outputting contigs to /home/bofosu/rna_seq_analysis/OUTPUTS/SPADES/SRR5660044/K127/before_rr.fasta
  0:00:03.278     6M / 42M   INFO    General                 (contig_output_stage.cpp   : 151)   Writing GFA graph to /home/bofosu/rna_seq_analysis/OUTPUTS/SPADES/SRR5660044/K127/assembly_graph_after_simplification.gfa
  0:00:03.279     6M / 42M   INFO   StageManager             (stage.cpp                 : 185)   STAGE == Paired Information Counting (id: late_pair_info_count)
  0:00:03.280     6M / 42M   INFO    General                 (graph_pack.cpp            :  77)   Normalizing k-mer map. Total 256 kmers to process
  0:00:03.280     6M / 42M   INFO    General                 (graph_pack.cpp            :  79)   Normalizing done
  0:00:03.280     6M / 42M   INFO    General                 (pair_info_count.cpp       : 339)   Min edge length for estimation: 500
  0:00:03.280     6M / 42M   INFO    General                 (pair_info_count.cpp       : 350)   Estimating insert size for library #0
  0:00:03.280     6M / 42M   INFO    General                 (pair_info_count.cpp       : 202)   Estimating insert size (takes a while)
  0:00:03.303    38M / 71M   INFO    General                 (pair_info_count.cpp       :  48)   Selecting usual mapper
  0:00:03.436    38M / 71M   INFO    General                 (sequence_mapper_notifier.h:  95)   Total 10000 reads processed
  0:00:03.550    38M / 71M   INFO    General                 (pair_info_count.cpp       : 220)   Edge pairs: 319
  0:00:03.550    38M / 71M   INFO    General                 (pair_info_count.cpp       : 222)   1227 paired reads (12.27% of all) aligned to long edges
  0:00:03.550     6M / 71M   INFO    General                 (pair_info_count.cpp       : 369)     Insert size = 226.883, deviation = 67.9412, left quantile = 150, right quantile = 321, read length = 151
  0:00:03.551     6M / 71M   INFO    General                 (pair_info_count.cpp       : 402)   Mapping library #0
  0:00:03.551     6M / 71M   INFO    General                 (pair_info_count.cpp       : 404)   Mapping paired reads (takes a while)
  0:00:03.551     6M / 71M   INFO    General                 (pair_info_count.cpp       : 299)   Left insert size quantile 150, right insert size quantile 321, filtering threshold 0, rounding threshold 0
  0:00:03.555    15M / 73M   INFO    General                 (pair_info_count.cpp       :  48)   Selecting usual mapper
  0:00:03.661    15M / 73M   INFO    General                 (sequence_mapper_notifier.h:  95)   Total 10000 reads processed
  0:00:03.665     6M / 73M   INFO    General                 (pair_info_count.cpp       : 411)   Mapping single reads of library #0
  0:00:03.665     6M / 73M   INFO    General                 (pair_info_count.cpp       : 266)   Will calculate lib coverage as well
  0:00:03.665     6M / 73M   INFO    General                 (pair_info_count.cpp       :  48)   Selecting usual mapper
  0:00:03.770     6M / 73M   INFO    General                 (sequence_mapper_notifier.h:  95)   Total 20000 reads processed
  0:00:03.770     6M / 73M   INFO    General                 (pair_info_count.cpp       : 413)   Total paths obtained from single reads: 0
  0:00:03.770     6M / 73M   INFO   StageManager             (stage.cpp                 : 185)   STAGE == Distance Estimation (id: distance_estimation)
  0:00:03.770     6M / 73M   INFO    General                 (distance_estimation.cpp   : 179)   Processing library #0
  0:00:03.770     6M / 73M   INFO    General                 (distance_estimation.cpp   : 150)   Weight Filter Done
  0:00:03.771     6M / 74M   INFO   DistanceEstimator        (distance_estimation.hpp   : 116)   Using SIMPLE distance estimator
  0:00:03.772     6M / 74M   INFO    General                 (distance_estimation.cpp   :  37)   Filtering info
  0:00:03.772     6M / 74M   INFO    General                 (pair_info_filters.hpp     : 242)   Start filtering; library index size: 540
  0:00:03.772     6M / 74M   INFO    General                 (pair_info_filters.hpp     : 263)   Done filtering; library index size: 268
  0:00:03.772     6M / 74M   INFO    General                 (distance_estimation.cpp   : 156)   Refining clustered pair information
  0:00:03.772     6M / 74M   INFO    General                 (distance_estimation.cpp   : 158)   The refining of clustered pair information has been finished
  0:00:03.772     6M / 74M   INFO    General                 (distance_estimation.cpp   : 160)   Improving paired information
  0:00:03.773     6M / 74M   INFO   PairInfoImprover         (pair_info_improver.hpp    : 104)   Paired info stats: missing = 0; contradictional = 0
  0:00:03.773     6M / 74M   INFO   PairInfoImprover         (pair_info_improver.hpp    : 104)   Paired info stats: missing = 0; contradictional = 0
  0:00:03.773     6M / 74M   INFO   StageManager             (stage.cpp                 : 185)   STAGE == Repeat Resolving (id: repeat_resolving)
  0:00:03.773     6M / 74M   INFO    General                 (repeat_resolving.cpp      :  87)   Using Path-Extend repeat resolving
  0:00:03.773     6M / 74M   INFO    General                 (launcher.cpp              : 600)   ExSPAnder repeat resolving tool started
  0:00:03.774     7M / 74M   INFO    General                 (launcher.cpp              : 418)   Creating main extenders, unique edge length = 2000
  0:00:03.774     7M / 74M   INFO    General                 (extenders_logic.cpp       : 345)   Creating extender; library index size: 268
  0:00:03.774     7M / 74M   INFO    General                 (extenders_logic.cpp       : 345)   Creating extender; library index size: 268
  0:00:03.774     7M / 74M   INFO    General                 (extenders_logic.cpp       : 543)   Using 1 paired-end library
  0:00:03.774     7M / 74M   INFO    General                 (extenders_logic.cpp       : 544)   Using 1 paired-end scaffolding library
  0:00:03.774     7M / 74M   INFO    General                 (extenders_logic.cpp       : 545)   Using 0 single read libraries
  0:00:03.774     7M / 74M   INFO    General                 (launcher.cpp              : 447)   Total number of extenders is 5
  0:00:03.774     7M / 74M   INFO    General                 (path_extenders.cpp        :  36)   Processed 0 paths from 270 (0%)
  0:00:03.777     7M / 74M   INFO    General                 (path_extenders.cpp        :  36)   Processed 28 paths from 270 (10%)
  0:00:03.779     7M / 75M   INFO    General                 (path_extenders.cpp        :  36)   Processed 56 paths from 270 (20%)
  0:00:03.780     7M / 75M   INFO    General                 (path_extenders.cpp        :  36)   Processed 84 paths from 270 (31%)
  0:00:03.780     8M / 75M   INFO    General                 (path_extenders.cpp        :  36)   Processed 112 paths from 270 (41%)
  0:00:03.780     8M / 75M   INFO    General                 (path_extenders.cpp        :  34)   Processed 128 paths from 270 (47%)
  0:00:03.781     8M / 75M   INFO    General                 (path_extenders.cpp        :  36)   Processed 140 paths from 270 (51%)
  0:00:03.781     8M / 75M   INFO    General                 (path_extenders.cpp        :  36)   Processed 168 paths from 270 (62%)
  0:00:03.782     8M / 75M   INFO    General                 (path_extenders.cpp        :  36)   Processed 196 paths from 270 (72%)
  0:00:03.782     8M / 75M   INFO    General                 (path_extenders.cpp        :  36)   Processed 224 paths from 270 (82%)
  0:00:03.782     8M / 75M   INFO    General                 (path_extenders.cpp        :  36)   Processed 252 paths from 270 (93%)
  0:00:03.783     8M / 75M   INFO    General                 (path_extenders.cpp        :  34)   Processed 256 paths from 270 (94%)
  0:00:03.783     8M / 75M   INFO    General                 (launcher.cpp              : 250)   Finalizing paths
  0:00:03.783     8M / 75M   INFO    General                 (launcher.cpp              : 252)   Deduplicating paths
  0:00:03.783     8M / 75M   INFO    General                 (launcher.cpp              : 256)   Paths deduplicated
  0:00:03.783     8M / 75M   INFO    General                 (launcher.cpp              : 263)   Overlaps will not be removed
  0:00:03.783     8M / 75M   INFO    General                 (launcher.cpp              : 273)   Paths finalized
  0:00:03.783     8M / 75M   INFO    General                 (launcher.cpp              : 454)   Closing gaps in paths
  0:00:03.784     9M / 76M   INFO    General                 (launcher.cpp              : 484)   Gap closing completed
  0:00:03.784     9M / 76M   INFO    General                 (launcher.cpp              : 302)   Traversing tandem repeats
  0:00:03.785     9M / 76M   INFO    General                 (launcher.cpp              : 312)   Traversed 0 loops
  0:00:03.785     9M / 76M   INFO    General                 (launcher.cpp              : 250)   Finalizing paths
  0:00:03.785     9M / 76M   INFO    General                 (launcher.cpp              : 252)   Deduplicating paths
  0:00:03.785     9M / 76M   INFO    General                 (launcher.cpp              : 256)   Paths deduplicated
  0:00:03.785     9M / 76M   INFO    General                 (launcher.cpp              : 263)   Overlaps will not be removed
  0:00:03.785     9M / 76M   INFO    General                 (launcher.cpp              : 273)   Paths finalized
  0:00:03.785     9M / 76M   INFO    General                 (launcher.cpp              : 499)   Finalizing paths - hard
  0:00:03.786    10M / 76M   INFO    General                 (launcher.cpp              : 295)   Read length relative cutoff 1.5 converted to 99
  0:00:03.786    10M / 76M   INFO    General                 (launcher.cpp              : 296)   Read length absolute cutoff 130 bp converted to 99
  0:00:03.786    10M / 76M   INFO    General                 (launcher.cpp              : 297)   Length cutoff: 99
  0:00:03.786     9M / 76M   INFO    General                 (launcher.cpp              : 295)   Read length relative cutoff 2 converted to 175
  0:00:03.786     9M / 76M   INFO    General                 (launcher.cpp              : 296)   Read length absolute cutoff 180 bp converted to 175
  0:00:03.786     9M / 76M   INFO    General                 (launcher.cpp              : 297)   Length cutoff: 175
  0:00:03.786     9M / 76M   INFO    General                 (launcher.cpp              : 295)   Read length relative cutoff 2 converted to 175
  0:00:03.786     9M / 76M   INFO    General                 (launcher.cpp              : 296)   Read length absolute cutoff 180 bp converted to 175
  0:00:03.786     9M / 76M   INFO    General                 (launcher.cpp              : 297)   Length cutoff: 175
  0:00:03.786     9M / 76M   INFO    General                 (launcher.cpp              : 499)   Finalizing paths - soft
  0:00:03.787    10M / 76M   INFO    General                 (launcher.cpp              : 295)   Read length relative cutoff 1.05 converted to 31
  0:00:03.787    10M / 76M   INFO    General                 (launcher.cpp              : 296)   Read length absolute cutoff 85 bp converted to 31
  0:00:03.787    10M / 76M   INFO    General                 (launcher.cpp              : 297)   Length cutoff: 31
  0:00:03.787    10M / 76M   INFO    General                 (launcher.cpp              : 295)   Read length relative cutoff 1.5 converted to 99
  0:00:03.787    10M / 76M   INFO    General                 (launcher.cpp              : 296)   Read length absolute cutoff 130 bp converted to 99
  0:00:03.787    10M / 76M   INFO    General                 (launcher.cpp              : 297)   Length cutoff: 99
  0:00:03.787    10M / 76M   INFO    General                 (launcher.cpp              : 295)   Read length relative cutoff 1.2 converted to 54
  0:00:03.787    10M / 76M   INFO    General                 (launcher.cpp              : 296)   Read length absolute cutoff 100 bp converted to 54
  0:00:03.787    10M / 76M   INFO    General                 (launcher.cpp              : 297)   Length cutoff: 54
  0:00:03.788     9M / 76M   INFO    General                 (launcher.cpp              : 507)   Finalizing main paths
  0:00:03.788     9M / 76M   INFO    General                 (launcher.cpp              : 295)   Read length relative cutoff 1.3 converted to 69
  0:00:03.788     9M / 76M   INFO    General                 (launcher.cpp              : 296)   Read length absolute cutoff 110 bp converted to 69
  0:00:03.788     9M / 76M   INFO    General                 (launcher.cpp              : 297)   Length cutoff: 69
  0:00:03.788     9M / 76M   INFO    General                 (launcher.cpp              : 295)   Read length relative cutoff 1.6 converted to 114
  0:00:03.788     9M / 76M   INFO    General                 (launcher.cpp              : 296)   Read length absolute cutoff 140 bp converted to 114
  0:00:03.788     9M / 76M   INFO    General                 (launcher.cpp              : 297)   Length cutoff: 114
  0:00:03.788     9M / 76M   INFO    General                 (launcher.cpp              : 295)   Read length relative cutoff 1.5 converted to 99
  0:00:03.788     9M / 76M   INFO    General                 (launcher.cpp              : 296)   Read length absolute cutoff 130 bp converted to 99
  0:00:03.788     9M / 76M   INFO    General                 (launcher.cpp              : 297)   Length cutoff: 99
  0:00:03.788     9M / 76M   INFO    General                 (launcher.cpp              : 664)   ExSPAnder repeat resolving tool finished
  0:00:03.788     6M / 76M   INFO   StageManager             (stage.cpp                 : 185)   STAGE == Contig Output (id: contig_output)
  0:00:03.788     6M / 76M   INFO    General                 (contig_output.hpp         :  16)   Outputting contigs to /home/bofosu/rna_seq_analysis/OUTPUTS/SPADES/SRR5660044/K127/before_rr.fasta
  0:00:03.790     6M / 76M   INFO    General                 (contig_output_stage.cpp   : 151)   Writing GFA graph to /home/bofosu/rna_seq_analysis/OUTPUTS/SPADES/SRR5660044/K127/assembly_graph_with_scaffolds.gfa
  0:00:03.791     6M / 76M   INFO    General                 (contig_output_stage.cpp   : 165)   Outputting FastG graph to /home/bofosu/rna_seq_analysis/OUTPUTS/SPADES/SRR5660044/K127/assembly_graph.fastg
  0:00:03.794     6M / 76M   INFO    General                 (contig_output_stage.cpp   :  98)   Outputting contigs to /home/bofosu/rna_seq_analysis/OUTPUTS/SPADES/SRR5660044/K127/transcripts.fasta
  0:00:03.794     6M / 76M   INFO    General                 (contig_output_stage.cpp   : 104)   Outputting FastG paths to /home/bofosu/rna_seq_analysis/OUTPUTS/SPADES/SRR5660044/K127/transcripts.paths
  0:00:03.795     6M / 76M   INFO    General                 (contig_output_stage.cpp   : 111)   Populating GFA with scaffold paths
  0:00:03.795     6M / 76M   INFO    General                 (pipeline.cpp              : 287)   SPAdes finished
  0:00:03.795     1M / 76M   INFO    General                 (main.cpp                  : 136)   Assembling time: 0 hours 0 minutes 3 seconds

===== K127 finished. 


===== Copy files started. 


== Running: /usr/bin/python3 /usr/share/spades/spades_pipeline/scripts/copy_files.py /home/bofosu/rna_seq_analysis/OUTPUTS/SPADES/SRR5660044/K127/before_rr.fasta /home/bofosu/rna_seq_analysis/OUTPUTS/SPADES/SRR5660044/before_rr.fasta /home/bofosu/rna_seq_analysis/OUTPUTS/SPADES/SRR5660044/K127/assembly_graph_after_simplification.gfa /home/bofosu/rna_seq_analysis/OUTPUTS/SPADES/SRR5660044/assembly_graph_after_simplification.gfa /home/bofosu/rna_seq_analysis/OUTPUTS/SPADES/SRR5660044/K127/transcripts.fasta /home/bofosu/rna_seq_analysis/OUTPUTS/SPADES/SRR5660044/transcripts.fasta /home/bofosu/rna_seq_analysis/OUTPUTS/SPADES/SRR5660044/K127/transcripts.paths /home/bofosu/rna_seq_analysis/OUTPUTS/SPADES/SRR5660044/transcripts.paths /home/bofosu/rna_seq_analysis/OUTPUTS/SPADES/SRR5660044/K127/assembly_graph_with_scaffolds.gfa /home/bofosu/rna_seq_analysis/OUTPUTS/SPADES/SRR5660044/assembly_graph_with_scaffolds.gfa /home/bofosu/rna_seq_analysis/OUTPUTS/SPADES/SRR5660044/K127/assembly_graph.fastg /home/bofosu/rna_seq_analysis/OUTPUTS/SPADES/SRR5660044/assembly_graph.fastg /home/bofosu/rna_seq_analysis/OUTPUTS/SPADES/SRR5660044/K127/hard_filtered_final_paths.fasta /home/bofosu/rna_seq_analysis/OUTPUTS/SPADES/SRR5660044/hard_filtered_transcripts.fasta /home/bofosu/rna_seq_analysis/OUTPUTS/SPADES/SRR5660044/K127/soft_filtered_final_paths.fasta /home/bofosu/rna_seq_analysis/OUTPUTS/SPADES/SRR5660044/soft_filtered_transcripts.fasta


===== Copy files finished. 


===== Assembling finished. 


===== Breaking scaffolds started. 


== Running: /usr/bin/python3 /usr/share/spades/spades_pipeline/scripts/breaking_scaffolds_script.py --result_scaffolds_filename /home/bofosu/rna_seq_analysis/OUTPUTS/SPADES/SRR5660044/scaffolds.fasta --misc_dir /home/bofosu/rna_seq_analysis/OUTPUTS/SPADES/SRR5660044/misc --threshold_for_breaking_scaffolds 3


===== Breaking scaffolds finished. 


===== Terminate started. 


===== Terminate finished. 

 * Assembled transcripts are in /home/bofosu/rna_seq_analysis/OUTPUTS/SPADES/SRR5660044/transcripts.fasta
 * Paths in the assembly graph corresponding to the transcripts are in /home/bofosu/rna_seq_analysis/OUTPUTS/SPADES/SRR5660044/transcripts.paths
 * Hard filtered transcripts are in /home/bofosu/rna_seq_analysis/OUTPUTS/SPADES/SRR5660044/hard_filtered_transcripts.fasta
 * Soft filtered transcripts are in /home/bofosu/rna_seq_analysis/OUTPUTS/SPADES/SRR5660044/soft_filtered_transcripts.fasta
 * Assembly graph is in /home/bofosu/rna_seq_analysis/OUTPUTS/SPADES/SRR5660044/assembly_graph.fastg
 * Assembly graph in GFA format is in /home/bofosu/rna_seq_analysis/OUTPUTS/SPADES/SRR5660044/assembly_graph_with_scaffolds.gfa

======= SPAdes pipeline finished.

SPAdes log can be found here: /home/bofosu/rna_seq_analysis/OUTPUTS/SPADES/SRR5660044/spades.log

Thank you for using SPAdes!
